running egg_info
writing ../../build/qbert_py_laserfollow/qbert_py_laserfollow.egg-info/PKG-INFO
writing dependency_links to ../../build/qbert_py_laserfollow/qbert_py_laserfollow.egg-info/dependency_links.txt
writing entry points to ../../build/qbert_py_laserfollow/qbert_py_laserfollow.egg-info/entry_points.txt
writing requirements to ../../build/qbert_py_laserfollow/qbert_py_laserfollow.egg-info/requires.txt
writing top-level names to ../../build/qbert_py_laserfollow/qbert_py_laserfollow.egg-info/top_level.txt
reading manifest file '../../build/qbert_py_laserfollow/qbert_py_laserfollow.egg-info/SOURCES.txt'
writing manifest file '../../build/qbert_py_laserfollow/qbert_py_laserfollow.egg-info/SOURCES.txt'
running build
running build_py
running install
/usr/lib/python3/dist-packages/setuptools/command/install.py:34: SetuptoolsDeprecationWarning: setup.py install is deprecated. Use build and pip and other standards-based tools.
  warnings.warn(
running install_lib
running install_data
running install_egg_info
removing '/home/johnma/ros2_ws/install/qbert_py_laserfollow/lib/python3.10/site-packages/qbert_py_laserfollow-0.0.0-py3.10.egg-info' (and everything under it)
Copying ../../build/qbert_py_laserfollow/qbert_py_laserfollow.egg-info to /home/johnma/ros2_ws/install/qbert_py_laserfollow/lib/python3.10/site-packages/qbert_py_laserfollow-0.0.0-py3.10.egg-info
running install_scripts
writing list of installed files to '/home/johnma/ros2_ws/build/qbert_py_laserfollow/install.log'
