[0.154s] Invoking command in '/home/johnma/ros2_ws/build/udbot_description': CMAKE_PREFIX_PATH=/home/johnma/ros2_ws/install/irobot_create_description:/home/johnma/ros2_ws/src/udbot/install/udbot_viz:/home/johnma/ros2_ws/src/udbot/install/udbot_odom2tf:/home/johnma/ros2_ws/src/udbot/install/udbot_description:/home/johnma/ros2_ws/src/create3_sim/install/irobot_create_description:/home/johnma/ros2_ws/install/udbot_viz:/home/johnma/ros2_ws/install/udbot_description:/home/johnma/ros2_ws/install/turtlesim:/home/johnma/ros2_ws/install/irobot_create_toolbox:/home/johnma/ros2_ws/install/irobot_create_ignition_plugins:/home/johnma/ros2_ws/install/irobot_create_control:/home/johnma/create3_examples_ws/install/create3_lidar:/home/johnma/create3_examples_ws/install/create3_coverage:/home/johnma/create3_examples_ws/install/create3_examples_msgs:/home/johnma/ros2_ws/install/qbert_py_movement:/home/johnma/create3_examples_ws/install/create3_teleop:/home/johnma/create3_examples_ws/install/create3_examples_py:/opt/ros/humble /usr/bin/cmake /home/johnma/ros2_ws/src/udbot/udbot_description -DCMAKE_INSTALL_PREFIX=/home/johnma/ros2_ws/install/udbot_description
[0.198s] -- The C compiler identification is GNU 11.3.0
[0.242s] -- The CXX compiler identification is GNU 11.3.0
[0.268s] -- Detecting C compiler ABI info
[0.326s] -- Detecting C compiler ABI info - done
[0.333s] -- Check for working C compiler: /usr/bin/cc - skipped
[0.333s] -- Detecting C compile features
[0.333s] -- Detecting C compile features - done
[0.337s] -- Detecting CXX compiler ABI info
[0.454s] -- Detecting CXX compiler ABI info - done
[0.461s] -- Check for working CXX compiler: /usr/bin/c++ - skipped
[0.461s] -- Detecting CXX compile features
[0.462s] -- Detecting CXX compile features - done
[0.464s] -- Found ament_cmake: 1.3.3 (/opt/ros/humble/share/ament_cmake/cmake)
[0.614s] -- Found Python3: /usr/bin/python3.10 (found version "3.10.6") found components: Interpreter 
[0.691s] -- Found urdf: 2.6.0 (/opt/ros/humble/share/urdf/cmake)
[0.747s] -- Found irobot_create_description: 2.0.0 (/home/johnma/ros2_ws/install/irobot_create_description/share/irobot_create_description/cmake)
[0.747s] -- Found ament_lint_auto: 0.12.5 (/opt/ros/humble/share/ament_lint_auto/cmake)
[0.806s] -- Added test 'copyright' to check source files copyright and LICENSE
[0.808s] -- Added test 'flake8' to check Python code syntax and style conventions
[0.808s] -- Added test 'lint_cmake' to check CMake code style
[0.809s] -- Added test 'pep257' to check Python code against some of the docstring style conventions in PEP 257
[0.810s] -- Added test 'xmllint' to check XML markup files
[0.811s] -- Configuring done
[0.813s] -- Generating done
[0.814s] -- Build files have been written to: /home/johnma/ros2_ws/build/udbot_description
[0.822s] Invoked command in '/home/johnma/ros2_ws/build/udbot_description' returned '0': CMAKE_PREFIX_PATH=/home/johnma/ros2_ws/install/irobot_create_description:/home/johnma/ros2_ws/src/udbot/install/udbot_viz:/home/johnma/ros2_ws/src/udbot/install/udbot_odom2tf:/home/johnma/ros2_ws/src/udbot/install/udbot_description:/home/johnma/ros2_ws/src/create3_sim/install/irobot_create_description:/home/johnma/ros2_ws/install/udbot_viz:/home/johnma/ros2_ws/install/udbot_description:/home/johnma/ros2_ws/install/turtlesim:/home/johnma/ros2_ws/install/irobot_create_toolbox:/home/johnma/ros2_ws/install/irobot_create_ignition_plugins:/home/johnma/ros2_ws/install/irobot_create_control:/home/johnma/create3_examples_ws/install/create3_lidar:/home/johnma/create3_examples_ws/install/create3_coverage:/home/johnma/create3_examples_ws/install/create3_examples_msgs:/home/johnma/ros2_ws/install/qbert_py_movement:/home/johnma/create3_examples_ws/install/create3_teleop:/home/johnma/create3_examples_ws/install/create3_examples_py:/opt/ros/humble /usr/bin/cmake /home/johnma/ros2_ws/src/udbot/udbot_description -DCMAKE_INSTALL_PREFIX=/home/johnma/ros2_ws/install/udbot_description
[0.822s] Invoking command in '/home/johnma/ros2_ws/build/udbot_description': CMAKE_PREFIX_PATH=/home/johnma/ros2_ws/install/irobot_create_description:/home/johnma/ros2_ws/src/udbot/install/udbot_viz:/home/johnma/ros2_ws/src/udbot/install/udbot_odom2tf:/home/johnma/ros2_ws/src/udbot/install/udbot_description:/home/johnma/ros2_ws/src/create3_sim/install/irobot_create_description:/home/johnma/ros2_ws/install/udbot_viz:/home/johnma/ros2_ws/install/udbot_description:/home/johnma/ros2_ws/install/turtlesim:/home/johnma/ros2_ws/install/irobot_create_toolbox:/home/johnma/ros2_ws/install/irobot_create_ignition_plugins:/home/johnma/ros2_ws/install/irobot_create_control:/home/johnma/create3_examples_ws/install/create3_lidar:/home/johnma/create3_examples_ws/install/create3_coverage:/home/johnma/create3_examples_ws/install/create3_examples_msgs:/home/johnma/ros2_ws/install/qbert_py_movement:/home/johnma/create3_examples_ws/install/create3_teleop:/home/johnma/create3_examples_ws/install/create3_examples_py:/opt/ros/humble /usr/bin/cmake --build /home/johnma/ros2_ws/build/udbot_description -- -j4 -l4
[0.854s] Invoked command in '/home/johnma/ros2_ws/build/udbot_description' returned '0': CMAKE_PREFIX_PATH=/home/johnma/ros2_ws/install/irobot_create_description:/home/johnma/ros2_ws/src/udbot/install/udbot_viz:/home/johnma/ros2_ws/src/udbot/install/udbot_odom2tf:/home/johnma/ros2_ws/src/udbot/install/udbot_description:/home/johnma/ros2_ws/src/create3_sim/install/irobot_create_description:/home/johnma/ros2_ws/install/udbot_viz:/home/johnma/ros2_ws/install/udbot_description:/home/johnma/ros2_ws/install/turtlesim:/home/johnma/ros2_ws/install/irobot_create_toolbox:/home/johnma/ros2_ws/install/irobot_create_ignition_plugins:/home/johnma/ros2_ws/install/irobot_create_control:/home/johnma/create3_examples_ws/install/create3_lidar:/home/johnma/create3_examples_ws/install/create3_coverage:/home/johnma/create3_examples_ws/install/create3_examples_msgs:/home/johnma/ros2_ws/install/qbert_py_movement:/home/johnma/create3_examples_ws/install/create3_teleop:/home/johnma/create3_examples_ws/install/create3_examples_py:/opt/ros/humble /usr/bin/cmake --build /home/johnma/ros2_ws/build/udbot_description -- -j4 -l4
[0.880s] Invoking command in '/home/johnma/ros2_ws/build/udbot_description': CMAKE_PREFIX_PATH=/home/johnma/ros2_ws/install/irobot_create_description:/home/johnma/ros2_ws/src/udbot/install/udbot_viz:/home/johnma/ros2_ws/src/udbot/install/udbot_odom2tf:/home/johnma/ros2_ws/src/udbot/install/udbot_description:/home/johnma/ros2_ws/src/create3_sim/install/irobot_create_description:/home/johnma/ros2_ws/install/udbot_viz:/home/johnma/ros2_ws/install/udbot_description:/home/johnma/ros2_ws/install/turtlesim:/home/johnma/ros2_ws/install/irobot_create_toolbox:/home/johnma/ros2_ws/install/irobot_create_ignition_plugins:/home/johnma/ros2_ws/install/irobot_create_control:/home/johnma/create3_examples_ws/install/create3_lidar:/home/johnma/create3_examples_ws/install/create3_coverage:/home/johnma/create3_examples_ws/install/create3_examples_msgs:/home/johnma/ros2_ws/install/qbert_py_movement:/home/johnma/create3_examples_ws/install/create3_teleop:/home/johnma/create3_examples_ws/install/create3_examples_py:/opt/ros/humble /usr/bin/cmake --install /home/johnma/ros2_ws/build/udbot_description
[0.887s] -- Install configuration: ""
[0.887s] -- Installing: /home/johnma/ros2_ws/install/udbot_description/share/udbot_description/launch
[0.887s] -- Installing: /home/johnma/ros2_ws/install/udbot_description/share/udbot_description/launch/robot_description.launch.py
[0.887s] -- Installing: /home/johnma/ros2_ws/install/udbot_description/share/udbot_description/meshes
[0.887s] -- Installing: /home/johnma/ros2_ws/install/udbot_description/share/udbot_description/meshes/raspberry_pi_4b.dae
[0.887s] -- Installing: /home/johnma/ros2_ws/install/udbot_description/share/udbot_description/meshes/realsense_mount.dae
[0.888s] -- Installing: /home/johnma/ros2_ws/install/udbot_description/share/udbot_description/meshes/realsense.dae
[0.890s] -- Installing: /home/johnma/ros2_ws/install/udbot_description/share/udbot_description/meshes/makerbeam_10cm.dae
[0.890s] -- Installing: /home/johnma/ros2_ws/install/udbot_description/share/udbot_description/meshes/mast_mount.dae
[0.891s] -- Installing: /home/johnma/ros2_ws/install/udbot_description/share/udbot_description/meshes/rplidar.dae
[0.891s] -- Installing: /home/johnma/ros2_ws/install/udbot_description/share/udbot_description/urdf
[0.891s] -- Installing: /home/johnma/ros2_ws/install/udbot_description/share/udbot_description/urdf/sensors
[0.891s] -- Installing: /home/johnma/ros2_ws/install/udbot_description/share/udbot_description/urdf/sensors/camera_mast.urdf.xacro
[0.892s] -- Installing: /home/johnma/ros2_ws/install/udbot_description/share/udbot_description/urdf/sensors/raspberry_pi.urdf.xacro
[0.892s] -- Installing: /home/johnma/ros2_ws/install/udbot_description/share/udbot_description/urdf/sensors/rplidar.urdf.xacro
[0.892s] -- Installing: /home/johnma/ros2_ws/install/udbot_description/share/udbot_description/urdf/sensors/realsense.urdf.xacro
[0.892s] -- Installing: /home/johnma/ros2_ws/install/udbot_description/share/udbot_description/urdf/sensors/camera_mount.urdf.xacro
[0.892s] -- Installing: /home/johnma/ros2_ws/install/udbot_description/share/udbot_description/urdf/ud
[0.892s] -- Installing: /home/johnma/ros2_ws/install/udbot_description/share/udbot_description/urdf/ud/model.config
[0.892s] -- Installing: /home/johnma/ros2_ws/install/udbot_description/share/udbot_description/urdf/ud/udbot.urdf.xacro
[0.892s] -- Installing: /home/johnma/ros2_ws/install/udbot_description/share/ament_index/resource_index/package_run_dependencies/udbot_description
[0.892s] -- Installing: /home/johnma/ros2_ws/install/udbot_description/share/ament_index/resource_index/parent_prefix_path/udbot_description
[0.892s] -- Installing: /home/johnma/ros2_ws/install/udbot_description/share/udbot_description/environment/ament_prefix_path.sh
[0.892s] -- Installing: /home/johnma/ros2_ws/install/udbot_description/share/udbot_description/environment/ament_prefix_path.dsv
[0.892s] -- Installing: /home/johnma/ros2_ws/install/udbot_description/share/udbot_description/environment/path.sh
[0.892s] -- Installing: /home/johnma/ros2_ws/install/udbot_description/share/udbot_description/environment/path.dsv
[0.893s] -- Installing: /home/johnma/ros2_ws/install/udbot_description/share/udbot_description/local_setup.bash
[0.893s] -- Installing: /home/johnma/ros2_ws/install/udbot_description/share/udbot_description/local_setup.sh
[0.893s] -- Installing: /home/johnma/ros2_ws/install/udbot_description/share/udbot_description/local_setup.zsh
[0.893s] -- Installing: /home/johnma/ros2_ws/install/udbot_description/share/udbot_description/local_setup.dsv
[0.893s] -- Installing: /home/johnma/ros2_ws/install/udbot_description/share/udbot_description/package.dsv
[0.893s] -- Installing: /home/johnma/ros2_ws/install/udbot_description/share/ament_index/resource_index/packages/udbot_description
[0.893s] -- Installing: /home/johnma/ros2_ws/install/udbot_description/share/udbot_description/cmake/udbot_descriptionConfig.cmake
[0.893s] -- Installing: /home/johnma/ros2_ws/install/udbot_description/share/udbot_description/cmake/udbot_descriptionConfig-version.cmake
[0.893s] -- Installing: /home/johnma/ros2_ws/install/udbot_description/share/udbot_description/package.xml
[0.898s] Invoked command in '/home/johnma/ros2_ws/build/udbot_description' returned '0': CMAKE_PREFIX_PATH=/home/johnma/ros2_ws/install/irobot_create_description:/home/johnma/ros2_ws/src/udbot/install/udbot_viz:/home/johnma/ros2_ws/src/udbot/install/udbot_odom2tf:/home/johnma/ros2_ws/src/udbot/install/udbot_description:/home/johnma/ros2_ws/src/create3_sim/install/irobot_create_description:/home/johnma/ros2_ws/install/udbot_viz:/home/johnma/ros2_ws/install/udbot_description:/home/johnma/ros2_ws/install/turtlesim:/home/johnma/ros2_ws/install/irobot_create_toolbox:/home/johnma/ros2_ws/install/irobot_create_ignition_plugins:/home/johnma/ros2_ws/install/irobot_create_control:/home/johnma/create3_examples_ws/install/create3_lidar:/home/johnma/create3_examples_ws/install/create3_coverage:/home/johnma/create3_examples_ws/install/create3_examples_msgs:/home/johnma/ros2_ws/install/qbert_py_movement:/home/johnma/create3_examples_ws/install/create3_teleop:/home/johnma/create3_examples_ws/install/create3_examples_py:/opt/ros/humble /usr/bin/cmake --install /home/johnma/ros2_ws/build/udbot_description
