[0.027s] Invoking command in '/home/johnma/ros2_ws/build/irobot_create_toolbox': CMAKE_PREFIX_PATH=${CMAKE_PREFIX_PATH}:/home/johnma/ros2_ws/install/qbert_py_movement:/home/johnma/create3_examples_ws/install/create3_teleop:/home/johnma/create3_examples_ws/install/create3_examples_py:/opt/ros/humble /usr/bin/cmake /home/johnma/ros2_ws/src/create3_sim/irobot_create_common/irobot_create_toolbox -DCMAKE_INSTALL_PREFIX=/home/johnma/ros2_ws/install/irobot_create_toolbox
[0.152s] -- The C compiler identification is GNU 11.3.0
[0.247s] -- The CXX compiler identification is GNU 11.3.0
[0.254s] -- Detecting C compiler ABI info
[0.331s] -- Detecting C compiler ABI info - done
[0.336s] -- Check for working C compiler: /usr/bin/cc - skipped
[0.336s] -- Detecting C compile features
[0.336s] -- Detecting C compile features - done
[0.338s] -- Detecting CXX compiler ABI info
[0.413s] -- Detecting CXX compiler ABI info - done
[0.413s] -- Check for working CXX compiler: /usr/bin/c++ - skipped
[0.413s] -- Detecting CXX compile features
[0.413s] -- Detecting CXX compile features - done
[0.413s] -- Found ament_cmake: 1.3.3 (/opt/ros/humble/share/ament_cmake/cmake)
[0.530s] -- Found Python3: /usr/bin/python3.10 (found version "3.10.6") found components: Interpreter 
[0.593s] -- Looking for ignition-math6 -- found version 6.12.0
[0.599s] -- Searching for dependencies of ignition-math6
[0.602s] -- Found rclcpp: 16.0.3 (/opt/ros/humble/share/rclcpp/cmake)
[0.650s] -- Found rosidl_generator_c: 3.1.4 (/opt/ros/humble/share/rosidl_generator_c/cmake)
[0.655s] -- Found rosidl_adapter: 3.1.4 (/opt/ros/humble/share/rosidl_adapter/cmake)
[0.663s] -- Found rosidl_generator_cpp: 3.1.4 (/opt/ros/humble/share/rosidl_generator_cpp/cmake)
[0.674s] -- Using all available rosidl_typesupport_c: rosidl_typesupport_fastrtps_c;rosidl_typesupport_introspection_c
[0.691s] -- Using all available rosidl_typesupport_cpp: rosidl_typesupport_fastrtps_cpp;rosidl_typesupport_introspection_cpp
[0.752s] -- Found rmw_implementation_cmake: 6.1.1 (/opt/ros/humble/share/rmw_implementation_cmake/cmake)
[0.755s] -- Found rmw_fastrtps_cpp: 6.2.2 (/opt/ros/humble/share/rmw_fastrtps_cpp/cmake)
[0.841s] -- Found OpenSSL: /usr/lib/aarch64-linux-gnu/libcrypto.so (found version "3.0.2")  
[0.861s] -- Found FastRTPS: /opt/ros/humble/include  
[0.897s] -- Using RMW implementation 'rmw_fastrtps_cpp' as default
[0.906s] -- Looking for pthread.h
[0.969s] -- Looking for pthread.h - found
[0.969s] -- Performing Test CMAKE_HAVE_LIBC_PTHREAD
[1.031s] -- Performing Test CMAKE_HAVE_LIBC_PTHREAD - Success
[1.031s] -- Found Threads: TRUE  
[1.182s] -- Found ament_lint_auto: 0.12.5 (/opt/ros/humble/share/ament_lint_auto/cmake)
[1.244s] -- Added test 'cppcheck' to perform static code analysis on C / C++ code
[1.244s] -- Configured cppcheck include dirs: /home/johnma/ros2_ws/src/create3_sim/irobot_create_common/irobot_create_toolbox/include
[1.244s] -- Configured cppcheck exclude dirs and/or files: 
[1.246s] -- Added test 'cpplint' to check C / C++ code against the Google style
[1.246s] -- Configured cpplint exclude dirs and/or files: 
[1.248s] -- Added test 'lint_cmake' to check CMake code style
[1.249s] -- Added test 'uncrustify' to check C / C++ code style
[1.249s] -- Configured uncrustify additional arguments: 
[1.250s] -- Added test 'xmllint' to check XML markup files
[1.251s] -- Configuring done
[1.257s] -- Generating done
[1.258s] -- Build files have been written to: /home/johnma/ros2_ws/build/irobot_create_toolbox
[1.266s] Invoked command in '/home/johnma/ros2_ws/build/irobot_create_toolbox' returned '0': CMAKE_PREFIX_PATH=${CMAKE_PREFIX_PATH}:/home/johnma/ros2_ws/install/qbert_py_movement:/home/johnma/create3_examples_ws/install/create3_teleop:/home/johnma/create3_examples_ws/install/create3_examples_py:/opt/ros/humble /usr/bin/cmake /home/johnma/ros2_ws/src/create3_sim/irobot_create_common/irobot_create_toolbox -DCMAKE_INSTALL_PREFIX=/home/johnma/ros2_ws/install/irobot_create_toolbox
[1.267s] Invoking command in '/home/johnma/ros2_ws/build/irobot_create_toolbox': CMAKE_PREFIX_PATH=${CMAKE_PREFIX_PATH}:/home/johnma/ros2_ws/install/qbert_py_movement:/home/johnma/create3_examples_ws/install/create3_teleop:/home/johnma/create3_examples_ws/install/create3_examples_py:/opt/ros/humble /usr/bin/cmake --build /home/johnma/ros2_ws/build/irobot_create_toolbox -- -j4 -l4
[1.326s] [ 50%] [32mBuilding CXX object CMakeFiles/irobot_create_toolbox.dir/src/polar_coordinates.cpp.o[0m
[2.800s] [100%] [32m[1mLinking CXX shared library libirobot_create_toolbox.so[0m
[2.896s] [100%] Built target irobot_create_toolbox
[2.905s] Invoked command in '/home/johnma/ros2_ws/build/irobot_create_toolbox' returned '0': CMAKE_PREFIX_PATH=${CMAKE_PREFIX_PATH}:/home/johnma/ros2_ws/install/qbert_py_movement:/home/johnma/create3_examples_ws/install/create3_teleop:/home/johnma/create3_examples_ws/install/create3_examples_py:/opt/ros/humble /usr/bin/cmake --build /home/johnma/ros2_ws/build/irobot_create_toolbox -- -j4 -l4
[2.926s] Invoking command in '/home/johnma/ros2_ws/build/irobot_create_toolbox': CMAKE_PREFIX_PATH=${CMAKE_PREFIX_PATH}:/home/johnma/ros2_ws/install/qbert_py_movement:/home/johnma/create3_examples_ws/install/create3_teleop:/home/johnma/create3_examples_ws/install/create3_examples_py:/opt/ros/humble /usr/bin/cmake --install /home/johnma/ros2_ws/build/irobot_create_toolbox
[2.933s] -- Install configuration: ""
[2.933s] -- Installing: /home/johnma/ros2_ws/install/irobot_create_toolbox/lib/libirobot_create_toolbox.so
[2.934s] -- Set runtime path of "/home/johnma/ros2_ws/install/irobot_create_toolbox/lib/libirobot_create_toolbox.so" to ""
[2.934s] -- Installing: /home/johnma/ros2_ws/install/irobot_create_toolbox/include
[2.934s] -- Installing: /home/johnma/ros2_ws/install/irobot_create_toolbox/include/irobot_create_toolbox
[2.934s] -- Installing: /home/johnma/ros2_ws/install/irobot_create_toolbox/include/irobot_create_toolbox/sensors
[2.934s] -- Installing: /home/johnma/ros2_ws/install/irobot_create_toolbox/include/irobot_create_toolbox/sensors/bumpers.hpp
[2.934s] -- Installing: /home/johnma/ros2_ws/install/irobot_create_toolbox/include/irobot_create_toolbox/polar_coordinates.hpp
[2.934s] -- Installing: /home/johnma/ros2_ws/install/irobot_create_toolbox/include/irobot_create_toolbox/math.hpp
[2.934s] -- Installing: /home/johnma/ros2_ws/install/irobot_create_toolbox/share/irobot_create_toolbox/environment/library_path.sh
[2.934s] -- Installing: /home/johnma/ros2_ws/install/irobot_create_toolbox/share/irobot_create_toolbox/environment/library_path.dsv
[2.934s] -- Installing: /home/johnma/ros2_ws/install/irobot_create_toolbox/share/ament_index/resource_index/package_run_dependencies/irobot_create_toolbox
[2.935s] -- Installing: /home/johnma/ros2_ws/install/irobot_create_toolbox/share/ament_index/resource_index/parent_prefix_path/irobot_create_toolbox
[2.935s] -- Installing: /home/johnma/ros2_ws/install/irobot_create_toolbox/share/irobot_create_toolbox/environment/ament_prefix_path.sh
[2.935s] -- Installing: /home/johnma/ros2_ws/install/irobot_create_toolbox/share/irobot_create_toolbox/environment/ament_prefix_path.dsv
[2.935s] -- Installing: /home/johnma/ros2_ws/install/irobot_create_toolbox/share/irobot_create_toolbox/environment/path.sh
[2.935s] -- Installing: /home/johnma/ros2_ws/install/irobot_create_toolbox/share/irobot_create_toolbox/environment/path.dsv
[2.935s] -- Installing: /home/johnma/ros2_ws/install/irobot_create_toolbox/share/irobot_create_toolbox/local_setup.bash
[2.935s] -- Installing: /home/johnma/ros2_ws/install/irobot_create_toolbox/share/irobot_create_toolbox/local_setup.sh
[2.935s] -- Installing: /home/johnma/ros2_ws/install/irobot_create_toolbox/share/irobot_create_toolbox/local_setup.zsh
[2.935s] -- Installing: /home/johnma/ros2_ws/install/irobot_create_toolbox/share/irobot_create_toolbox/local_setup.dsv
[2.935s] -- Installing: /home/johnma/ros2_ws/install/irobot_create_toolbox/share/irobot_create_toolbox/package.dsv
[2.935s] -- Installing: /home/johnma/ros2_ws/install/irobot_create_toolbox/share/ament_index/resource_index/packages/irobot_create_toolbox
[2.935s] -- Installing: /home/johnma/ros2_ws/install/irobot_create_toolbox/share/irobot_create_toolbox/cmake/ament_cmake_export_include_directories-extras.cmake
[2.935s] -- Installing: /home/johnma/ros2_ws/install/irobot_create_toolbox/share/irobot_create_toolbox/cmake/ament_cmake_export_libraries-extras.cmake
[2.935s] -- Installing: /home/johnma/ros2_ws/install/irobot_create_toolbox/share/irobot_create_toolbox/cmake/ament_cmake_export_dependencies-extras.cmake
[2.935s] -- Installing: /home/johnma/ros2_ws/install/irobot_create_toolbox/share/irobot_create_toolbox/cmake/irobot_create_toolboxConfig.cmake
[2.936s] -- Installing: /home/johnma/ros2_ws/install/irobot_create_toolbox/share/irobot_create_toolbox/cmake/irobot_create_toolboxConfig-version.cmake
[2.936s] -- Installing: /home/johnma/ros2_ws/install/irobot_create_toolbox/share/irobot_create_toolbox/package.xml
[2.943s] Invoked command in '/home/johnma/ros2_ws/build/irobot_create_toolbox' returned '0': CMAKE_PREFIX_PATH=${CMAKE_PREFIX_PATH}:/home/johnma/ros2_ws/install/qbert_py_movement:/home/johnma/create3_examples_ws/install/create3_teleop:/home/johnma/create3_examples_ws/install/create3_examples_py:/opt/ros/humble /usr/bin/cmake --install /home/johnma/ros2_ws/build/irobot_create_toolbox
