[0.082s] Invoking command in '/home/johnma/ros2_ws/build/irobot_create_toolbox': CMAKE_PREFIX_PATH=${CMAKE_PREFIX_PATH}:/home/johnma/ros2_ws/src/qbert_py_laserfollow/install/qbert_py_laserfollow:/home/johnma/ros2_ws/install/qbert_py_movement:/home/johnma/ros2_ws/install/qbert_py_laserfollow:/home/johnma/ros2_ws/install/irobot_create_gazebo_plugins:/home/johnma/create3_examples_ws/install/create3_teleop:/home/johnma/create3_examples_ws/install/create3_examples_py:/opt/ros/humble /usr/bin/cmake --build /home/johnma/ros2_ws/build/irobot_create_toolbox -- -j4 -l4
[0.315s] [100%] Built target irobot_create_toolbox
[0.342s] Invoked command in '/home/johnma/ros2_ws/build/irobot_create_toolbox' returned '0': CMAKE_PREFIX_PATH=${CMAKE_PREFIX_PATH}:/home/johnma/ros2_ws/src/qbert_py_laserfollow/install/qbert_py_laserfollow:/home/johnma/ros2_ws/install/qbert_py_movement:/home/johnma/ros2_ws/install/qbert_py_laserfollow:/home/johnma/ros2_ws/install/irobot_create_gazebo_plugins:/home/johnma/create3_examples_ws/install/create3_teleop:/home/johnma/create3_examples_ws/install/create3_examples_py:/opt/ros/humble /usr/bin/cmake --build /home/johnma/ros2_ws/build/irobot_create_toolbox -- -j4 -l4
[0.444s] Invoking command in '/home/johnma/ros2_ws/build/irobot_create_toolbox': CMAKE_PREFIX_PATH=${CMAKE_PREFIX_PATH}:/home/johnma/ros2_ws/src/qbert_py_laserfollow/install/qbert_py_laserfollow:/home/johnma/ros2_ws/install/qbert_py_movement:/home/johnma/ros2_ws/install/qbert_py_laserfollow:/home/johnma/ros2_ws/install/irobot_create_gazebo_plugins:/home/johnma/create3_examples_ws/install/create3_teleop:/home/johnma/create3_examples_ws/install/create3_examples_py:/opt/ros/humble /usr/bin/cmake --install /home/johnma/ros2_ws/build/irobot_create_toolbox
[0.464s] -- Install configuration: ""
[0.471s] -- Up-to-date: /home/johnma/ros2_ws/install/irobot_create_toolbox/lib/libirobot_create_toolbox.so
[0.471s] -- Up-to-date: /home/johnma/ros2_ws/install/irobot_create_toolbox/include
[0.472s] -- Up-to-date: /home/johnma/ros2_ws/install/irobot_create_toolbox/include/irobot_create_toolbox
[0.473s] -- Up-to-date: /home/johnma/ros2_ws/install/irobot_create_toolbox/include/irobot_create_toolbox/sensors
[0.473s] -- Up-to-date: /home/johnma/ros2_ws/install/irobot_create_toolbox/include/irobot_create_toolbox/sensors/bumpers.hpp
[0.474s] -- Up-to-date: /home/johnma/ros2_ws/install/irobot_create_toolbox/include/irobot_create_toolbox/polar_coordinates.hpp
[0.474s] -- Up-to-date: /home/johnma/ros2_ws/install/irobot_create_toolbox/include/irobot_create_toolbox/math.hpp
[0.478s] -- Up-to-date: /home/johnma/ros2_ws/install/irobot_create_toolbox/share/irobot_create_toolbox/environment/library_path.sh
[0.480s] -- Up-to-date: /home/johnma/ros2_ws/install/irobot_create_toolbox/share/irobot_create_toolbox/environment/library_path.dsv
[0.481s] -- Up-to-date: /home/johnma/ros2_ws/install/irobot_create_toolbox/share/ament_index/resource_index/package_run_dependencies/irobot_create_toolbox
[0.481s] -- Up-to-date: /home/johnma/ros2_ws/install/irobot_create_toolbox/share/ament_index/resource_index/parent_prefix_path/irobot_create_toolbox
[0.481s] -- Up-to-date: /home/johnma/ros2_ws/install/irobot_create_toolbox/share/irobot_create_toolbox/environment/ament_prefix_path.sh
[0.481s] -- Up-to-date: /home/johnma/ros2_ws/install/irobot_create_toolbox/share/irobot_create_toolbox/environment/ament_prefix_path.dsv
[0.482s] -- Up-to-date: /home/johnma/ros2_ws/install/irobot_create_toolbox/share/irobot_create_toolbox/environment/path.sh
[0.482s] -- Up-to-date: /home/johnma/ros2_ws/install/irobot_create_toolbox/share/irobot_create_toolbox/environment/path.dsv
[0.482s] -- Up-to-date: /home/johnma/ros2_ws/install/irobot_create_toolbox/share/irobot_create_toolbox/local_setup.bash
[0.482s] -- Up-to-date: /home/johnma/ros2_ws/install/irobot_create_toolbox/share/irobot_create_toolbox/local_setup.sh
[0.482s] -- Up-to-date: /home/johnma/ros2_ws/install/irobot_create_toolbox/share/irobot_create_toolbox/local_setup.zsh
[0.482s] -- Up-to-date: /home/johnma/ros2_ws/install/irobot_create_toolbox/share/irobot_create_toolbox/local_setup.dsv
[0.482s] -- Installing: /home/johnma/ros2_ws/install/irobot_create_toolbox/share/irobot_create_toolbox/package.dsv
[0.482s] -- Up-to-date: /home/johnma/ros2_ws/install/irobot_create_toolbox/share/ament_index/resource_index/packages/irobot_create_toolbox
[0.482s] -- Up-to-date: /home/johnma/ros2_ws/install/irobot_create_toolbox/share/irobot_create_toolbox/cmake/ament_cmake_export_include_directories-extras.cmake
[0.482s] -- Up-to-date: /home/johnma/ros2_ws/install/irobot_create_toolbox/share/irobot_create_toolbox/cmake/ament_cmake_export_libraries-extras.cmake
[0.483s] -- Up-to-date: /home/johnma/ros2_ws/install/irobot_create_toolbox/share/irobot_create_toolbox/cmake/ament_cmake_export_dependencies-extras.cmake
[0.483s] -- Up-to-date: /home/johnma/ros2_ws/install/irobot_create_toolbox/share/irobot_create_toolbox/cmake/irobot_create_toolboxConfig.cmake
[0.483s] -- Up-to-date: /home/johnma/ros2_ws/install/irobot_create_toolbox/share/irobot_create_toolbox/cmake/irobot_create_toolboxConfig-version.cmake
[0.483s] -- Up-to-date: /home/johnma/ros2_ws/install/irobot_create_toolbox/share/irobot_create_toolbox/package.xml
[0.546s] Invoked command in '/home/johnma/ros2_ws/build/irobot_create_toolbox' returned '0': CMAKE_PREFIX_PATH=${CMAKE_PREFIX_PATH}:/home/johnma/ros2_ws/src/qbert_py_laserfollow/install/qbert_py_laserfollow:/home/johnma/ros2_ws/install/qbert_py_movement:/home/johnma/ros2_ws/install/qbert_py_laserfollow:/home/johnma/ros2_ws/install/irobot_create_gazebo_plugins:/home/johnma/create3_examples_ws/install/create3_teleop:/home/johnma/create3_examples_ws/install/create3_examples_py:/opt/ros/humble /usr/bin/cmake --install /home/johnma/ros2_ws/build/irobot_create_toolbox
