[0.005s] Invoking command in '/home/johnma/ros2_ws/build/irobot_create_gazebo_plugins': CMAKE_PREFIX_PATH=/home/johnma/ros2_ws/install/irobot_create_toolbox:/home/johnma/ros2_ws/src/udbot/install/udbot_viz:/home/johnma/ros2_ws/src/udbot/install/udbot_odom2tf:/home/johnma/ros2_ws/src/udbot/install/udbot_description:/home/johnma/ros2_ws/src/create3_sim/install/irobot_create_description:/home/johnma/ros2_ws/install/udbot_viz:/home/johnma/ros2_ws/install/udbot_description:/home/johnma/ros2_ws/install/turtlesim:/home/johnma/ros2_ws/install/irobot_create_ignition_plugins:/home/johnma/ros2_ws/install/irobot_create_description:/home/johnma/ros2_ws/install/irobot_create_control:/home/johnma/create3_examples_ws/install/create3_lidar:/home/johnma/create3_examples_ws/install/create3_coverage:/home/johnma/create3_examples_ws/install/create3_examples_msgs:/home/johnma/ros2_ws/install/qbert_py_movement:/home/johnma/create3_examples_ws/install/create3_teleop:/home/johnma/create3_examples_ws/install/create3_examples_py:/opt/ros/humble LD_LIBRARY_PATH=/home/johnma/ros2_ws/install/irobot_create_toolbox/lib:/home/johnma/ros2_ws/install/turtlesim/lib:/home/johnma/create3_examples_ws/install/create3_coverage/lib:/home/johnma/create3_examples_ws/install/create3_examples_msgs/lib:/opt/ros/humble/opt/rviz_ogre_vendor/lib:/opt/ros/humble/lib/aarch64-linux-gnu:/opt/ros/humble/lib /usr/bin/cmake /home/johnma/ros2_ws/src/create3_sim/irobot_create_gazebo/irobot_create_gazebo_plugins -DCMAKE_INSTALL_PREFIX=/home/johnma/ros2_ws/install/irobot_create_gazebo_plugins
[0.058s] -- The C compiler identification is GNU 11.3.0
[0.098s] -- The CXX compiler identification is GNU 11.3.0
[0.105s] -- Detecting C compiler ABI info
[0.159s] -- Detecting C compiler ABI info - done
[0.165s] -- Check for working C compiler: /usr/bin/cc - skipped
[0.165s] -- Detecting C compile features
[0.165s] -- Detecting C compile features - done
[0.168s] -- Detecting CXX compiler ABI info
[0.229s] -- Detecting CXX compiler ABI info - done
[0.236s] -- Check for working CXX compiler: /usr/bin/c++ - skipped
[0.236s] -- Detecting CXX compile features
[0.236s] -- Detecting CXX compile features - done
[0.239s] -- Found ament_cmake: 1.3.3 (/opt/ros/humble/share/ament_cmake/cmake)
[0.361s] -- Found Python3: /usr/bin/python3.10 (found version "3.10.6") found components: Interpreter 
[0.429s] -- Found geometry_msgs: 4.2.3 (/opt/ros/humble/share/geometry_msgs/cmake)
[0.466s] -- Found rosidl_generator_c: 3.1.4 (/opt/ros/humble/share/rosidl_generator_c/cmake)
[0.471s] -- Found rosidl_adapter: 3.1.4 (/opt/ros/humble/share/rosidl_adapter/cmake)
[0.479s] -- Found rosidl_generator_cpp: 3.1.4 (/opt/ros/humble/share/rosidl_generator_cpp/cmake)
[0.494s] -- Using all available rosidl_typesupport_c: rosidl_typesupport_fastrtps_c;rosidl_typesupport_introspection_c
[0.509s] -- Using all available rosidl_typesupport_cpp: rosidl_typesupport_fastrtps_cpp;rosidl_typesupport_introspection_cpp
[0.611s] -- Found irobot_create_msgs: 2.1.0 (/opt/ros/humble/share/irobot_create_msgs/cmake)
[0.804s] -- Found irobot_create_toolbox: 2.0.0 (/home/johnma/ros2_ws/install/irobot_create_toolbox/share/irobot_create_toolbox/cmake)
[0.862s] -- Found rmw_implementation_cmake: 6.1.1 (/opt/ros/humble/share/rmw_implementation_cmake/cmake)
[0.866s] -- Found rmw_fastrtps_cpp: 6.2.2 (/opt/ros/humble/share/rmw_fastrtps_cpp/cmake)
[0.942s] -- Found OpenSSL: /usr/lib/aarch64-linux-gnu/libcrypto.so (found version "3.0.2")  
[0.963s] -- Found FastRTPS: /opt/ros/humble/include  
[1.002s] -- Using RMW implementation 'rmw_fastrtps_cpp' as default
[1.009s] -- Looking for pthread.h
[1.069s] -- Looking for pthread.h - found
[1.069s] -- Performing Test CMAKE_HAVE_LIBC_PTHREAD
[1.126s] -- Performing Test CMAKE_HAVE_LIBC_PTHREAD - Success
[1.126s] -- Found Threads: TRUE  
[1.244s] -- Found sensor_msgs: 4.2.3 (/opt/ros/humble/share/sensor_msgs/cmake)
[1.338s] [33mCMake Warning at CMakeLists.txt:23 (message):
[1.338s]   Gazebo not found.  Skipping irobot_create_gazebo_plugins package.
[1.338s] 
[1.338s] [0m
[1.380s] -- Configuring done
[1.383s] -- Generating done
[1.384s] -- Build files have been written to: /home/johnma/ros2_ws/build/irobot_create_gazebo_plugins
