[0.018s] Invoking command in '/home/johnma/ros2_ws/build/irobot_create_control': CMAKE_PREFIX_PATH=${CMAKE_PREFIX_PATH}:/home/johnma/ros2_ws/install/qbert_py_movement:/home/johnma/create3_examples_ws/install/create3_teleop:/home/johnma/create3_examples_ws/install/create3_examples_py:/opt/ros/humble /usr/bin/cmake /home/johnma/ros2_ws/src/create3_sim/irobot_create_common/irobot_create_control -DCMAKE_INSTALL_PREFIX=/home/johnma/ros2_ws/install/irobot_create_control
[0.138s] -- The C compiler identification is GNU 11.3.0
[0.236s] -- The CXX compiler identification is GNU 11.3.0
[0.243s] -- Detecting C compiler ABI info
[0.311s] -- Detecting C compiler ABI info - done
[0.319s] -- Check for working C compiler: /usr/bin/cc - skipped
[0.320s] -- Detecting C compile features
[0.321s] -- Detecting C compile features - done
[0.325s] -- Detecting CXX compiler ABI info
[0.391s] -- Detecting CXX compiler ABI info - done
[0.401s] -- Check for working CXX compiler: /usr/bin/c++ - skipped
[0.401s] -- Detecting CXX compile features
[0.401s] -- Detecting CXX compile features - done
[0.401s] -- Found ament_cmake: 1.3.3 (/opt/ros/humble/share/ament_cmake/cmake)
[0.518s] -- Found Python3: /usr/bin/python3.10 (found version "3.10.6") found components: Interpreter 
[0.581s] -- Found ament_lint_auto: 0.12.5 (/opt/ros/humble/share/ament_lint_auto/cmake)
[0.631s] -- Added test 'flake8' to check Python code syntax and style conventions
[0.631s] -- Added test 'lint_cmake' to check CMake code style
[0.632s] -- Added test 'pep257' to check Python code against some of the docstring style conventions in PEP 257
[0.632s] -- Added test 'xmllint' to check XML markup files
[0.634s] -- Configuring done
[0.636s] -- Generating done
[0.637s] -- Build files have been written to: /home/johnma/ros2_ws/build/irobot_create_control
[0.641s] Invoked command in '/home/johnma/ros2_ws/build/irobot_create_control' returned '0': CMAKE_PREFIX_PATH=${CMAKE_PREFIX_PATH}:/home/johnma/ros2_ws/install/qbert_py_movement:/home/johnma/create3_examples_ws/install/create3_teleop:/home/johnma/create3_examples_ws/install/create3_examples_py:/opt/ros/humble /usr/bin/cmake /home/johnma/ros2_ws/src/create3_sim/irobot_create_common/irobot_create_control -DCMAKE_INSTALL_PREFIX=/home/johnma/ros2_ws/install/irobot_create_control
[0.641s] Invoking command in '/home/johnma/ros2_ws/build/irobot_create_control': CMAKE_PREFIX_PATH=${CMAKE_PREFIX_PATH}:/home/johnma/ros2_ws/install/qbert_py_movement:/home/johnma/create3_examples_ws/install/create3_teleop:/home/johnma/create3_examples_ws/install/create3_examples_py:/opt/ros/humble /usr/bin/cmake --build /home/johnma/ros2_ws/build/irobot_create_control -- -j4 -l4
[0.672s] Invoked command in '/home/johnma/ros2_ws/build/irobot_create_control' returned '0': CMAKE_PREFIX_PATH=${CMAKE_PREFIX_PATH}:/home/johnma/ros2_ws/install/qbert_py_movement:/home/johnma/create3_examples_ws/install/create3_teleop:/home/johnma/create3_examples_ws/install/create3_examples_py:/opt/ros/humble /usr/bin/cmake --build /home/johnma/ros2_ws/build/irobot_create_control -- -j4 -l4
[0.710s] Invoking command in '/home/johnma/ros2_ws/build/irobot_create_control': CMAKE_PREFIX_PATH=${CMAKE_PREFIX_PATH}:/home/johnma/ros2_ws/install/qbert_py_movement:/home/johnma/create3_examples_ws/install/create3_teleop:/home/johnma/create3_examples_ws/install/create3_examples_py:/opt/ros/humble /usr/bin/cmake --install /home/johnma/ros2_ws/build/irobot_create_control
[0.716s] -- Install configuration: ""
[0.716s] -- Installing: /home/johnma/ros2_ws/install/irobot_create_control/share/irobot_create_control//launch
[0.716s] -- Installing: /home/johnma/ros2_ws/install/irobot_create_control/share/irobot_create_control//launch/include
[0.716s] -- Installing: /home/johnma/ros2_ws/install/irobot_create_control/share/irobot_create_control//launch/include/control.py
[0.716s] -- Installing: /home/johnma/ros2_ws/install/irobot_create_control/share/irobot_create_control//config
[0.716s] -- Installing: /home/johnma/ros2_ws/install/irobot_create_control/share/irobot_create_control//config/control.yaml
[0.716s] -- Installing: /home/johnma/ros2_ws/install/irobot_create_control/share/ament_index/resource_index/package_run_dependencies/irobot_create_control
[0.717s] -- Installing: /home/johnma/ros2_ws/install/irobot_create_control/share/ament_index/resource_index/parent_prefix_path/irobot_create_control
[0.717s] -- Installing: /home/johnma/ros2_ws/install/irobot_create_control/share/irobot_create_control/environment/ament_prefix_path.sh
[0.717s] -- Installing: /home/johnma/ros2_ws/install/irobot_create_control/share/irobot_create_control/environment/ament_prefix_path.dsv
[0.717s] -- Installing: /home/johnma/ros2_ws/install/irobot_create_control/share/irobot_create_control/environment/path.sh
[0.717s] -- Installing: /home/johnma/ros2_ws/install/irobot_create_control/share/irobot_create_control/environment/path.dsv
[0.717s] -- Installing: /home/johnma/ros2_ws/install/irobot_create_control/share/irobot_create_control/local_setup.bash
[0.717s] -- Installing: /home/johnma/ros2_ws/install/irobot_create_control/share/irobot_create_control/local_setup.sh
[0.717s] -- Installing: /home/johnma/ros2_ws/install/irobot_create_control/share/irobot_create_control/local_setup.zsh
[0.717s] -- Installing: /home/johnma/ros2_ws/install/irobot_create_control/share/irobot_create_control/local_setup.dsv
[0.717s] -- Installing: /home/johnma/ros2_ws/install/irobot_create_control/share/irobot_create_control/package.dsv
[0.718s] -- Installing: /home/johnma/ros2_ws/install/irobot_create_control/share/ament_index/resource_index/packages/irobot_create_control
[0.718s] -- Installing: /home/johnma/ros2_ws/install/irobot_create_control/share/irobot_create_control/cmake/irobot_create_controlConfig.cmake
[0.718s] -- Installing: /home/johnma/ros2_ws/install/irobot_create_control/share/irobot_create_control/cmake/irobot_create_controlConfig-version.cmake
[0.718s] -- Installing: /home/johnma/ros2_ws/install/irobot_create_control/share/irobot_create_control/package.xml
[0.730s] Invoked command in '/home/johnma/ros2_ws/build/irobot_create_control' returned '0': CMAKE_PREFIX_PATH=${CMAKE_PREFIX_PATH}:/home/johnma/ros2_ws/install/qbert_py_movement:/home/johnma/create3_examples_ws/install/create3_teleop:/home/johnma/create3_examples_ws/install/create3_examples_py:/opt/ros/humble /usr/bin/cmake --install /home/johnma/ros2_ws/build/irobot_create_control
