-- Install configuration: ""
-- Up-to-date: /home/johnma/ros2_ws/install/udbot_description/share/udbot_description/launch
-- Up-to-date: /home/johnma/ros2_ws/install/udbot_description/share/udbot_description/launch/robot_description.launch.py
-- Up-to-date: /home/johnma/ros2_ws/install/udbot_description/share/udbot_description/meshes
-- Up-to-date: /home/johnma/ros2_ws/install/udbot_description/share/udbot_description/meshes/raspberry_pi_4b.dae
-- Up-to-date: /home/johnma/ros2_ws/install/udbot_description/share/udbot_description/meshes/realsense_mount.dae
-- Up-to-date: /home/johnma/ros2_ws/install/udbot_description/share/udbot_description/meshes/realsense.dae
-- Up-to-date: /home/johnma/ros2_ws/install/udbot_description/share/udbot_description/meshes/makerbeam_10cm.dae
-- Up-to-date: /home/johnma/ros2_ws/install/udbot_description/share/udbot_description/meshes/mast_mount.dae
-- Up-to-date: /home/johnma/ros2_ws/install/udbot_description/share/udbot_description/meshes/rplidar.dae
-- Up-to-date: /home/johnma/ros2_ws/install/udbot_description/share/udbot_description/urdf
-- Up-to-date: /home/johnma/ros2_ws/install/udbot_description/share/udbot_description/urdf/sensors
-- Up-to-date: /home/johnma/ros2_ws/install/udbot_description/share/udbot_description/urdf/sensors/camera_mast.urdf.xacro
-- Up-to-date: /home/johnma/ros2_ws/install/udbot_description/share/udbot_description/urdf/sensors/raspberry_pi.urdf.xacro
-- Up-to-date: /home/johnma/ros2_ws/install/udbot_description/share/udbot_description/urdf/sensors/rplidar.urdf.xacro
-- Up-to-date: /home/johnma/ros2_ws/install/udbot_description/share/udbot_description/urdf/sensors/realsense.urdf.xacro
-- Up-to-date: /home/johnma/ros2_ws/install/udbot_description/share/udbot_description/urdf/sensors/camera_mount.urdf.xacro
-- Up-to-date: /home/johnma/ros2_ws/install/udbot_description/share/udbot_description/urdf/ud
-- Up-to-date: /home/johnma/ros2_ws/install/udbot_description/share/udbot_description/urdf/ud/model.config
-- Up-to-date: /home/johnma/ros2_ws/install/udbot_description/share/udbot_description/urdf/ud/udbot.urdf.xacro
-- Up-to-date: /home/johnma/ros2_ws/install/udbot_description/share/ament_index/resource_index/package_run_dependencies/udbot_description
-- Up-to-date: /home/johnma/ros2_ws/install/udbot_description/share/ament_index/resource_index/parent_prefix_path/udbot_description
-- Up-to-date: /home/johnma/ros2_ws/install/udbot_description/share/udbot_description/environment/ament_prefix_path.sh
-- Up-to-date: /home/johnma/ros2_ws/install/udbot_description/share/udbot_description/environment/ament_prefix_path.dsv
-- Up-to-date: /home/johnma/ros2_ws/install/udbot_description/share/udbot_description/environment/path.sh
-- Up-to-date: /home/johnma/ros2_ws/install/udbot_description/share/udbot_description/environment/path.dsv
-- Up-to-date: /home/johnma/ros2_ws/install/udbot_description/share/udbot_description/local_setup.bash
-- Up-to-date: /home/johnma/ros2_ws/install/udbot_description/share/udbot_description/local_setup.sh
-- Up-to-date: /home/johnma/ros2_ws/install/udbot_description/share/udbot_description/local_setup.zsh
-- Up-to-date: /home/johnma/ros2_ws/install/udbot_description/share/udbot_description/local_setup.dsv
-- Up-to-date: /home/johnma/ros2_ws/install/udbot_description/share/udbot_description/package.dsv
-- Up-to-date: /home/johnma/ros2_ws/install/udbot_description/share/ament_index/resource_index/packages/udbot_description
-- Up-to-date: /home/johnma/ros2_ws/install/udbot_description/share/udbot_description/cmake/udbot_descriptionConfig.cmake
-- Up-to-date: /home/johnma/ros2_ws/install/udbot_description/share/udbot_description/cmake/udbot_descriptionConfig-version.cmake
-- Up-to-date: /home/johnma/ros2_ws/install/udbot_description/share/udbot_description/package.xml
