[0.018s] Invoking command in '/home/johnma/ros2_ws/build/irobot_create_control': CMAKE_PREFIX_PATH=${CMAKE_PREFIX_PATH}:/home/johnma/ros2_ws/install/qbert_py_movement:/home/johnma/create3_examples_ws/install/create3_teleop:/home/johnma/create3_examples_ws/install/create3_examples_py:/opt/ros/humble /usr/bin/cmake /home/johnma/ros2_ws/src/create3_sim/irobot_create_common/irobot_create_control -DCMAKE_INSTALL_PREFIX=/home/johnma/ros2_ws/install/irobot_create_control
[0.116s] -- The C compiler identification is GNU 11.3.0
[0.216s] -- The CXX compiler identification is GNU 11.3.0
[0.240s] -- Detecting C compiler ABI info
[0.376s] -- Detecting C compiler ABI info - done
[0.379s] -- Check for working C compiler: /usr/bin/cc - skipped
[0.379s] -- Detecting C compile features
[0.380s] -- Detecting C compile features - done
[0.384s] -- Detecting CXX compiler ABI info
[0.541s] -- Detecting CXX compiler ABI info - done
[0.560s] -- Check for working CXX compiler: /usr/bin/c++ - skipped
[0.561s] -- Detecting CXX compile features
[0.561s] -- Detecting CXX compile features - done
[0.565s] -- Found ament_cmake: 1.3.3 (/opt/ros/humble/share/ament_cmake/cmake)
[0.920s] -- Found Python3: /usr/bin/python3.10 (found version "3.10.6") found components: Interpreter 
[1.099s] -- Found ament_lint_auto: 0.12.5 (/opt/ros/humble/share/ament_lint_auto/cmake)
[1.241s] -- Added test 'flake8' to check Python code syntax and style conventions
[1.243s] -- Added test 'lint_cmake' to check CMake code style
[1.244s] -- Added test 'pep257' to check Python code against some of the docstring style conventions in PEP 257
[1.247s] -- Added test 'xmllint' to check XML markup files
[1.250s] -- Configuring done
[1.259s] -- Generating done
[1.260s] -- Build files have been written to: /home/johnma/ros2_ws/build/irobot_create_control
[1.267s] Invoked command in '/home/johnma/ros2_ws/build/irobot_create_control' returned '0': CMAKE_PREFIX_PATH=${CMAKE_PREFIX_PATH}:/home/johnma/ros2_ws/install/qbert_py_movement:/home/johnma/create3_examples_ws/install/create3_teleop:/home/johnma/create3_examples_ws/install/create3_examples_py:/opt/ros/humble /usr/bin/cmake /home/johnma/ros2_ws/src/create3_sim/irobot_create_common/irobot_create_control -DCMAKE_INSTALL_PREFIX=/home/johnma/ros2_ws/install/irobot_create_control
[1.268s] Invoking command in '/home/johnma/ros2_ws/build/irobot_create_control': CMAKE_PREFIX_PATH=${CMAKE_PREFIX_PATH}:/home/johnma/ros2_ws/install/qbert_py_movement:/home/johnma/create3_examples_ws/install/create3_teleop:/home/johnma/create3_examples_ws/install/create3_examples_py:/opt/ros/humble /usr/bin/cmake --build /home/johnma/ros2_ws/build/irobot_create_control -- -j4 -l4
[1.387s] Invoked command in '/home/johnma/ros2_ws/build/irobot_create_control' returned '0': CMAKE_PREFIX_PATH=${CMAKE_PREFIX_PATH}:/home/johnma/ros2_ws/install/qbert_py_movement:/home/johnma/create3_examples_ws/install/create3_teleop:/home/johnma/create3_examples_ws/install/create3_examples_py:/opt/ros/humble /usr/bin/cmake --build /home/johnma/ros2_ws/build/irobot_create_control -- -j4 -l4
[1.445s] Invoking command in '/home/johnma/ros2_ws/build/irobot_create_control': CMAKE_PREFIX_PATH=${CMAKE_PREFIX_PATH}:/home/johnma/ros2_ws/install/qbert_py_movement:/home/johnma/create3_examples_ws/install/create3_teleop:/home/johnma/create3_examples_ws/install/create3_examples_py:/opt/ros/humble /usr/bin/cmake --install /home/johnma/ros2_ws/build/irobot_create_control
[1.457s] -- Install configuration: ""
[1.457s] -- Installing: /home/johnma/ros2_ws/install/irobot_create_control/share/irobot_create_control//launch
[1.457s] -- Installing: /home/johnma/ros2_ws/install/irobot_create_control/share/irobot_create_control//launch/include
[1.457s] -- Installing: /home/johnma/ros2_ws/install/irobot_create_control/share/irobot_create_control//launch/include/control.py
[1.458s] -- Installing: /home/johnma/ros2_ws/install/irobot_create_control/share/irobot_create_control//config
[1.458s] -- Installing: /home/johnma/ros2_ws/install/irobot_create_control/share/irobot_create_control//config/control.yaml
[1.458s] -- Installing: /home/johnma/ros2_ws/install/irobot_create_control/share/ament_index/resource_index/package_run_dependencies/irobot_create_control
[1.459s] -- Installing: /home/johnma/ros2_ws/install/irobot_create_control/share/ament_index/resource_index/parent_prefix_path/irobot_create_control
[1.459s] -- Installing: /home/johnma/ros2_ws/install/irobot_create_control/share/irobot_create_control/environment/ament_prefix_path.sh
[1.459s] -- Installing: /home/johnma/ros2_ws/install/irobot_create_control/share/irobot_create_control/environment/ament_prefix_path.dsv
[1.484s] -- Installing: /home/johnma/ros2_ws/install/irobot_create_control/share/irobot_create_control/environment/path.sh
[1.484s] -- Installing: /home/johnma/ros2_ws/install/irobot_create_control/share/irobot_create_control/environment/path.dsv
[1.484s] -- Installing: /home/johnma/ros2_ws/install/irobot_create_control/share/irobot_create_control/local_setup.bash
[1.484s] -- Installing: /home/johnma/ros2_ws/install/irobot_create_control/share/irobot_create_control/local_setup.sh
[1.484s] -- Installing: /home/johnma/ros2_ws/install/irobot_create_control/share/irobot_create_control/local_setup.zsh
[1.484s] -- Installing: /home/johnma/ros2_ws/install/irobot_create_control/share/irobot_create_control/local_setup.dsv
[1.485s] -- Installing: /home/johnma/ros2_ws/install/irobot_create_control/share/irobot_create_control/package.dsv
[1.485s] -- Installing: /home/johnma/ros2_ws/install/irobot_create_control/share/ament_index/resource_index/packages/irobot_create_control
[1.485s] -- Installing: /home/johnma/ros2_ws/install/irobot_create_control/share/irobot_create_control/cmake/irobot_create_controlConfig.cmake
[1.485s] -- Installing: /home/johnma/ros2_ws/install/irobot_create_control/share/irobot_create_control/cmake/irobot_create_controlConfig-version.cmake
[1.485s] -- Installing: /home/johnma/ros2_ws/install/irobot_create_control/share/irobot_create_control/package.xml
[1.511s] Invoked command in '/home/johnma/ros2_ws/build/irobot_create_control' returned '0': CMAKE_PREFIX_PATH=${CMAKE_PREFIX_PATH}:/home/johnma/ros2_ws/install/qbert_py_movement:/home/johnma/create3_examples_ws/install/create3_teleop:/home/johnma/create3_examples_ws/install/create3_examples_py:/opt/ros/humble /usr/bin/cmake --install /home/johnma/ros2_ws/build/irobot_create_control
