[0.018s] Invoking command in '/home/johnma/ros2_ws/build/irobot_create_description': CMAKE_PREFIX_PATH=${CMAKE_PREFIX_PATH}:/home/johnma/ros2_ws/install/qbert_py_movement:/home/johnma/create3_examples_ws/install/create3_teleop:/home/johnma/create3_examples_ws/install/create3_examples_py:/opt/ros/humble /usr/bin/cmake /home/johnma/ros2_ws/src/create3_sim/irobot_create_common/irobot_create_description -DCMAKE_INSTALL_PREFIX=/home/johnma/ros2_ws/install/irobot_create_description
[0.130s] -- The C compiler identification is GNU 11.3.0
[0.255s] -- The CXX compiler identification is GNU 11.3.0
[0.271s] -- Detecting C compiler ABI info
[0.427s] -- Detecting C compiler ABI info - done
[0.443s] -- Check for working C compiler: /usr/bin/cc - skipped
[0.443s] -- Detecting C compile features
[0.443s] -- Detecting C compile features - done
[0.451s] -- Detecting CXX compiler ABI info
[0.559s] -- Detecting CXX compiler ABI info - done
[0.571s] -- Check for working CXX compiler: /usr/bin/c++ - skipped
[0.572s] -- Detecting CXX compile features
[0.573s] -- Detecting CXX compile features - done
[0.577s] -- Found ament_cmake: 1.3.3 (/opt/ros/humble/share/ament_cmake/cmake)
[0.989s] -- Found Python3: /usr/bin/python3.10 (found version "3.10.6") found components: Interpreter 
[1.132s] -- Found ament_lint_auto: 0.12.5 (/opt/ros/humble/share/ament_lint_auto/cmake)
[1.232s] -- Added test 'lint_cmake' to check CMake code style
[1.234s] -- Configuring done
[1.238s] -- Generating done
[1.241s] -- Build files have been written to: /home/johnma/ros2_ws/build/irobot_create_description
[1.254s] Invoked command in '/home/johnma/ros2_ws/build/irobot_create_description' returned '0': CMAKE_PREFIX_PATH=${CMAKE_PREFIX_PATH}:/home/johnma/ros2_ws/install/qbert_py_movement:/home/johnma/create3_examples_ws/install/create3_teleop:/home/johnma/create3_examples_ws/install/create3_examples_py:/opt/ros/humble /usr/bin/cmake /home/johnma/ros2_ws/src/create3_sim/irobot_create_common/irobot_create_description -DCMAKE_INSTALL_PREFIX=/home/johnma/ros2_ws/install/irobot_create_description
[1.257s] Invoking command in '/home/johnma/ros2_ws/build/irobot_create_description': CMAKE_PREFIX_PATH=${CMAKE_PREFIX_PATH}:/home/johnma/ros2_ws/install/qbert_py_movement:/home/johnma/create3_examples_ws/install/create3_teleop:/home/johnma/create3_examples_ws/install/create3_examples_py:/opt/ros/humble /usr/bin/cmake --build /home/johnma/ros2_ws/build/irobot_create_description -- -j4 -l4
[1.353s] Invoked command in '/home/johnma/ros2_ws/build/irobot_create_description' returned '0': CMAKE_PREFIX_PATH=${CMAKE_PREFIX_PATH}:/home/johnma/ros2_ws/install/qbert_py_movement:/home/johnma/create3_examples_ws/install/create3_teleop:/home/johnma/create3_examples_ws/install/create3_examples_py:/opt/ros/humble /usr/bin/cmake --build /home/johnma/ros2_ws/build/irobot_create_description -- -j4 -l4
[1.442s] Invoking command in '/home/johnma/ros2_ws/build/irobot_create_description': CMAKE_PREFIX_PATH=${CMAKE_PREFIX_PATH}:/home/johnma/ros2_ws/install/qbert_py_movement:/home/johnma/create3_examples_ws/install/create3_teleop:/home/johnma/create3_examples_ws/install/create3_examples_py:/opt/ros/humble /usr/bin/cmake --install /home/johnma/ros2_ws/build/irobot_create_description
[1.457s] -- Install configuration: ""
[1.457s] -- Installing: /home/johnma/ros2_ws/install/irobot_create_description/share/irobot_create_description//meshes
[1.457s] -- Installing: /home/johnma/ros2_ws/install/irobot_create_description/share/irobot_create_description//meshes/bumper_collision.dae
[1.458s] -- Installing: /home/johnma/ros2_ws/install/irobot_create_description/share/irobot_create_description//meshes/body_visual.dae
[1.460s] -- Installing: /home/johnma/ros2_ws/install/irobot_create_description/share/irobot_create_description//meshes/bumper_visual.dae
[1.461s] -- Installing: /home/johnma/ros2_ws/install/irobot_create_description/share/irobot_create_description//meshes/dock
[1.461s] -- Installing: /home/johnma/ros2_ws/install/irobot_create_description/share/irobot_create_description//meshes/dock/visual.dae
[1.469s] -- Installing: /home/johnma/ros2_ws/install/irobot_create_description/share/irobot_create_description//urdf
[1.469s] -- Installing: /home/johnma/ros2_ws/install/irobot_create_description/share/irobot_create_description//urdf/sensors
[1.469s] -- Installing: /home/johnma/ros2_ws/install/irobot_create_description/share/irobot_create_description//urdf/sensors/ir_opcode_receivers.urdf.xacro
[1.469s] -- Installing: /home/johnma/ros2_ws/install/irobot_create_description/share/irobot_create_description//urdf/sensors/imu.urdf.xacro
[1.469s] -- Installing: /home/johnma/ros2_ws/install/irobot_create_description/share/irobot_create_description//urdf/sensors/ir_intensity.urdf.xacro
[1.469s] -- Installing: /home/johnma/ros2_ws/install/irobot_create_description/share/irobot_create_description//urdf/sensors/optical_mouse.urdf.xacro
[1.470s] -- Installing: /home/johnma/ros2_ws/install/irobot_create_description/share/irobot_create_description//urdf/sensors/cliff_sensor.urdf.xacro
[1.470s] -- Installing: /home/johnma/ros2_ws/install/irobot_create_description/share/irobot_create_description//urdf/wheel_with_wheeldrop.urdf.xacro
[1.470s] -- Installing: /home/johnma/ros2_ws/install/irobot_create_description/share/irobot_create_description//urdf/button.urdf.xacro
[1.470s] -- Installing: /home/johnma/ros2_ws/install/irobot_create_description/share/irobot_create_description//urdf/wheel.urdf.xacro
[1.470s] -- Installing: /home/johnma/ros2_ws/install/irobot_create_description/share/irobot_create_description//urdf/create3.urdf.xacro
[1.470s] -- Installing: /home/johnma/ros2_ws/install/irobot_create_description/share/irobot_create_description//urdf/bumper.urdf.xacro
[1.471s] -- Installing: /home/johnma/ros2_ws/install/irobot_create_description/share/irobot_create_description//urdf/caster.urdf.xacro
[1.471s] -- Installing: /home/johnma/ros2_ws/install/irobot_create_description/share/irobot_create_description//urdf/wheel_drop.urdf.xacro
[1.471s] -- Installing: /home/johnma/ros2_ws/install/irobot_create_description/share/irobot_create_description//urdf/common_properties.urdf.xacro
[1.471s] -- Installing: /home/johnma/ros2_ws/install/irobot_create_description/share/irobot_create_description//urdf/dock
[1.471s] -- Installing: /home/johnma/ros2_ws/install/irobot_create_description/share/irobot_create_description//urdf/dock/standard_dock.urdf.xacro
[1.471s] -- Installing: /home/johnma/ros2_ws/install/irobot_create_description/share/irobot_create_description//urdf/dock/ir_emitter.urdf.xacro
[1.471s] -- Installing: /home/johnma/ros2_ws/install/irobot_create_description/share/ament_index/resource_index/package_run_dependencies/irobot_create_description
[1.472s] -- Installing: /home/johnma/ros2_ws/install/irobot_create_description/share/ament_index/resource_index/parent_prefix_path/irobot_create_description
[1.472s] -- Installing: /home/johnma/ros2_ws/install/irobot_create_description/share/irobot_create_description/environment/ament_prefix_path.sh
[1.472s] -- Installing: /home/johnma/ros2_ws/install/irobot_create_description/share/irobot_create_description/environment/ament_prefix_path.dsv
[1.472s] -- Installing: /home/johnma/ros2_ws/install/irobot_create_description/share/irobot_create_description/environment/path.sh
[1.472s] -- Installing: /home/johnma/ros2_ws/install/irobot_create_description/share/irobot_create_description/environment/path.dsv
[1.473s] -- Installing: /home/johnma/ros2_ws/install/irobot_create_description/share/irobot_create_description/local_setup.bash
[1.473s] -- Installing: /home/johnma/ros2_ws/install/irobot_create_description/share/irobot_create_description/local_setup.sh
[1.473s] -- Installing: /home/johnma/ros2_ws/install/irobot_create_description/share/irobot_create_description/local_setup.zsh
[1.473s] -- Installing: /home/johnma/ros2_ws/install/irobot_create_description/share/irobot_create_description/local_setup.dsv
[1.473s] -- Installing: /home/johnma/ros2_ws/install/irobot_create_description/share/irobot_create_description/package.dsv
[1.474s] -- Installing: /home/johnma/ros2_ws/install/irobot_create_description/share/ament_index/resource_index/packages/irobot_create_description
[1.474s] -- Installing: /home/johnma/ros2_ws/install/irobot_create_description/share/irobot_create_description/cmake/irobot_create_descriptionConfig.cmake
[1.474s] -- Installing: /home/johnma/ros2_ws/install/irobot_create_description/share/irobot_create_description/cmake/irobot_create_descriptionConfig-version.cmake
[1.474s] -- Installing: /home/johnma/ros2_ws/install/irobot_create_description/share/irobot_create_description/package.xml
[1.486s] Invoked command in '/home/johnma/ros2_ws/build/irobot_create_description' returned '0': CMAKE_PREFIX_PATH=${CMAKE_PREFIX_PATH}:/home/johnma/ros2_ws/install/qbert_py_movement:/home/johnma/create3_examples_ws/install/create3_teleop:/home/johnma/create3_examples_ws/install/create3_examples_py:/opt/ros/humble /usr/bin/cmake --install /home/johnma/ros2_ws/build/irobot_create_description
