[0.701s] Invoking command in '/home/johnma/ros2_ws/src/qbert_py_movement': PYTHONPATH=/home/johnma/ros2_ws/build/qbert_py_movement/prefix_override:/home/johnma/ros2_ws/install/qbert_py_movement/lib/python3.10/site-packages:${PYTHONPATH} /usr/bin/python3 setup.py egg_info --egg-base ../../build/qbert_py_movement build --build-base /home/johnma/ros2_ws/build/qbert_py_movement/build install --record /home/johnma/ros2_ws/build/qbert_py_movement/install.log --single-version-externally-managed
[1.074s] running egg_info
[1.077s] writing ../../build/qbert_py_movement/qbert_py_movement.egg-info/PKG-INFO
[1.077s] writing dependency_links to ../../build/qbert_py_movement/qbert_py_movement.egg-info/dependency_links.txt
[1.077s] writing entry points to ../../build/qbert_py_movement/qbert_py_movement.egg-info/entry_points.txt
[1.077s] writing requirements to ../../build/qbert_py_movement/qbert_py_movement.egg-info/requires.txt
[1.077s] writing top-level names to ../../build/qbert_py_movement/qbert_py_movement.egg-info/top_level.txt
[1.078s] reading manifest file '../../build/qbert_py_movement/qbert_py_movement.egg-info/SOURCES.txt'
[1.079s] writing manifest file '../../build/qbert_py_movement/qbert_py_movement.egg-info/SOURCES.txt'
[1.080s] running build
[1.080s] running build_py
[1.080s] copying qbert_py_movement/wanderer.py -> /home/johnma/ros2_ws/build/qbert_py_movement/build/lib/qbert_py_movement
[1.080s] running install
[1.081s] /usr/lib/python3/dist-packages/setuptools/command/install.py:34: SetuptoolsDeprecationWarning: setup.py install is deprecated. Use build and pip and other standards-based tools.
[1.081s]   warnings.warn(
[1.081s] running install_lib
[1.083s] copying /home/johnma/ros2_ws/build/qbert_py_movement/build/lib/qbert_py_movement/wanderer.py -> /home/johnma/ros2_ws/install/qbert_py_movement/lib/python3.10/site-packages/qbert_py_movement
[1.084s] byte-compiling /home/johnma/ros2_ws/install/qbert_py_movement/lib/python3.10/site-packages/qbert_py_movement/wanderer.py to wanderer.cpython-310.pyc
[1.084s] running install_data
[1.085s] running install_egg_info
[1.087s] removing '/home/johnma/ros2_ws/install/qbert_py_movement/lib/python3.10/site-packages/qbert_py_movement-0.0.0-py3.10.egg-info' (and everything under it)
[1.087s] Copying ../../build/qbert_py_movement/qbert_py_movement.egg-info to /home/johnma/ros2_ws/install/qbert_py_movement/lib/python3.10/site-packages/qbert_py_movement-0.0.0-py3.10.egg-info
[1.088s] running install_scripts
[1.112s] Installing listener script to /home/johnma/ros2_ws/install/qbert_py_movement/lib/qbert_py_movement
[1.112s] Installing talker script to /home/johnma/ros2_ws/install/qbert_py_movement/lib/qbert_py_movement
[1.112s] Installing wanderer script to /home/johnma/ros2_ws/install/qbert_py_movement/lib/qbert_py_movement
[1.112s] writing list of installed files to '/home/johnma/ros2_ws/build/qbert_py_movement/install.log'
[1.140s] Invoked command in '/home/johnma/ros2_ws/src/qbert_py_movement' returned '0': PYTHONPATH=/home/johnma/ros2_ws/build/qbert_py_movement/prefix_override:/home/johnma/ros2_ws/install/qbert_py_movement/lib/python3.10/site-packages:${PYTHONPATH} /usr/bin/python3 setup.py egg_info --egg-base ../../build/qbert_py_movement build --build-base /home/johnma/ros2_ws/build/qbert_py_movement/build install --record /home/johnma/ros2_ws/build/qbert_py_movement/install.log --single-version-externally-managed
