[0.060s] Invoking command in '/home/johnma/ros2_ws/build/udbot_description': AMENT_PREFIX_PATH=/home/johnma/ros2_ws/install/irobot_create_description:${AMENT_PREFIX_PATH} CMAKE_PREFIX_PATH=/home/johnma/ros2_ws/install/irobot_create_description:/home/johnma/ros2_ws/install/turtlesim:/home/johnma/create3_examples_ws/install/create3_lidar:/home/johnma/create3_examples_ws/install/create3_coverage:/home/johnma/create3_examples_ws/install/create3_examples_msgs:/home/johnma/ros2_ws/install/qbert_py_movement:/home/johnma/create3_examples_ws/install/create3_teleop:/home/johnma/create3_examples_ws/install/create3_examples_py:/opt/ros/humble /usr/bin/cmake /home/johnma/ros2_ws/src/udbot/udbot_description -DCMAKE_INSTALL_PREFIX=/home/johnma/ros2_ws/install/udbot_description
[0.088s] -- Found ament_cmake: 1.3.3 (/opt/ros/humble/share/ament_cmake/cmake)
[0.308s] -- Found urdf: 2.6.0 (/opt/ros/humble/share/urdf/cmake)
[0.381s] -- Found irobot_create_description: 2.0.0 (/home/johnma/ros2_ws/install/irobot_create_description/share/irobot_create_description/cmake)
[0.383s] -- Found ament_lint_auto: 0.12.5 (/opt/ros/humble/share/ament_lint_auto/cmake)
[0.552s] -- Added test 'copyright' to check source files copyright and LICENSE
[0.557s] -- Added test 'flake8' to check Python code syntax and style conventions
[0.558s] -- Added test 'lint_cmake' to check CMake code style
[0.559s] -- Added test 'pep257' to check Python code against some of the docstring style conventions in PEP 257
[0.565s] -- Added test 'xmllint' to check XML markup files
[0.568s] -- Configuring done
[0.576s] -- Generating done
[0.577s] -- Build files have been written to: /home/johnma/ros2_ws/build/udbot_description
[0.595s] Invoked command in '/home/johnma/ros2_ws/build/udbot_description' returned '0': AMENT_PREFIX_PATH=/home/johnma/ros2_ws/install/irobot_create_description:${AMENT_PREFIX_PATH} CMAKE_PREFIX_PATH=/home/johnma/ros2_ws/install/irobot_create_description:/home/johnma/ros2_ws/install/turtlesim:/home/johnma/create3_examples_ws/install/create3_lidar:/home/johnma/create3_examples_ws/install/create3_coverage:/home/johnma/create3_examples_ws/install/create3_examples_msgs:/home/johnma/ros2_ws/install/qbert_py_movement:/home/johnma/create3_examples_ws/install/create3_teleop:/home/johnma/create3_examples_ws/install/create3_examples_py:/opt/ros/humble /usr/bin/cmake /home/johnma/ros2_ws/src/udbot/udbot_description -DCMAKE_INSTALL_PREFIX=/home/johnma/ros2_ws/install/udbot_description
[0.596s] Invoking command in '/home/johnma/ros2_ws/build/udbot_description': AMENT_PREFIX_PATH=/home/johnma/ros2_ws/install/irobot_create_description:${AMENT_PREFIX_PATH} CMAKE_PREFIX_PATH=/home/johnma/ros2_ws/install/irobot_create_description:/home/johnma/ros2_ws/install/turtlesim:/home/johnma/create3_examples_ws/install/create3_lidar:/home/johnma/create3_examples_ws/install/create3_coverage:/home/johnma/create3_examples_ws/install/create3_examples_msgs:/home/johnma/ros2_ws/install/qbert_py_movement:/home/johnma/create3_examples_ws/install/create3_teleop:/home/johnma/create3_examples_ws/install/create3_examples_py:/opt/ros/humble /usr/bin/cmake --build /home/johnma/ros2_ws/build/udbot_description -- -j4 -l4
[0.742s] Invoked command in '/home/johnma/ros2_ws/build/udbot_description' returned '0': AMENT_PREFIX_PATH=/home/johnma/ros2_ws/install/irobot_create_description:${AMENT_PREFIX_PATH} CMAKE_PREFIX_PATH=/home/johnma/ros2_ws/install/irobot_create_description:/home/johnma/ros2_ws/install/turtlesim:/home/johnma/create3_examples_ws/install/create3_lidar:/home/johnma/create3_examples_ws/install/create3_coverage:/home/johnma/create3_examples_ws/install/create3_examples_msgs:/home/johnma/ros2_ws/install/qbert_py_movement:/home/johnma/create3_examples_ws/install/create3_teleop:/home/johnma/create3_examples_ws/install/create3_examples_py:/opt/ros/humble /usr/bin/cmake --build /home/johnma/ros2_ws/build/udbot_description -- -j4 -l4
[0.927s] Invoking command in '/home/johnma/ros2_ws/build/udbot_description': AMENT_PREFIX_PATH=/home/johnma/ros2_ws/install/irobot_create_description:${AMENT_PREFIX_PATH} CMAKE_PREFIX_PATH=/home/johnma/ros2_ws/install/irobot_create_description:/home/johnma/ros2_ws/install/turtlesim:/home/johnma/create3_examples_ws/install/create3_lidar:/home/johnma/create3_examples_ws/install/create3_coverage:/home/johnma/create3_examples_ws/install/create3_examples_msgs:/home/johnma/ros2_ws/install/qbert_py_movement:/home/johnma/create3_examples_ws/install/create3_teleop:/home/johnma/create3_examples_ws/install/create3_examples_py:/opt/ros/humble /usr/bin/cmake --install /home/johnma/ros2_ws/build/udbot_description
[0.941s] -- Install configuration: ""
[0.953s] -- Installing: /home/johnma/ros2_ws/install/udbot_description/share/udbot_description/launch
[0.966s] -- Installing: /home/johnma/ros2_ws/install/udbot_description/share/udbot_description/launch/robot_description.launch.py
[0.966s] -- Installing: /home/johnma/ros2_ws/install/udbot_description/share/udbot_description/meshes
[0.966s] -- Installing: /home/johnma/ros2_ws/install/udbot_description/share/udbot_description/meshes/raspberry_pi_4b.dae
[0.967s] -- Installing: /home/johnma/ros2_ws/install/udbot_description/share/udbot_description/meshes/realsense_mount.dae
[0.969s] -- Installing: /home/johnma/ros2_ws/install/udbot_description/share/udbot_description/meshes/realsense.dae
[0.987s] -- Installing: /home/johnma/ros2_ws/install/udbot_description/share/udbot_description/meshes/makerbeam_10cm.dae
[0.987s] -- Installing: /home/johnma/ros2_ws/install/udbot_description/share/udbot_description/meshes/mast_mount.dae
[1.000s] -- Installing: /home/johnma/ros2_ws/install/udbot_description/share/udbot_description/meshes/rplidar.dae
[1.001s] -- Installing: /home/johnma/ros2_ws/install/udbot_description/share/udbot_description/urdf
[1.002s] -- Installing: /home/johnma/ros2_ws/install/udbot_description/share/udbot_description/urdf/sensors
[1.002s] -- Installing: /home/johnma/ros2_ws/install/udbot_description/share/udbot_description/urdf/sensors/camera_mast.urdf.xacro
[1.002s] -- Installing: /home/johnma/ros2_ws/install/udbot_description/share/udbot_description/urdf/sensors/raspberry_pi.urdf.xacro
[1.002s] -- Installing: /home/johnma/ros2_ws/install/udbot_description/share/udbot_description/urdf/sensors/rplidar.urdf.xacro
[1.003s] -- Installing: /home/johnma/ros2_ws/install/udbot_description/share/udbot_description/urdf/sensors/realsense.urdf.xacro
[1.003s] -- Installing: /home/johnma/ros2_ws/install/udbot_description/share/udbot_description/urdf/sensors/camera_mount.urdf.xacro
[1.009s] -- Installing: /home/johnma/ros2_ws/install/udbot_description/share/udbot_description/urdf/ud
[1.017s] -- Installing: /home/johnma/ros2_ws/install/udbot_description/share/udbot_description/urdf/ud/model.config
[1.017s] -- Installing: /home/johnma/ros2_ws/install/udbot_description/share/udbot_description/urdf/ud/udbot.urdf.xacro
[1.018s] -- Installing: /home/johnma/ros2_ws/install/udbot_description/share/ament_index/resource_index/package_run_dependencies/udbot_description
[1.018s] -- Installing: /home/johnma/ros2_ws/install/udbot_description/share/ament_index/resource_index/parent_prefix_path/udbot_description
[1.018s] -- Installing: /home/johnma/ros2_ws/install/udbot_description/share/udbot_description/environment/ament_prefix_path.sh
[1.018s] -- Installing: /home/johnma/ros2_ws/install/udbot_description/share/udbot_description/environment/ament_prefix_path.dsv
[1.019s] -- Installing: /home/johnma/ros2_ws/install/udbot_description/share/udbot_description/environment/path.sh
[1.019s] -- Installing: /home/johnma/ros2_ws/install/udbot_description/share/udbot_description/environment/path.dsv
[1.019s] -- Installing: /home/johnma/ros2_ws/install/udbot_description/share/udbot_description/local_setup.bash
[1.020s] -- Installing: /home/johnma/ros2_ws/install/udbot_description/share/udbot_description/local_setup.sh
[1.020s] -- Installing: /home/johnma/ros2_ws/install/udbot_description/share/udbot_description/local_setup.zsh
[1.020s] -- Installing: /home/johnma/ros2_ws/install/udbot_description/share/udbot_description/local_setup.dsv
[1.021s] -- Installing: /home/johnma/ros2_ws/install/udbot_description/share/udbot_description/package.dsv
[1.021s] -- Installing: /home/johnma/ros2_ws/install/udbot_description/share/ament_index/resource_index/packages/udbot_description
[1.022s] -- Installing: /home/johnma/ros2_ws/install/udbot_description/share/udbot_description/cmake/udbot_descriptionConfig.cmake
[1.022s] -- Installing: /home/johnma/ros2_ws/install/udbot_description/share/udbot_description/cmake/udbot_descriptionConfig-version.cmake
[1.022s] -- Installing: /home/johnma/ros2_ws/install/udbot_description/share/udbot_description/package.xml
[1.028s] Invoked command in '/home/johnma/ros2_ws/build/udbot_description' returned '0': AMENT_PREFIX_PATH=/home/johnma/ros2_ws/install/irobot_create_description:${AMENT_PREFIX_PATH} CMAKE_PREFIX_PATH=/home/johnma/ros2_ws/install/irobot_create_description:/home/johnma/ros2_ws/install/turtlesim:/home/johnma/create3_examples_ws/install/create3_lidar:/home/johnma/create3_examples_ws/install/create3_coverage:/home/johnma/create3_examples_ws/install/create3_examples_msgs:/home/johnma/ros2_ws/install/qbert_py_movement:/home/johnma/create3_examples_ws/install/create3_teleop:/home/johnma/create3_examples_ws/install/create3_examples_py:/opt/ros/humble /usr/bin/cmake --install /home/johnma/ros2_ws/build/udbot_description
