[0.598s] Invoking command in '/home/johnma/ros2_ws/src/qbert_py_movement': PYTHONPATH=/home/johnma/ros2_ws/build/qbert_py_movement/prefix_override:/home/johnma/ros2_ws/install/qbert_py_movement/lib/python3.10/site-packages:${PYTHONPATH} /usr/bin/python3 setup.py egg_info --egg-base ../../build/qbert_py_movement build --build-base /home/johnma/ros2_ws/build/qbert_py_movement/build install --record /home/johnma/ros2_ws/build/qbert_py_movement/install.log --single-version-externally-managed
[0.834s] running egg_info
[0.834s] writing ../../build/qbert_py_movement/qbert_py_movement.egg-info/PKG-INFO
[0.835s] writing dependency_links to ../../build/qbert_py_movement/qbert_py_movement.egg-info/dependency_links.txt
[0.835s] writing entry points to ../../build/qbert_py_movement/qbert_py_movement.egg-info/entry_points.txt
[0.835s] writing requirements to ../../build/qbert_py_movement/qbert_py_movement.egg-info/requires.txt
[0.836s] writing top-level names to ../../build/qbert_py_movement/qbert_py_movement.egg-info/top_level.txt
[0.838s] reading manifest file '../../build/qbert_py_movement/qbert_py_movement.egg-info/SOURCES.txt'
[0.839s] writing manifest file '../../build/qbert_py_movement/qbert_py_movement.egg-info/SOURCES.txt'
[0.839s] running build
[0.840s] running build_py
[0.840s] copying qbert_py_movement/reactor.py -> /home/johnma/ros2_ws/build/qbert_py_movement/build/lib/qbert_py_movement
[0.840s] running install
[0.840s] /usr/lib/python3/dist-packages/setuptools/command/install.py:34: SetuptoolsDeprecationWarning: setup.py install is deprecated. Use build and pip and other standards-based tools.
[0.841s]   warnings.warn(
[0.841s] running install_lib
[0.843s] copying /home/johnma/ros2_ws/build/qbert_py_movement/build/lib/qbert_py_movement/reactor.py -> /home/johnma/ros2_ws/install/qbert_py_movement/lib/python3.10/site-packages/qbert_py_movement
[0.843s] byte-compiling /home/johnma/ros2_ws/install/qbert_py_movement/lib/python3.10/site-packages/qbert_py_movement/reactor.py to reactor.cpython-310.pyc
[0.844s] running install_data
[0.845s] running install_egg_info
[0.846s] removing '/home/johnma/ros2_ws/install/qbert_py_movement/lib/python3.10/site-packages/qbert_py_movement-0.0.0-py3.10.egg-info' (and everything under it)
[0.847s] Copying ../../build/qbert_py_movement/qbert_py_movement.egg-info to /home/johnma/ros2_ws/install/qbert_py_movement/lib/python3.10/site-packages/qbert_py_movement-0.0.0-py3.10.egg-info
[0.848s] running install_scripts
[0.871s] Installing listener script to /home/johnma/ros2_ws/install/qbert_py_movement/lib/qbert_py_movement
[0.872s] Installing reactor script to /home/johnma/ros2_ws/install/qbert_py_movement/lib/qbert_py_movement
[0.872s] Installing talker script to /home/johnma/ros2_ws/install/qbert_py_movement/lib/qbert_py_movement
[0.872s] Installing wanderer script to /home/johnma/ros2_ws/install/qbert_py_movement/lib/qbert_py_movement
[0.873s] writing list of installed files to '/home/johnma/ros2_ws/build/qbert_py_movement/install.log'
[0.902s] Invoked command in '/home/johnma/ros2_ws/src/qbert_py_movement' returned '0': PYTHONPATH=/home/johnma/ros2_ws/build/qbert_py_movement/prefix_override:/home/johnma/ros2_ws/install/qbert_py_movement/lib/python3.10/site-packages:${PYTHONPATH} /usr/bin/python3 setup.py egg_info --egg-base ../../build/qbert_py_movement build --build-base /home/johnma/ros2_ws/build/qbert_py_movement/build install --record /home/johnma/ros2_ws/build/qbert_py_movement/install.log --single-version-externally-managed
