[0.310s] Invoking command in '/home/johnma/ros2_ws/src/qbert_py_laserfollow': PYTHONPATH=/home/johnma/ros2_ws/src/qbert_py_laserfollow/build/qbert_py_laserfollow/prefix_override:/home/johnma/ros2_ws/src/qbert_py_laserfollow/install/qbert_py_laserfollow/lib/python3.10/site-packages:${PYTHONPATH} /usr/bin/python3 setup.py egg_info --egg-base build/qbert_py_laserfollow build --build-base /home/johnma/ros2_ws/src/qbert_py_laserfollow/build/qbert_py_laserfollow/build install --record /home/johnma/ros2_ws/src/qbert_py_laserfollow/build/qbert_py_laserfollow/install.log --single-version-externally-managed
[0.424s] running egg_info
[0.424s] writing build/qbert_py_laserfollow/qbert_py_laserfollow.egg-info/PKG-INFO
[0.425s] writing dependency_links to build/qbert_py_laserfollow/qbert_py_laserfollow.egg-info/dependency_links.txt
[0.425s] writing entry points to build/qbert_py_laserfollow/qbert_py_laserfollow.egg-info/entry_points.txt
[0.425s] writing requirements to build/qbert_py_laserfollow/qbert_py_laserfollow.egg-info/requires.txt
[0.425s] writing top-level names to build/qbert_py_laserfollow/qbert_py_laserfollow.egg-info/top_level.txt
[0.426s] reading manifest file 'build/qbert_py_laserfollow/qbert_py_laserfollow.egg-info/SOURCES.txt'
[0.426s] writing manifest file 'build/qbert_py_laserfollow/qbert_py_laserfollow.egg-info/SOURCES.txt'
[0.427s] running build
[0.427s] running build_py
[0.427s] copying qbert_py_laserfollow/laserfollow.py -> /home/johnma/ros2_ws/src/qbert_py_laserfollow/build/qbert_py_laserfollow/build/lib/qbert_py_laserfollow
[0.427s] running install
[0.427s] running install_lib
[0.428s] copying /home/johnma/ros2_ws/src/qbert_py_laserfollow/build/qbert_py_laserfollow/build/lib/qbert_py_laserfollow/laserfollow.py -> /home/johnma/ros2_ws/src/qbert_py_laserfollow/install/qbert_py_laserfollow/lib/python3.10/site-packages/qbert_py_laserfollow
[0.428s] byte-compiling /home/johnma/ros2_ws/src/qbert_py_laserfollow/install/qbert_py_laserfollow/lib/python3.10/site-packages/qbert_py_laserfollow/laserfollow.py to laserfollow.cpython-310.pyc
[0.429s] /usr/lib/python3/dist-packages/setuptools/command/install.py:34: SetuptoolsDeprecationWarning: setup.py install is deprecated. Use build and pip and other standards-based tools.
[0.429s]   warnings.warn(
[0.429s] running install_data
[0.429s] running install_egg_info
[0.430s] removing '/home/johnma/ros2_ws/src/qbert_py_laserfollow/install/qbert_py_laserfollow/lib/python3.10/site-packages/qbert_py_laserfollow-0.0.0-py3.10.egg-info' (and everything under it)
[0.430s] Copying build/qbert_py_laserfollow/qbert_py_laserfollow.egg-info to /home/johnma/ros2_ws/src/qbert_py_laserfollow/install/qbert_py_laserfollow/lib/python3.10/site-packages/qbert_py_laserfollow-0.0.0-py3.10.egg-info
[0.431s] running install_scripts
[0.441s] Installing laserfollow script to /home/johnma/ros2_ws/src/qbert_py_laserfollow/install/qbert_py_laserfollow/lib/qbert_py_laserfollow
[0.441s] writing list of installed files to '/home/johnma/ros2_ws/src/qbert_py_laserfollow/build/qbert_py_laserfollow/install.log'
[0.454s] Invoked command in '/home/johnma/ros2_ws/src/qbert_py_laserfollow' returned '0': PYTHONPATH=/home/johnma/ros2_ws/src/qbert_py_laserfollow/build/qbert_py_laserfollow/prefix_override:/home/johnma/ros2_ws/src/qbert_py_laserfollow/install/qbert_py_laserfollow/lib/python3.10/site-packages:${PYTHONPATH} /usr/bin/python3 setup.py egg_info --egg-base build/qbert_py_laserfollow build --build-base /home/johnma/ros2_ws/src/qbert_py_laserfollow/build/qbert_py_laserfollow/build install --record /home/johnma/ros2_ws/src/qbert_py_laserfollow/build/qbert_py_laserfollow/install.log --single-version-externally-managed
