[0.581s] Invoking command in '/home/johnma/ros2_ws/src/qbert_py_laserfollow': PYTHONPATH=/home/johnma/ros2_ws/build/qbert_py_laserfollow/prefix_override:/home/johnma/ros2_ws/install/qbert_py_laserfollow/lib/python3.10/site-packages:${PYTHONPATH} /usr/bin/python3 setup.py egg_info --egg-base ../../build/qbert_py_laserfollow build --build-base /home/johnma/ros2_ws/build/qbert_py_laserfollow/build install --record /home/johnma/ros2_ws/build/qbert_py_laserfollow/install.log --single-version-externally-managed
[0.719s] running egg_info
[0.719s] creating ../../build/qbert_py_laserfollow/qbert_py_laserfollow.egg-info
[0.719s] writing ../../build/qbert_py_laserfollow/qbert_py_laserfollow.egg-info/PKG-INFO
[0.719s] writing dependency_links to ../../build/qbert_py_laserfollow/qbert_py_laserfollow.egg-info/dependency_links.txt
[0.719s] writing entry points to ../../build/qbert_py_laserfollow/qbert_py_laserfollow.egg-info/entry_points.txt
[0.719s] writing requirements to ../../build/qbert_py_laserfollow/qbert_py_laserfollow.egg-info/requires.txt
[0.719s] writing top-level names to ../../build/qbert_py_laserfollow/qbert_py_laserfollow.egg-info/top_level.txt
[0.719s] writing manifest file '../../build/qbert_py_laserfollow/qbert_py_laserfollow.egg-info/SOURCES.txt'
[0.721s] reading manifest file '../../build/qbert_py_laserfollow/qbert_py_laserfollow.egg-info/SOURCES.txt'
[0.721s] writing manifest file '../../build/qbert_py_laserfollow/qbert_py_laserfollow.egg-info/SOURCES.txt'
[0.721s] running build
[0.722s] running build_py
[0.722s] creating /home/johnma/ros2_ws/build/qbert_py_laserfollow/build
[0.722s] creating /home/johnma/ros2_ws/build/qbert_py_laserfollow/build/lib
[0.722s] creating /home/johnma/ros2_ws/build/qbert_py_laserfollow/build/lib/qbert_py_laserfollow
[0.722s] copying qbert_py_laserfollow/__init__.py -> /home/johnma/ros2_ws/build/qbert_py_laserfollow/build/lib/qbert_py_laserfollow
[0.722s] running install
[0.722s] /usr/lib/python3/dist-packages/setuptools/command/install.py:34: SetuptoolsDeprecationWarning: setup.py install is deprecated. Use build and pip and other standards-based tools.
[0.722s]   warnings.warn(
[0.723s] running install_lib
[0.723s] creating /home/johnma/ros2_ws/install/qbert_py_laserfollow/lib/python3.10/site-packages/qbert_py_laserfollow
[0.723s] copying /home/johnma/ros2_ws/build/qbert_py_laserfollow/build/lib/qbert_py_laserfollow/__init__.py -> /home/johnma/ros2_ws/install/qbert_py_laserfollow/lib/python3.10/site-packages/qbert_py_laserfollow
[0.724s] byte-compiling /home/johnma/ros2_ws/install/qbert_py_laserfollow/lib/python3.10/site-packages/qbert_py_laserfollow/__init__.py to __init__.cpython-310.pyc
[0.724s] running install_data
[0.724s] creating /home/johnma/ros2_ws/install/qbert_py_laserfollow/share/ament_index
[0.724s] creating /home/johnma/ros2_ws/install/qbert_py_laserfollow/share/ament_index/resource_index
[0.724s] creating /home/johnma/ros2_ws/install/qbert_py_laserfollow/share/ament_index/resource_index/packages
[0.724s] copying resource/qbert_py_laserfollow -> /home/johnma/ros2_ws/install/qbert_py_laserfollow/share/ament_index/resource_index/packages
[0.724s] copying package.xml -> /home/johnma/ros2_ws/install/qbert_py_laserfollow/share/qbert_py_laserfollow
[0.724s] running install_egg_info
[0.725s] Copying ../../build/qbert_py_laserfollow/qbert_py_laserfollow.egg-info to /home/johnma/ros2_ws/install/qbert_py_laserfollow/lib/python3.10/site-packages/qbert_py_laserfollow-0.0.0-py3.10.egg-info
[0.725s] running install_scripts
[0.739s] writing list of installed files to '/home/johnma/ros2_ws/build/qbert_py_laserfollow/install.log'
[0.761s] Invoked command in '/home/johnma/ros2_ws/src/qbert_py_laserfollow' returned '0': PYTHONPATH=/home/johnma/ros2_ws/build/qbert_py_laserfollow/prefix_override:/home/johnma/ros2_ws/install/qbert_py_laserfollow/lib/python3.10/site-packages:${PYTHONPATH} /usr/bin/python3 setup.py egg_info --egg-base ../../build/qbert_py_laserfollow build --build-base /home/johnma/ros2_ws/build/qbert_py_laserfollow/build install --record /home/johnma/ros2_ws/build/qbert_py_laserfollow/install.log --single-version-externally-managed
