[0.037s] Invoking command in '/home/johnma/ros2_ws/build/irobot_create_gazebo_plugins': AMENT_PREFIX_PATH=/home/johnma/ros2_ws/install/irobot_create_toolbox:${AMENT_PREFIX_PATH} CMAKE_PREFIX_PATH=/home/johnma/ros2_ws/install/irobot_create_toolbox:/home/johnma/ros2_ws/install/turtlesim:/home/johnma/create3_examples_ws/install/create3_lidar:/home/johnma/create3_examples_ws/install/create3_coverage:/home/johnma/create3_examples_ws/install/create3_examples_msgs:/home/johnma/ros2_ws/install/qbert_py_movement:/home/johnma/create3_examples_ws/install/create3_teleop:/home/johnma/create3_examples_ws/install/create3_examples_py:/opt/ros/humble LD_LIBRARY_PATH=/home/johnma/ros2_ws/install/irobot_create_toolbox/lib:${LD_LIBRARY_PATH} /usr/bin/cmake /home/johnma/ros2_ws/src/create3_sim/irobot_create_gazebo/irobot_create_gazebo_plugins -DCMAKE_INSTALL_PREFIX=/home/johnma/ros2_ws/install/irobot_create_gazebo_plugins
[0.222s] -- The C compiler identification is GNU 11.3.0
[0.323s] -- The CXX compiler identification is GNU 11.3.0
[0.347s] -- Detecting C compiler ABI info
[0.506s] -- Detecting C compiler ABI info - done
[0.521s] -- Check for working C compiler: /usr/bin/cc - skipped
[0.521s] -- Detecting C compile features
[0.522s] -- Detecting C compile features - done
[0.540s] -- Detecting CXX compiler ABI info
[0.775s] -- Detecting CXX compiler ABI info - done
[0.797s] -- Check for working CXX compiler: /usr/bin/c++ - skipped
[0.797s] -- Detecting CXX compile features
[0.798s] -- Detecting CXX compile features - done
[0.803s] -- Found ament_cmake: 1.3.3 (/opt/ros/humble/share/ament_cmake/cmake)
[1.137s] -- Found Python3: /usr/bin/python3.10 (found version "3.10.6") found components: Interpreter 
[1.311s] -- Found geometry_msgs: 4.2.3 (/opt/ros/humble/share/geometry_msgs/cmake)
[1.450s] -- Found rosidl_generator_c: 3.1.4 (/opt/ros/humble/share/rosidl_generator_c/cmake)
[1.471s] -- Found rosidl_adapter: 3.1.4 (/opt/ros/humble/share/rosidl_adapter/cmake)
[1.503s] -- Found rosidl_generator_cpp: 3.1.4 (/opt/ros/humble/share/rosidl_generator_cpp/cmake)
[1.541s] -- Using all available rosidl_typesupport_c: rosidl_typesupport_fastrtps_c;rosidl_typesupport_introspection_c
[1.617s] -- Using all available rosidl_typesupport_cpp: rosidl_typesupport_fastrtps_cpp;rosidl_typesupport_introspection_cpp
[1.962s] -- Found irobot_create_msgs: 2.1.0 (/opt/ros/humble/share/irobot_create_msgs/cmake)
[2.470s] -- Found irobot_create_toolbox: 2.0.0 (/home/johnma/ros2_ws/install/irobot_create_toolbox/share/irobot_create_toolbox/cmake)
[2.614s] -- Found rmw_implementation_cmake: 6.1.1 (/opt/ros/humble/share/rmw_implementation_cmake/cmake)
[2.620s] -- Found rmw_fastrtps_cpp: 6.2.2 (/opt/ros/humble/share/rmw_fastrtps_cpp/cmake)
[2.857s] -- Found OpenSSL: /usr/lib/aarch64-linux-gnu/libcrypto.so (found version "3.0.2")  
[2.922s] -- Found FastRTPS: /opt/ros/humble/include  
[3.012s] -- Using RMW implementation 'rmw_fastrtps_cpp' as default
[3.031s] -- Looking for pthread.h
[3.186s] -- Looking for pthread.h - found
[3.186s] -- Performing Test CMAKE_HAVE_LIBC_PTHREAD
[3.315s] -- Performing Test CMAKE_HAVE_LIBC_PTHREAD - Success
[3.316s] -- Found Threads: TRUE  
[3.519s] -- Found sensor_msgs: 4.2.3 (/opt/ros/humble/share/sensor_msgs/cmake)
[3.708s] [33mCMake Warning at CMakeLists.txt:23 (message):
[3.708s]   Gazebo not found.  Skipping irobot_create_gazebo_plugins package.
[3.709s] 
[3.709s] [0m
[3.792s] -- Configuring done
[3.799s] -- Generating done
[3.801s] -- Build files have been written to: /home/johnma/ros2_ws/build/irobot_create_gazebo_plugins
