[0.022s] Invoking command in '/home/johnma/ros2_ws/build/irobot_create_ignition_toolbox': AMENT_PREFIX_PATH=/home/johnma/ros2_ws/install/irobot_create_toolbox:${AMENT_PREFIX_PATH} CMAKE_PREFIX_PATH=/home/johnma/ros2_ws/install/irobot_create_toolbox:/home/johnma/ros2_ws/install/turtlesim:/home/johnma/create3_examples_ws/install/create3_lidar:/home/johnma/create3_examples_ws/install/create3_coverage:/home/johnma/create3_examples_ws/install/create3_examples_msgs:/home/johnma/ros2_ws/install/qbert_py_movement:/home/johnma/create3_examples_ws/install/create3_teleop:/home/johnma/create3_examples_ws/install/create3_examples_py:/opt/ros/humble LD_LIBRARY_PATH=/home/johnma/ros2_ws/install/irobot_create_toolbox/lib:${LD_LIBRARY_PATH} /usr/bin/cmake /home/johnma/ros2_ws/src/create3_sim/irobot_create_ignition/irobot_create_ignition_toolbox -DCMAKE_INSTALL_PREFIX=/home/johnma/ros2_ws/install/irobot_create_ignition_toolbox
[0.169s] -- The C compiler identification is GNU 11.3.0
[0.326s] -- The CXX compiler identification is GNU 11.3.0
[0.337s] -- Detecting C compiler ABI info
[0.509s] -- Detecting C compiler ABI info - done
[0.538s] -- Check for working C compiler: /usr/bin/cc - skipped
[0.538s] -- Detecting C compile features
[0.538s] -- Detecting C compile features - done
[0.543s] -- Detecting CXX compiler ABI info
[0.763s] -- Detecting CXX compiler ABI info - done
[0.779s] -- Check for working CXX compiler: /usr/bin/c++ - skipped
[0.779s] -- Detecting CXX compile features
[0.788s] -- Detecting CXX compile features - done
[0.793s] -- Found ament_cmake: 1.3.3 (/opt/ros/humble/share/ament_cmake/cmake)
[1.299s] -- Found Python3: /usr/bin/python3.10 (found version "3.10.6") found components: Interpreter 
[1.528s] [31mCMake Error at CMakeLists.txt:21 (find_package):
[1.528s]   By not providing "Findcontrol_msgs.cmake" in CMAKE_MODULE_PATH this project
[1.528s]   has asked CMake to find a package configuration file provided by
[1.528s]   "control_msgs", but CMake did not find one.
[1.528s] 
[1.528s]   Could not find a package configuration file provided by "control_msgs" with
[1.528s]   any of the following names:
[1.528s] 
[1.528s]     control_msgsConfig.cmake
[1.528s]     control_msgs-config.cmake
[1.528s] 
[1.529s]   Add the installation prefix of "control_msgs" to CMAKE_PREFIX_PATH or set
[1.529s]   "control_msgs_DIR" to a directory containing one of the above files.  If
[1.529s]   "control_msgs" provides a separate development package or SDK, be sure it
[1.529s]   has been installed.
[1.529s] 
[1.529s] [0m
[1.529s] -- Configuring incomplete, errors occurred!
[1.529s] See also "/home/johnma/ros2_ws/build/irobot_create_ignition_toolbox/CMakeFiles/CMakeOutput.log".
[1.576s] Invoked command in '/home/johnma/ros2_ws/build/irobot_create_ignition_toolbox' returned '1': AMENT_PREFIX_PATH=/home/johnma/ros2_ws/install/irobot_create_toolbox:${AMENT_PREFIX_PATH} CMAKE_PREFIX_PATH=/home/johnma/ros2_ws/install/irobot_create_toolbox:/home/johnma/ros2_ws/install/turtlesim:/home/johnma/create3_examples_ws/install/create3_lidar:/home/johnma/create3_examples_ws/install/create3_coverage:/home/johnma/create3_examples_ws/install/create3_examples_msgs:/home/johnma/ros2_ws/install/qbert_py_movement:/home/johnma/create3_examples_ws/install/create3_teleop:/home/johnma/create3_examples_ws/install/create3_examples_py:/opt/ros/humble LD_LIBRARY_PATH=/home/johnma/ros2_ws/install/irobot_create_toolbox/lib:${LD_LIBRARY_PATH} /usr/bin/cmake /home/johnma/ros2_ws/src/create3_sim/irobot_create_ignition/irobot_create_ignition_toolbox -DCMAKE_INSTALL_PREFIX=/home/johnma/ros2_ws/install/irobot_create_ignition_toolbox
