[0.506s] Invoking command in '/home/johnma/ros2_ws/src/qbert_py_laserfollow': PYTHONPATH=/home/johnma/ros2_ws/src/qbert_py_laserfollow/build/qbert_py_laserfollow/prefix_override:/home/johnma/ros2_ws/src/qbert_py_laserfollow/install/qbert_py_laserfollow/lib/python3.10/site-packages:${PYTHONPATH} /usr/bin/python3 setup.py egg_info --egg-base build/qbert_py_laserfollow build --build-base /home/johnma/ros2_ws/src/qbert_py_laserfollow/build/qbert_py_laserfollow/build install --record /home/johnma/ros2_ws/src/qbert_py_laserfollow/build/qbert_py_laserfollow/install.log --single-version-externally-managed
[0.697s] running egg_info
[0.697s] creating build/qbert_py_laserfollow/qbert_py_laserfollow.egg-info
[0.698s] writing build/qbert_py_laserfollow/qbert_py_laserfollow.egg-info/PKG-INFO
[0.698s] writing dependency_links to build/qbert_py_laserfollow/qbert_py_laserfollow.egg-info/dependency_links.txt
[0.698s] writing entry points to build/qbert_py_laserfollow/qbert_py_laserfollow.egg-info/entry_points.txt
[0.698s] writing requirements to build/qbert_py_laserfollow/qbert_py_laserfollow.egg-info/requires.txt
[0.698s] writing top-level names to build/qbert_py_laserfollow/qbert_py_laserfollow.egg-info/top_level.txt
[0.698s] writing manifest file 'build/qbert_py_laserfollow/qbert_py_laserfollow.egg-info/SOURCES.txt'
[0.699s] reading manifest file 'build/qbert_py_laserfollow/qbert_py_laserfollow.egg-info/SOURCES.txt'
[0.700s] writing manifest file 'build/qbert_py_laserfollow/qbert_py_laserfollow.egg-info/SOURCES.txt'
[0.700s] running build
[0.700s] running build_py
[0.700s] creating /home/johnma/ros2_ws/src/qbert_py_laserfollow/build/qbert_py_laserfollow/build
[0.701s] creating /home/johnma/ros2_ws/src/qbert_py_laserfollow/build/qbert_py_laserfollow/build/lib
[0.701s] creating /home/johnma/ros2_ws/src/qbert_py_laserfollow/build/qbert_py_laserfollow/build/lib/qbert_py_laserfollow
[0.701s] copying qbert_py_laserfollow/laserfollow.py -> /home/johnma/ros2_ws/src/qbert_py_laserfollow/build/qbert_py_laserfollow/build/lib/qbert_py_laserfollow
[0.701s] copying qbert_py_laserfollow/__init__.py -> /home/johnma/ros2_ws/src/qbert_py_laserfollow/build/qbert_py_laserfollow/build/lib/qbert_py_laserfollow
[0.702s] running install
[0.702s] /usr/lib/python3/dist-packages/setuptools/command/install.py:34: SetuptoolsDeprecationWarning: setup.py install is deprecated. Use build and pip and other standards-based tools.
[0.702s]   warnings.warn(
[0.702s] running install_lib
[0.703s] creating /home/johnma/ros2_ws/src/qbert_py_laserfollow/install/qbert_py_laserfollow/lib/python3.10/site-packages/qbert_py_laserfollow
[0.703s] copying /home/johnma/ros2_ws/src/qbert_py_laserfollow/build/qbert_py_laserfollow/build/lib/qbert_py_laserfollow/laserfollow.py -> /home/johnma/ros2_ws/src/qbert_py_laserfollow/install/qbert_py_laserfollow/lib/python3.10/site-packages/qbert_py_laserfollow
[0.703s] copying /home/johnma/ros2_ws/src/qbert_py_laserfollow/build/qbert_py_laserfollow/build/lib/qbert_py_laserfollow/__init__.py -> /home/johnma/ros2_ws/src/qbert_py_laserfollow/install/qbert_py_laserfollow/lib/python3.10/site-packages/qbert_py_laserfollow
[0.703s] byte-compiling /home/johnma/ros2_ws/src/qbert_py_laserfollow/install/qbert_py_laserfollow/lib/python3.10/site-packages/qbert_py_laserfollow/laserfollow.py to laserfollow.cpython-310.pyc
[0.704s] byte-compiling /home/johnma/ros2_ws/src/qbert_py_laserfollow/install/qbert_py_laserfollow/lib/python3.10/site-packages/qbert_py_laserfollow/__init__.py to __init__.cpython-310.pyc
[0.704s] running install_data
[0.704s] creating /home/johnma/ros2_ws/src/qbert_py_laserfollow/install/qbert_py_laserfollow/share/ament_index
[0.705s] creating /home/johnma/ros2_ws/src/qbert_py_laserfollow/install/qbert_py_laserfollow/share/ament_index/resource_index
[0.705s] creating /home/johnma/ros2_ws/src/qbert_py_laserfollow/install/qbert_py_laserfollow/share/ament_index/resource_index/packages
[0.705s] copying resource/qbert_py_laserfollow -> /home/johnma/ros2_ws/src/qbert_py_laserfollow/install/qbert_py_laserfollow/share/ament_index/resource_index/packages
[0.705s] copying package.xml -> /home/johnma/ros2_ws/src/qbert_py_laserfollow/install/qbert_py_laserfollow/share/qbert_py_laserfollow
[0.705s] running install_egg_info
[0.706s] Copying build/qbert_py_laserfollow/qbert_py_laserfollow.egg-info to /home/johnma/ros2_ws/src/qbert_py_laserfollow/install/qbert_py_laserfollow/lib/python3.10/site-packages/qbert_py_laserfollow-0.0.0-py3.10.egg-info
[0.707s] running install_scripts
[0.723s] Installing talker script to /home/johnma/ros2_ws/src/qbert_py_laserfollow/install/qbert_py_laserfollow/lib/qbert_py_laserfollow
[0.724s] writing list of installed files to '/home/johnma/ros2_ws/src/qbert_py_laserfollow/build/qbert_py_laserfollow/install.log'
[0.743s] Invoked command in '/home/johnma/ros2_ws/src/qbert_py_laserfollow' returned '0': PYTHONPATH=/home/johnma/ros2_ws/src/qbert_py_laserfollow/build/qbert_py_laserfollow/prefix_override:/home/johnma/ros2_ws/src/qbert_py_laserfollow/install/qbert_py_laserfollow/lib/python3.10/site-packages:${PYTHONPATH} /usr/bin/python3 setup.py egg_info --egg-base build/qbert_py_laserfollow build --build-base /home/johnma/ros2_ws/src/qbert_py_laserfollow/build/qbert_py_laserfollow/build install --record /home/johnma/ros2_ws/src/qbert_py_laserfollow/build/qbert_py_laserfollow/install.log --single-version-externally-managed
