[0.010s] Invoking command in '/home/johnma/ros2_ws/build/irobot_create_nodes': CMAKE_PREFIX_PATH=/home/johnma/ros2_ws/install/irobot_create_toolbox:/home/johnma/ros2_ws/src/udbot/install/udbot_viz:/home/johnma/ros2_ws/src/udbot/install/udbot_odom2tf:/home/johnma/ros2_ws/src/udbot/install/udbot_description:/home/johnma/ros2_ws/src/create3_sim/install/irobot_create_description:/home/johnma/ros2_ws/install/udbot_viz:/home/johnma/ros2_ws/install/udbot_description:/home/johnma/ros2_ws/install/turtlesim:/home/johnma/ros2_ws/install/irobot_create_ignition_plugins:/home/johnma/ros2_ws/install/irobot_create_description:/home/johnma/ros2_ws/install/irobot_create_control:/home/johnma/create3_examples_ws/install/create3_lidar:/home/johnma/create3_examples_ws/install/create3_coverage:/home/johnma/create3_examples_ws/install/create3_examples_msgs:/home/johnma/ros2_ws/install/qbert_py_movement:/home/johnma/create3_examples_ws/install/create3_teleop:/home/johnma/create3_examples_ws/install/create3_examples_py:/opt/ros/humble LD_LIBRARY_PATH=/home/johnma/ros2_ws/install/irobot_create_toolbox/lib:/home/johnma/ros2_ws/install/turtlesim/lib:/home/johnma/create3_examples_ws/install/create3_coverage/lib:/home/johnma/create3_examples_ws/install/create3_examples_msgs/lib:/opt/ros/humble/opt/rviz_ogre_vendor/lib:/opt/ros/humble/lib/aarch64-linux-gnu:/opt/ros/humble/lib /usr/bin/cmake /home/johnma/ros2_ws/src/create3_sim/irobot_create_common/irobot_create_nodes -DCMAKE_INSTALL_PREFIX=/home/johnma/ros2_ws/install/irobot_create_nodes
[0.066s] -- The C compiler identification is GNU 11.3.0
[0.105s] -- The CXX compiler identification is GNU 11.3.0
[0.111s] -- Detecting C compiler ABI info
[0.192s] -- Detecting C compiler ABI info - done
[0.198s] -- Check for working C compiler: /usr/bin/cc - skipped
[0.198s] -- Detecting C compile features
[0.198s] -- Detecting C compile features - done
[0.200s] -- Detecting CXX compiler ABI info
[0.275s] -- Detecting CXX compiler ABI info - done
[0.281s] -- Check for working CXX compiler: /usr/bin/c++ - skipped
[0.281s] -- Detecting CXX compile features
[0.281s] -- Detecting CXX compile features - done
[0.284s] -- Found ament_cmake: 1.3.3 (/opt/ros/humble/share/ament_cmake/cmake)
[0.408s] -- Found Python3: /usr/bin/python3.10 (found version "3.10.6") found components: Interpreter 
[0.475s] -- Found angles: 1.15.0 (/opt/ros/humble/share/angles/cmake)
[0.485s] [31mCMake Error at CMakeLists.txt:15 (find_package):
[0.485s]   By not providing "Findcontrol_msgs.cmake" in CMAKE_MODULE_PATH this project
[0.485s]   has asked CMake to find a package configuration file provided by
[0.485s]   "control_msgs", but CMake did not find one.
[0.485s] 
[0.485s]   Could not find a package configuration file provided by "control_msgs" with
[0.485s]   any of the following names:
[0.485s] 
[0.485s]     control_msgsConfig.cmake
[0.485s]     control_msgs-config.cmake
[0.485s] 
[0.485s]   Add the installation prefix of "control_msgs" to CMAKE_PREFIX_PATH or set
[0.485s]   "control_msgs_DIR" to a directory containing one of the above files.  If
[0.485s]   "control_msgs" provides a separate development package or SDK, be sure it
[0.485s]   has been installed.
[0.485s] 
[0.485s] [0m
[0.485s] -- Configuring incomplete, errors occurred!
[0.485s] See also "/home/johnma/ros2_ws/build/irobot_create_nodes/CMakeFiles/CMakeOutput.log".
[0.488s] Invoked command in '/home/johnma/ros2_ws/build/irobot_create_nodes' returned '1': CMAKE_PREFIX_PATH=/home/johnma/ros2_ws/install/irobot_create_toolbox:/home/johnma/ros2_ws/src/udbot/install/udbot_viz:/home/johnma/ros2_ws/src/udbot/install/udbot_odom2tf:/home/johnma/ros2_ws/src/udbot/install/udbot_description:/home/johnma/ros2_ws/src/create3_sim/install/irobot_create_description:/home/johnma/ros2_ws/install/udbot_viz:/home/johnma/ros2_ws/install/udbot_description:/home/johnma/ros2_ws/install/turtlesim:/home/johnma/ros2_ws/install/irobot_create_ignition_plugins:/home/johnma/ros2_ws/install/irobot_create_description:/home/johnma/ros2_ws/install/irobot_create_control:/home/johnma/create3_examples_ws/install/create3_lidar:/home/johnma/create3_examples_ws/install/create3_coverage:/home/johnma/create3_examples_ws/install/create3_examples_msgs:/home/johnma/ros2_ws/install/qbert_py_movement:/home/johnma/create3_examples_ws/install/create3_teleop:/home/johnma/create3_examples_ws/install/create3_examples_py:/opt/ros/humble LD_LIBRARY_PATH=/home/johnma/ros2_ws/install/irobot_create_toolbox/lib:/home/johnma/ros2_ws/install/turtlesim/lib:/home/johnma/create3_examples_ws/install/create3_coverage/lib:/home/johnma/create3_examples_ws/install/create3_examples_msgs/lib:/opt/ros/humble/opt/rviz_ogre_vendor/lib:/opt/ros/humble/lib/aarch64-linux-gnu:/opt/ros/humble/lib /usr/bin/cmake /home/johnma/ros2_ws/src/create3_sim/irobot_create_common/irobot_create_nodes -DCMAKE_INSTALL_PREFIX=/home/johnma/ros2_ws/install/irobot_create_nodes
