[0.029s] Invoking command in '/home/johnma/ros2_ws/build/irobot_create_toolbox': CMAKE_PREFIX_PATH=${CMAKE_PREFIX_PATH}:/home/johnma/ros2_ws/install/qbert_py_movement:/home/johnma/create3_examples_ws/install/create3_teleop:/home/johnma/create3_examples_ws/install/create3_examples_py:/opt/ros/humble /usr/bin/cmake /home/johnma/ros2_ws/src/create3_sim/irobot_create_common/irobot_create_toolbox -DCMAKE_INSTALL_PREFIX=/home/johnma/ros2_ws/install/irobot_create_toolbox
[0.145s] -- The C compiler identification is GNU 11.3.0
[0.219s] -- The CXX compiler identification is GNU 11.3.0
[0.238s] -- Detecting C compiler ABI info
[0.385s] -- Detecting C compiler ABI info - done
[0.397s] -- Check for working C compiler: /usr/bin/cc - skipped
[0.398s] -- Detecting C compile features
[0.398s] -- Detecting C compile features - done
[0.402s] -- Detecting CXX compiler ABI info
[0.508s] -- Detecting CXX compiler ABI info - done
[0.519s] -- Check for working CXX compiler: /usr/bin/c++ - skipped
[0.519s] -- Detecting CXX compile features
[0.520s] -- Detecting CXX compile features - done
[0.525s] -- Found ament_cmake: 1.3.3 (/opt/ros/humble/share/ament_cmake/cmake)
[0.889s] -- Found Python3: /usr/bin/python3.10 (found version "3.10.6") found components: Interpreter 
[1.116s] -- Looking for ignition-math6 -- found version 6.12.0
[1.147s] -- Searching for dependencies of ignition-math6
[1.151s] -- Found rclcpp: 16.0.3 (/opt/ros/humble/share/rclcpp/cmake)
[1.286s] -- Found rosidl_generator_c: 3.1.4 (/opt/ros/humble/share/rosidl_generator_c/cmake)
[1.295s] -- Found rosidl_adapter: 3.1.4 (/opt/ros/humble/share/rosidl_adapter/cmake)
[1.308s] -- Found rosidl_generator_cpp: 3.1.4 (/opt/ros/humble/share/rosidl_generator_cpp/cmake)
[1.333s] -- Using all available rosidl_typesupport_c: rosidl_typesupport_fastrtps_c;rosidl_typesupport_introspection_c
[1.369s] -- Using all available rosidl_typesupport_cpp: rosidl_typesupport_fastrtps_cpp;rosidl_typesupport_introspection_cpp
[1.514s] -- Found rmw_implementation_cmake: 6.1.1 (/opt/ros/humble/share/rmw_implementation_cmake/cmake)
[1.521s] -- Found rmw_fastrtps_cpp: 6.2.2 (/opt/ros/humble/share/rmw_fastrtps_cpp/cmake)
[1.735s] -- Found OpenSSL: /usr/lib/aarch64-linux-gnu/libcrypto.so (found version "3.0.2")  
[1.807s] -- Found FastRTPS: /opt/ros/humble/include  
[1.889s] -- Using RMW implementation 'rmw_fastrtps_cpp' as default
[1.907s] -- Looking for pthread.h
[2.074s] -- Looking for pthread.h - found
[2.074s] -- Performing Test CMAKE_HAVE_LIBC_PTHREAD
[2.308s] -- Performing Test CMAKE_HAVE_LIBC_PTHREAD - Success
[2.314s] -- Found Threads: TRUE  
[2.947s] -- Found ament_lint_auto: 0.12.5 (/opt/ros/humble/share/ament_lint_auto/cmake)
[3.091s] -- Added test 'cppcheck' to perform static code analysis on C / C++ code
[3.091s] -- Configured cppcheck include dirs: /home/johnma/ros2_ws/src/create3_sim/irobot_create_common/irobot_create_toolbox/include
[3.091s] -- Configured cppcheck exclude dirs and/or files: 
[3.093s] -- Added test 'cpplint' to check C / C++ code against the Google style
[3.093s] -- Configured cpplint exclude dirs and/or files: 
[3.094s] -- Added test 'lint_cmake' to check CMake code style
[3.096s] -- Added test 'uncrustify' to check C / C++ code style
[3.096s] -- Configured uncrustify additional arguments: 
[3.097s] -- Added test 'xmllint' to check XML markup files
[3.099s] -- Configuring done
[3.125s] -- Generating done
[3.128s] -- Build files have been written to: /home/johnma/ros2_ws/build/irobot_create_toolbox
[3.140s] Invoked command in '/home/johnma/ros2_ws/build/irobot_create_toolbox' returned '0': CMAKE_PREFIX_PATH=${CMAKE_PREFIX_PATH}:/home/johnma/ros2_ws/install/qbert_py_movement:/home/johnma/create3_examples_ws/install/create3_teleop:/home/johnma/create3_examples_ws/install/create3_examples_py:/opt/ros/humble /usr/bin/cmake /home/johnma/ros2_ws/src/create3_sim/irobot_create_common/irobot_create_toolbox -DCMAKE_INSTALL_PREFIX=/home/johnma/ros2_ws/install/irobot_create_toolbox
[3.142s] Invoking command in '/home/johnma/ros2_ws/build/irobot_create_toolbox': CMAKE_PREFIX_PATH=${CMAKE_PREFIX_PATH}:/home/johnma/ros2_ws/install/qbert_py_movement:/home/johnma/create3_examples_ws/install/create3_teleop:/home/johnma/create3_examples_ws/install/create3_examples_py:/opt/ros/humble /usr/bin/cmake --build /home/johnma/ros2_ws/build/irobot_create_toolbox -- -j4 -l4
[3.235s] [ 50%] [32mBuilding CXX object CMakeFiles/irobot_create_toolbox.dir/src/polar_coordinates.cpp.o[0m
[6.802s] [100%] [32m[1mLinking CXX shared library libirobot_create_toolbox.so[0m
[6.974s] [100%] Built target irobot_create_toolbox
[6.994s] Invoked command in '/home/johnma/ros2_ws/build/irobot_create_toolbox' returned '0': CMAKE_PREFIX_PATH=${CMAKE_PREFIX_PATH}:/home/johnma/ros2_ws/install/qbert_py_movement:/home/johnma/create3_examples_ws/install/create3_teleop:/home/johnma/create3_examples_ws/install/create3_examples_py:/opt/ros/humble /usr/bin/cmake --build /home/johnma/ros2_ws/build/irobot_create_toolbox -- -j4 -l4
[7.053s] Invoking command in '/home/johnma/ros2_ws/build/irobot_create_toolbox': CMAKE_PREFIX_PATH=${CMAKE_PREFIX_PATH}:/home/johnma/ros2_ws/install/qbert_py_movement:/home/johnma/create3_examples_ws/install/create3_teleop:/home/johnma/create3_examples_ws/install/create3_examples_py:/opt/ros/humble /usr/bin/cmake --install /home/johnma/ros2_ws/build/irobot_create_toolbox
[7.062s] -- Install configuration: ""
[7.062s] -- Installing: /home/johnma/ros2_ws/install/irobot_create_toolbox/lib/libirobot_create_toolbox.so
[7.063s] -- Set runtime path of "/home/johnma/ros2_ws/install/irobot_create_toolbox/lib/libirobot_create_toolbox.so" to ""
[7.064s] -- Installing: /home/johnma/ros2_ws/install/irobot_create_toolbox/include
[7.064s] -- Installing: /home/johnma/ros2_ws/install/irobot_create_toolbox/include/irobot_create_toolbox
[7.064s] -- Installing: /home/johnma/ros2_ws/install/irobot_create_toolbox/include/irobot_create_toolbox/sensors
[7.064s] -- Installing: /home/johnma/ros2_ws/install/irobot_create_toolbox/include/irobot_create_toolbox/sensors/bumpers.hpp
[7.065s] -- Installing: /home/johnma/ros2_ws/install/irobot_create_toolbox/include/irobot_create_toolbox/polar_coordinates.hpp
[7.065s] -- Installing: /home/johnma/ros2_ws/install/irobot_create_toolbox/include/irobot_create_toolbox/math.hpp
[7.065s] -- Installing: /home/johnma/ros2_ws/install/irobot_create_toolbox/share/irobot_create_toolbox/environment/library_path.sh
[7.065s] -- Installing: /home/johnma/ros2_ws/install/irobot_create_toolbox/share/irobot_create_toolbox/environment/library_path.dsv
[7.066s] -- Installing: /home/johnma/ros2_ws/install/irobot_create_toolbox/share/ament_index/resource_index/package_run_dependencies/irobot_create_toolbox
[7.066s] -- Installing: /home/johnma/ros2_ws/install/irobot_create_toolbox/share/ament_index/resource_index/parent_prefix_path/irobot_create_toolbox
[7.066s] -- Installing: /home/johnma/ros2_ws/install/irobot_create_toolbox/share/irobot_create_toolbox/environment/ament_prefix_path.sh
[7.066s] -- Installing: /home/johnma/ros2_ws/install/irobot_create_toolbox/share/irobot_create_toolbox/environment/ament_prefix_path.dsv
[7.066s] -- Installing: /home/johnma/ros2_ws/install/irobot_create_toolbox/share/irobot_create_toolbox/environment/path.sh
[7.066s] -- Installing: /home/johnma/ros2_ws/install/irobot_create_toolbox/share/irobot_create_toolbox/environment/path.dsv
[7.066s] -- Installing: /home/johnma/ros2_ws/install/irobot_create_toolbox/share/irobot_create_toolbox/local_setup.bash
[7.066s] -- Installing: /home/johnma/ros2_ws/install/irobot_create_toolbox/share/irobot_create_toolbox/local_setup.sh
[7.067s] -- Installing: /home/johnma/ros2_ws/install/irobot_create_toolbox/share/irobot_create_toolbox/local_setup.zsh
[7.067s] -- Installing: /home/johnma/ros2_ws/install/irobot_create_toolbox/share/irobot_create_toolbox/local_setup.dsv
[7.067s] -- Installing: /home/johnma/ros2_ws/install/irobot_create_toolbox/share/irobot_create_toolbox/package.dsv
[7.067s] -- Installing: /home/johnma/ros2_ws/install/irobot_create_toolbox/share/ament_index/resource_index/packages/irobot_create_toolbox
[7.067s] -- Installing: /home/johnma/ros2_ws/install/irobot_create_toolbox/share/irobot_create_toolbox/cmake/ament_cmake_export_include_directories-extras.cmake
[7.068s] -- Installing: /home/johnma/ros2_ws/install/irobot_create_toolbox/share/irobot_create_toolbox/cmake/ament_cmake_export_libraries-extras.cmake
[7.068s] -- Installing: /home/johnma/ros2_ws/install/irobot_create_toolbox/share/irobot_create_toolbox/cmake/ament_cmake_export_dependencies-extras.cmake
[7.068s] -- Installing: /home/johnma/ros2_ws/install/irobot_create_toolbox/share/irobot_create_toolbox/cmake/irobot_create_toolboxConfig.cmake
[7.068s] -- Installing: /home/johnma/ros2_ws/install/irobot_create_toolbox/share/irobot_create_toolbox/cmake/irobot_create_toolboxConfig-version.cmake
[7.068s] -- Installing: /home/johnma/ros2_ws/install/irobot_create_toolbox/share/irobot_create_toolbox/package.xml
[7.081s] Invoked command in '/home/johnma/ros2_ws/build/irobot_create_toolbox' returned '0': CMAKE_PREFIX_PATH=${CMAKE_PREFIX_PATH}:/home/johnma/ros2_ws/install/qbert_py_movement:/home/johnma/create3_examples_ws/install/create3_teleop:/home/johnma/create3_examples_ws/install/create3_examples_py:/opt/ros/humble /usr/bin/cmake --install /home/johnma/ros2_ws/build/irobot_create_toolbox
