[0.305s] DEBUG:colcon:Command line arguments: ['/usr/bin/colcon', 'build']
[0.305s] DEBUG:colcon:Parsed command line arguments: Namespace(log_base=None, log_level=None, verb_name='build', build_base='build', install_base='install', merge_install=False, symlink_install=False, test_result_base=None, continue_on_error=False, executor='parallel', parallel_workers=4, event_handlers=None, ignore_user_meta=False, metas=['./colcon.meta'], base_paths=['.'], packages_ignore=None, packages_ignore_regex=None, paths=None, packages_up_to=None, packages_up_to_regex=None, packages_above=None, packages_above_and_dependencies=None, packages_above_depth=None, packages_select_by_dep=None, packages_skip_by_dep=None, packages_skip_up_to=None, packages_select_build_failed=False, packages_skip_build_finished=False, packages_select_test_failures=False, packages_skip_test_passed=False, packages_select=None, packages_skip=None, packages_select_regex=None, packages_skip_regex=None, packages_start=None, packages_end=None, allow_overriding=[], cmake_args=None, cmake_target=None, cmake_target_skip_unavailable=False, cmake_clean_cache=False, cmake_clean_first=False, cmake_force_configure=False, ament_cmake_args=None, catkin_cmake_args=None, catkin_skip_building_tests=False, verb_parser=<colcon_defaults.argument_parser.defaults.DefaultArgumentsDecorator object at 0xffffaac50b20>, verb_extension=<colcon_core.verb.build.BuildVerb object at 0xffffab7191b0>, main=<bound method BuildVerb.main of <colcon_core.verb.build.BuildVerb object at 0xffffab7191b0>>)
[0.330s] Level 1:colcon.colcon_core.package_discovery:discover_packages(colcon_meta) check parameters
[0.330s] Level 1:colcon.colcon_core.package_discovery:discover_packages(recursive) check parameters
[0.330s] Level 1:colcon.colcon_core.package_discovery:discover_packages(ignore) check parameters
[0.330s] Level 1:colcon.colcon_core.package_discovery:discover_packages(path) check parameters
[0.331s] Level 1:colcon.colcon_core.package_discovery:discover_packages(colcon_meta) discover
[0.331s] Level 1:colcon.colcon_core.package_discovery:discover_packages(recursive) discover
[0.331s] INFO:colcon.colcon_core.package_discovery:Crawling recursively for packages in '/home/johnma/ros2_ws/src/qbert_py_minesweeper'
[0.331s] Level 1:colcon.colcon_core.package_identification:_identify(.) by extensions ['ignore', 'ignore_ament_install']
[0.331s] Level 1:colcon.colcon_core.package_identification:_identify(.) by extension 'ignore'
[0.331s] Level 1:colcon.colcon_core.package_identification:_identify(.) by extension 'ignore_ament_install'
[0.331s] Level 1:colcon.colcon_core.package_identification:_identify(.) by extensions ['colcon_pkg']
[0.331s] Level 1:colcon.colcon_core.package_identification:_identify(.) by extension 'colcon_pkg'
[0.331s] Level 1:colcon.colcon_core.package_identification:_identify(.) by extensions ['colcon_meta']
[0.331s] Level 1:colcon.colcon_core.package_identification:_identify(.) by extension 'colcon_meta'
[0.331s] Level 1:colcon.colcon_core.package_identification:_identify(.) by extensions ['ros']
[0.331s] Level 1:colcon.colcon_core.package_identification:_identify(.) by extension 'ros'
[0.347s] DEBUG:colcon.colcon_core.package_identification:Package '.' with type 'ros.ament_python' and name 'qbert_py_minesweeper'
[0.347s] Level 1:colcon.colcon_core.package_discovery:discover_packages(recursive) using defaults
[0.347s] Level 1:colcon.colcon_core.package_discovery:discover_packages(ignore) discover
[0.347s] Level 1:colcon.colcon_core.package_discovery:discover_packages(ignore) using defaults
[0.347s] Level 1:colcon.colcon_core.package_discovery:discover_packages(path) discover
[0.347s] Level 1:colcon.colcon_core.package_discovery:discover_packages(path) using defaults
[0.369s] Level 1:colcon.colcon_core.package_discovery:discover_packages(prefix_path) check parameters
[0.370s] Level 1:colcon.colcon_core.package_discovery:discover_packages(prefix_path) discover
[0.373s] DEBUG:colcon.colcon_installed_package_information.package_discovery:Found 1 installed packages in /home/johnma/ros2_ws/src/qbert_py_minesweeper/install
[0.373s] DEBUG:colcon.colcon_installed_package_information.package_discovery:Found 1 installed packages in /home/johnma/ros2_ws/src/qbert_py_laserfollow/install
[0.374s] DEBUG:colcon.colcon_installed_package_information.package_discovery:Found 3 installed packages in /home/johnma/ros2_ws/src/udbot/install
[0.375s] DEBUG:colcon.colcon_installed_package_information.package_discovery:Found 1 installed packages in /home/johnma/ros2_ws/src/create3_sim/install
[0.376s] DEBUG:colcon.colcon_installed_package_information.package_discovery:Found 10 installed packages in /home/johnma/ros2_ws/install
[0.377s] DEBUG:colcon.colcon_installed_package_information.package_discovery:Found 5 installed packages in /home/johnma/create3_examples_ws/install
[0.378s] DEBUG:colcon.colcon_installed_package_information.package_discovery:Found 284 installed packages in /opt/ros/humble
[0.379s] Level 1:colcon.colcon_core.package_discovery:discover_packages(prefix_path) using defaults
[0.433s] Level 5:colcon.colcon_core.verb:set package 'qbert_py_minesweeper' build argument 'cmake_args' from command line to 'None'
[0.433s] Level 5:colcon.colcon_core.verb:set package 'qbert_py_minesweeper' build argument 'cmake_target' from command line to 'None'
[0.433s] Level 5:colcon.colcon_core.verb:set package 'qbert_py_minesweeper' build argument 'cmake_target_skip_unavailable' from command line to 'False'
[0.433s] Level 5:colcon.colcon_core.verb:set package 'qbert_py_minesweeper' build argument 'cmake_clean_cache' from command line to 'False'
[0.433s] Level 5:colcon.colcon_core.verb:set package 'qbert_py_minesweeper' build argument 'cmake_clean_first' from command line to 'False'
[0.433s] Level 5:colcon.colcon_core.verb:set package 'qbert_py_minesweeper' build argument 'cmake_force_configure' from command line to 'False'
[0.433s] Level 5:colcon.colcon_core.verb:set package 'qbert_py_minesweeper' build argument 'ament_cmake_args' from command line to 'None'
[0.433s] Level 5:colcon.colcon_core.verb:set package 'qbert_py_minesweeper' build argument 'catkin_cmake_args' from command line to 'None'
[0.433s] Level 5:colcon.colcon_core.verb:set package 'qbert_py_minesweeper' build argument 'catkin_skip_building_tests' from command line to 'False'
[0.433s] DEBUG:colcon.colcon_core.verb:Building package 'qbert_py_minesweeper' with the following arguments: {'ament_cmake_args': None, 'build_base': '/home/johnma/ros2_ws/src/qbert_py_minesweeper/build/qbert_py_minesweeper', 'catkin_cmake_args': None, 'catkin_skip_building_tests': False, 'cmake_args': None, 'cmake_clean_cache': False, 'cmake_clean_first': False, 'cmake_force_configure': False, 'cmake_target': None, 'cmake_target_skip_unavailable': False, 'install_base': '/home/johnma/ros2_ws/src/qbert_py_minesweeper/install/qbert_py_minesweeper', 'merge_install': False, 'path': '/home/johnma/ros2_ws/src/qbert_py_minesweeper', 'symlink_install': False, 'test_result_base': None}
[0.434s] INFO:colcon.colcon_core.executor:Executing jobs using 'parallel' executor
[0.437s] DEBUG:colcon.colcon_parallel_executor.executor.parallel:run_until_complete
[0.437s] INFO:colcon.colcon_ros.task.ament_python.build:Building ROS package in '/home/johnma/ros2_ws/src/qbert_py_minesweeper' with build type 'ament_python'
[0.437s] Level 1:colcon.colcon_core.shell:create_environment_hook('qbert_py_minesweeper', 'ament_prefix_path')
[0.440s] INFO:colcon.colcon_core.plugin_system:Skipping extension 'colcon_core.shell.bat': Not used on non-Windows systems
[0.441s] INFO:colcon.colcon_core.shell:Creating environment hook '/home/johnma/ros2_ws/src/qbert_py_minesweeper/install/qbert_py_minesweeper/share/qbert_py_minesweeper/hook/ament_prefix_path.ps1'
[0.441s] INFO:colcon.colcon_core.shell:Creating environment descriptor '/home/johnma/ros2_ws/src/qbert_py_minesweeper/install/qbert_py_minesweeper/share/qbert_py_minesweeper/hook/ament_prefix_path.dsv'
[0.442s] INFO:colcon.colcon_core.shell:Creating environment hook '/home/johnma/ros2_ws/src/qbert_py_minesweeper/install/qbert_py_minesweeper/share/qbert_py_minesweeper/hook/ament_prefix_path.sh'
[0.443s] INFO:colcon.colcon_core.shell:Skip shell extension 'powershell' for command environment: Not usable outside of PowerShell
[0.444s] DEBUG:colcon.colcon_core.shell:Skip shell extension 'dsv' for command environment
[0.677s] INFO:colcon.colcon_core.task.python.build:Building Python package in '/home/johnma/ros2_ws/src/qbert_py_minesweeper'
[0.678s] INFO:colcon.colcon_core.shell:Skip shell extension 'powershell' for command environment: Not usable outside of PowerShell
[0.678s] DEBUG:colcon.colcon_core.shell:Skip shell extension 'dsv' for command environment
[0.990s] DEBUG:colcon.colcon_core.event_handler.log_command:Invoking command in '/home/johnma/ros2_ws/src/qbert_py_minesweeper': PYTHONPATH=/home/johnma/ros2_ws/src/qbert_py_minesweeper/build/qbert_py_minesweeper/prefix_override:/home/johnma/ros2_ws/src/qbert_py_minesweeper/install/qbert_py_minesweeper/lib/python3.10/site-packages:${PYTHONPATH} /usr/bin/python3 setup.py egg_info --egg-base build/qbert_py_minesweeper build --build-base /home/johnma/ros2_ws/src/qbert_py_minesweeper/build/qbert_py_minesweeper/build install --record /home/johnma/ros2_ws/src/qbert_py_minesweeper/build/qbert_py_minesweeper/install.log --single-version-externally-managed
[1.232s] DEBUG:colcon.colcon_core.event_handler.log_command:Invoked command in '/home/johnma/ros2_ws/src/qbert_py_minesweeper' returned '0': PYTHONPATH=/home/johnma/ros2_ws/src/qbert_py_minesweeper/build/qbert_py_minesweeper/prefix_override:/home/johnma/ros2_ws/src/qbert_py_minesweeper/install/qbert_py_minesweeper/lib/python3.10/site-packages:${PYTHONPATH} /usr/bin/python3 setup.py egg_info --egg-base build/qbert_py_minesweeper build --build-base /home/johnma/ros2_ws/src/qbert_py_minesweeper/build/qbert_py_minesweeper/build install --record /home/johnma/ros2_ws/src/qbert_py_minesweeper/build/qbert_py_minesweeper/install.log --single-version-externally-managed
[1.236s] Level 1:colcon.colcon_core.environment:checking '/home/johnma/ros2_ws/src/qbert_py_minesweeper/install/qbert_py_minesweeper' for CMake module files
[1.236s] Level 1:colcon.colcon_core.environment:checking '/home/johnma/ros2_ws/src/qbert_py_minesweeper/install/qbert_py_minesweeper' for CMake config files
[1.237s] Level 1:colcon.colcon_core.environment:checking '/home/johnma/ros2_ws/src/qbert_py_minesweeper/install/qbert_py_minesweeper/lib'
[1.237s] Level 1:colcon.colcon_core.environment:checking '/home/johnma/ros2_ws/src/qbert_py_minesweeper/install/qbert_py_minesweeper/bin'
[1.237s] Level 1:colcon.colcon_core.environment:checking '/home/johnma/ros2_ws/src/qbert_py_minesweeper/install/qbert_py_minesweeper/lib/pkgconfig/qbert_py_minesweeper.pc'
[1.237s] Level 1:colcon.colcon_core.environment:checking '/home/johnma/ros2_ws/src/qbert_py_minesweeper/install/qbert_py_minesweeper/lib/python3.10/site-packages'
[1.237s] Level 1:colcon.colcon_core.shell:create_environment_hook('qbert_py_minesweeper', 'pythonpath')
[1.238s] INFO:colcon.colcon_core.shell:Creating environment hook '/home/johnma/ros2_ws/src/qbert_py_minesweeper/install/qbert_py_minesweeper/share/qbert_py_minesweeper/hook/pythonpath.ps1'
[1.239s] INFO:colcon.colcon_core.shell:Creating environment descriptor '/home/johnma/ros2_ws/src/qbert_py_minesweeper/install/qbert_py_minesweeper/share/qbert_py_minesweeper/hook/pythonpath.dsv'
[1.239s] INFO:colcon.colcon_core.shell:Creating environment hook '/home/johnma/ros2_ws/src/qbert_py_minesweeper/install/qbert_py_minesweeper/share/qbert_py_minesweeper/hook/pythonpath.sh'
[1.239s] Level 1:colcon.colcon_core.environment:checking '/home/johnma/ros2_ws/src/qbert_py_minesweeper/install/qbert_py_minesweeper/bin'
[1.239s] Level 1:colcon.colcon_core.environment:create_environment_scripts_only(qbert_py_minesweeper)
[1.240s] INFO:colcon.colcon_core.shell:Creating package script '/home/johnma/ros2_ws/src/qbert_py_minesweeper/install/qbert_py_minesweeper/share/qbert_py_minesweeper/package.ps1'
[1.241s] INFO:colcon.colcon_core.shell:Creating package descriptor '/home/johnma/ros2_ws/src/qbert_py_minesweeper/install/qbert_py_minesweeper/share/qbert_py_minesweeper/package.dsv'
[1.241s] INFO:colcon.colcon_core.shell:Creating package script '/home/johnma/ros2_ws/src/qbert_py_minesweeper/install/qbert_py_minesweeper/share/qbert_py_minesweeper/package.sh'
[1.242s] INFO:colcon.colcon_core.shell:Creating package script '/home/johnma/ros2_ws/src/qbert_py_minesweeper/install/qbert_py_minesweeper/share/qbert_py_minesweeper/package.bash'
[1.243s] INFO:colcon.colcon_core.shell:Creating package script '/home/johnma/ros2_ws/src/qbert_py_minesweeper/install/qbert_py_minesweeper/share/qbert_py_minesweeper/package.zsh'
[1.243s] Level 1:colcon.colcon_core.environment:create_file_with_runtime_dependencies(/home/johnma/ros2_ws/src/qbert_py_minesweeper/install/qbert_py_minesweeper/share/colcon-core/packages/qbert_py_minesweeper)
[1.243s] DEBUG:colcon.colcon_parallel_executor.executor.parallel:closing loop
[1.244s] DEBUG:colcon.colcon_parallel_executor.executor.parallel:loop closed
[1.244s] DEBUG:colcon.colcon_parallel_executor.executor.parallel:run_until_complete finished with '0'
[1.244s] DEBUG:colcon.colcon_core.event_reactor:joining thread
[1.251s] INFO:colcon.colcon_core.plugin_system:Skipping extension 'colcon_notification.desktop_notification.terminal_notifier': Not used on non-Darwin systems
[1.251s] INFO:colcon.colcon_core.plugin_system:Skipping extension 'colcon_notification.desktop_notification.win32': Not used on non-Windows systems
[1.251s] INFO:colcon.colcon_notification.desktop_notification:Sending desktop notification using 'notify2'
[1.255s] DEBUG:colcon.colcon_notification.desktop_notification.notify2:Failed to initialize notify2: org.freedesktop.DBus.Error.ServiceUnknown: The name org.freedesktop.Notifications was not provided by any .service files
[1.259s] DEBUG:colcon.colcon_core.event_reactor:joined thread
[1.260s] INFO:colcon.colcon_core.shell:Creating prefix script '/home/johnma/ros2_ws/src/qbert_py_minesweeper/install/local_setup.ps1'
[1.261s] INFO:colcon.colcon_core.shell:Creating prefix util module '/home/johnma/ros2_ws/src/qbert_py_minesweeper/install/_local_setup_util_ps1.py'
[1.262s] INFO:colcon.colcon_core.shell:Creating prefix chain script '/home/johnma/ros2_ws/src/qbert_py_minesweeper/install/setup.ps1'
[1.264s] INFO:colcon.colcon_core.shell:Creating prefix script '/home/johnma/ros2_ws/src/qbert_py_minesweeper/install/local_setup.sh'
[1.265s] INFO:colcon.colcon_core.shell:Creating prefix util module '/home/johnma/ros2_ws/src/qbert_py_minesweeper/install/_local_setup_util_sh.py'
[1.265s] INFO:colcon.colcon_core.shell:Creating prefix chain script '/home/johnma/ros2_ws/src/qbert_py_minesweeper/install/setup.sh'
[1.267s] INFO:colcon.colcon_core.shell:Creating prefix script '/home/johnma/ros2_ws/src/qbert_py_minesweeper/install/local_setup.bash'
[1.267s] INFO:colcon.colcon_core.shell:Creating prefix chain script '/home/johnma/ros2_ws/src/qbert_py_minesweeper/install/setup.bash'
[1.269s] INFO:colcon.colcon_core.shell:Creating prefix script '/home/johnma/ros2_ws/src/qbert_py_minesweeper/install/local_setup.zsh'
[1.269s] INFO:colcon.colcon_core.shell:Creating prefix chain script '/home/johnma/ros2_ws/src/qbert_py_minesweeper/install/setup.zsh'
