[0.724s] Invoking command in '/home/johnma/ros2_ws/src/qbert_py_laserfollow': PYTHONPATH=/home/johnma/ros2_ws/src/qbert_py_laserfollow/build/qbert_py_laserfollow/prefix_override:/home/johnma/ros2_ws/src/qbert_py_laserfollow/install/qbert_py_laserfollow/lib/python3.10/site-packages:${PYTHONPATH} /usr/bin/python3 setup.py egg_info --egg-base build/qbert_py_laserfollow build --build-base /home/johnma/ros2_ws/src/qbert_py_laserfollow/build/qbert_py_laserfollow/build install --record /home/johnma/ros2_ws/src/qbert_py_laserfollow/build/qbert_py_laserfollow/install.log --single-version-externally-managed
[0.983s] running egg_info
[0.983s] writing build/qbert_py_laserfollow/qbert_py_laserfollow.egg-info/PKG-INFO
[0.984s] writing dependency_links to build/qbert_py_laserfollow/qbert_py_laserfollow.egg-info/dependency_links.txt
[0.984s] writing entry points to build/qbert_py_laserfollow/qbert_py_laserfollow.egg-info/entry_points.txt
[0.984s] writing requirements to build/qbert_py_laserfollow/qbert_py_laserfollow.egg-info/requires.txt
[0.984s] writing top-level names to build/qbert_py_laserfollow/qbert_py_laserfollow.egg-info/top_level.txt
[0.986s] reading manifest file 'build/qbert_py_laserfollow/qbert_py_laserfollow.egg-info/SOURCES.txt'
[0.987s] writing manifest file 'build/qbert_py_laserfollow/qbert_py_laserfollow.egg-info/SOURCES.txt'
[0.987s] running build
[0.987s] running build_py
[0.987s] copying qbert_py_laserfollow/laserfollow.py -> /home/johnma/ros2_ws/src/qbert_py_laserfollow/build/qbert_py_laserfollow/build/lib/qbert_py_laserfollow
[0.988s] running install
[0.989s] /usr/lib/python3/dist-packages/setuptools/command/install.py:34: SetuptoolsDeprecationWarning: setup.py install is deprecated. Use build and pip and other standards-based tools.
[0.989s]   warnings.warn(
[0.989s] running install_lib
[0.989s] copying /home/johnma/ros2_ws/src/qbert_py_laserfollow/build/qbert_py_laserfollow/build/lib/qbert_py_laserfollow/laserfollow.py -> /home/johnma/ros2_ws/src/qbert_py_laserfollow/install/qbert_py_laserfollow/lib/python3.10/site-packages/qbert_py_laserfollow
[0.990s] byte-compiling /home/johnma/ros2_ws/src/qbert_py_laserfollow/install/qbert_py_laserfollow/lib/python3.10/site-packages/qbert_py_laserfollow/laserfollow.py to laserfollow.cpython-310.pyc
[0.990s] running install_data
[0.990s]   File "/home/johnma/ros2_ws/src/qbert_py_laserfollow/install/qbert_py_laserfollow/lib/python3.10/site-packages/qbert_py_laserfollow/laserfollow.py", line 42
[0.990s]     right = (len(range))//4)*3
[0.991s]                            ^
[0.991s] SyntaxError: unmatched ')'
[0.991s] 
[0.991s] running install_egg_info
[0.992s] removing '/home/johnma/ros2_ws/src/qbert_py_laserfollow/install/qbert_py_laserfollow/lib/python3.10/site-packages/qbert_py_laserfollow-0.0.0-py3.10.egg-info' (and everything under it)
[0.993s] Copying build/qbert_py_laserfollow/qbert_py_laserfollow.egg-info to /home/johnma/ros2_ws/src/qbert_py_laserfollow/install/qbert_py_laserfollow/lib/python3.10/site-packages/qbert_py_laserfollow-0.0.0-py3.10.egg-info
[0.993s] running install_scripts
[1.014s] Installing laserfollow script to /home/johnma/ros2_ws/src/qbert_py_laserfollow/install/qbert_py_laserfollow/lib/qbert_py_laserfollow
[1.014s] writing list of installed files to '/home/johnma/ros2_ws/src/qbert_py_laserfollow/build/qbert_py_laserfollow/install.log'
[1.039s] Invoked command in '/home/johnma/ros2_ws/src/qbert_py_laserfollow' returned '0': PYTHONPATH=/home/johnma/ros2_ws/src/qbert_py_laserfollow/build/qbert_py_laserfollow/prefix_override:/home/johnma/ros2_ws/src/qbert_py_laserfollow/install/qbert_py_laserfollow/lib/python3.10/site-packages:${PYTHONPATH} /usr/bin/python3 setup.py egg_info --egg-base build/qbert_py_laserfollow build --build-base /home/johnma/ros2_ws/src/qbert_py_laserfollow/build/qbert_py_laserfollow/build install --record /home/johnma/ros2_ws/src/qbert_py_laserfollow/build/qbert_py_laserfollow/install.log --single-version-externally-managed
