[0.014s] Invoking command in '/home/johnma/ros2_ws/build/udbot_viz': AMENT_PREFIX_PATH=/home/johnma/ros2_ws/install/udbot_description:/home/johnma/ros2_ws/install/irobot_create_description:${AMENT_PREFIX_PATH} CMAKE_PREFIX_PATH=/home/johnma/ros2_ws/install/udbot_description:/home/johnma/ros2_ws/install/irobot_create_description:/home/johnma/ros2_ws/install/turtlesim:/home/johnma/create3_examples_ws/install/create3_lidar:/home/johnma/create3_examples_ws/install/create3_coverage:/home/johnma/create3_examples_ws/install/create3_examples_msgs:/home/johnma/ros2_ws/install/qbert_py_movement:/home/johnma/create3_examples_ws/install/create3_teleop:/home/johnma/create3_examples_ws/install/create3_examples_py:/opt/ros/humble /usr/bin/cmake /home/johnma/ros2_ws/src/udbot/udbot_viz -DCMAKE_INSTALL_PREFIX=/home/johnma/ros2_ws/install/udbot_viz
[0.121s] -- The C compiler identification is GNU 11.3.0
[0.246s] -- The CXX compiler identification is GNU 11.3.0
[0.259s] -- Detecting C compiler ABI info
[0.394s] -- Detecting C compiler ABI info - done
[0.422s] -- Check for working C compiler: /usr/bin/cc - skipped
[0.422s] -- Detecting C compile features
[0.423s] -- Detecting C compile features - done
[0.435s] -- Detecting CXX compiler ABI info
[0.608s] -- Detecting CXX compiler ABI info - done
[0.625s] -- Check for working CXX compiler: /usr/bin/c++ - skipped
[0.626s] -- Detecting CXX compile features
[0.627s] -- Detecting CXX compile features - done
[0.634s] -- Found ament_cmake: 1.3.3 (/opt/ros/humble/share/ament_cmake/cmake)
[1.072s] -- Found Python3: /usr/bin/python3.10 (found version "3.10.6") found components: Interpreter 
[1.241s] -- Found ament_lint_auto: 0.12.5 (/opt/ros/humble/share/ament_lint_auto/cmake)
[1.381s] -- Added test 'copyright' to check source files copyright and LICENSE
[1.384s] -- Added test 'flake8' to check Python code syntax and style conventions
[1.386s] -- Added test 'lint_cmake' to check CMake code style
[1.387s] -- Added test 'pep257' to check Python code against some of the docstring style conventions in PEP 257
[1.389s] -- Added test 'xmllint' to check XML markup files
[1.392s] -- Configuring done
[1.400s] -- Generating done
[1.404s] -- Build files have been written to: /home/johnma/ros2_ws/build/udbot_viz
[1.413s] Invoked command in '/home/johnma/ros2_ws/build/udbot_viz' returned '0': AMENT_PREFIX_PATH=/home/johnma/ros2_ws/install/udbot_description:/home/johnma/ros2_ws/install/irobot_create_description:${AMENT_PREFIX_PATH} CMAKE_PREFIX_PATH=/home/johnma/ros2_ws/install/udbot_description:/home/johnma/ros2_ws/install/irobot_create_description:/home/johnma/ros2_ws/install/turtlesim:/home/johnma/create3_examples_ws/install/create3_lidar:/home/johnma/create3_examples_ws/install/create3_coverage:/home/johnma/create3_examples_ws/install/create3_examples_msgs:/home/johnma/ros2_ws/install/qbert_py_movement:/home/johnma/create3_examples_ws/install/create3_teleop:/home/johnma/create3_examples_ws/install/create3_examples_py:/opt/ros/humble /usr/bin/cmake /home/johnma/ros2_ws/src/udbot/udbot_viz -DCMAKE_INSTALL_PREFIX=/home/johnma/ros2_ws/install/udbot_viz
[1.413s] Invoking command in '/home/johnma/ros2_ws/build/udbot_viz': AMENT_PREFIX_PATH=/home/johnma/ros2_ws/install/udbot_description:/home/johnma/ros2_ws/install/irobot_create_description:${AMENT_PREFIX_PATH} CMAKE_PREFIX_PATH=/home/johnma/ros2_ws/install/udbot_description:/home/johnma/ros2_ws/install/irobot_create_description:/home/johnma/ros2_ws/install/turtlesim:/home/johnma/create3_examples_ws/install/create3_lidar:/home/johnma/create3_examples_ws/install/create3_coverage:/home/johnma/create3_examples_ws/install/create3_examples_msgs:/home/johnma/ros2_ws/install/qbert_py_movement:/home/johnma/create3_examples_ws/install/create3_teleop:/home/johnma/create3_examples_ws/install/create3_examples_py:/opt/ros/humble /usr/bin/cmake --build /home/johnma/ros2_ws/build/udbot_viz -- -j4 -l4
[1.513s] Invoked command in '/home/johnma/ros2_ws/build/udbot_viz' returned '0': AMENT_PREFIX_PATH=/home/johnma/ros2_ws/install/udbot_description:/home/johnma/ros2_ws/install/irobot_create_description:${AMENT_PREFIX_PATH} CMAKE_PREFIX_PATH=/home/johnma/ros2_ws/install/udbot_description:/home/johnma/ros2_ws/install/irobot_create_description:/home/johnma/ros2_ws/install/turtlesim:/home/johnma/create3_examples_ws/install/create3_lidar:/home/johnma/create3_examples_ws/install/create3_coverage:/home/johnma/create3_examples_ws/install/create3_examples_msgs:/home/johnma/ros2_ws/install/qbert_py_movement:/home/johnma/create3_examples_ws/install/create3_teleop:/home/johnma/create3_examples_ws/install/create3_examples_py:/opt/ros/humble /usr/bin/cmake --build /home/johnma/ros2_ws/build/udbot_viz -- -j4 -l4
[1.579s] Invoking command in '/home/johnma/ros2_ws/build/udbot_viz': AMENT_PREFIX_PATH=/home/johnma/ros2_ws/install/udbot_description:/home/johnma/ros2_ws/install/irobot_create_description:${AMENT_PREFIX_PATH} CMAKE_PREFIX_PATH=/home/johnma/ros2_ws/install/udbot_description:/home/johnma/ros2_ws/install/irobot_create_description:/home/johnma/ros2_ws/install/turtlesim:/home/johnma/create3_examples_ws/install/create3_lidar:/home/johnma/create3_examples_ws/install/create3_coverage:/home/johnma/create3_examples_ws/install/create3_examples_msgs:/home/johnma/ros2_ws/install/qbert_py_movement:/home/johnma/create3_examples_ws/install/create3_teleop:/home/johnma/create3_examples_ws/install/create3_examples_py:/opt/ros/humble /usr/bin/cmake --install /home/johnma/ros2_ws/build/udbot_viz
[1.593s] -- Install configuration: ""
[1.593s] -- Installing: /home/johnma/ros2_ws/install/udbot_viz/share/udbot_viz/launch
[1.593s] -- Installing: /home/johnma/ros2_ws/install/udbot_viz/share/udbot_viz/launch/view_model.launch.py
[1.593s] -- Installing: /home/johnma/ros2_ws/install/udbot_viz/share/udbot_viz/rviz
[1.593s] -- Installing: /home/johnma/ros2_ws/install/udbot_viz/share/udbot_viz/rviz/robot.rviz
[1.593s] -- Installing: /home/johnma/ros2_ws/install/udbot_viz/share/udbot_viz/rviz/model.rviz
[1.594s] -- Installing: /home/johnma/ros2_ws/install/udbot_viz/share/ament_index/resource_index/package_run_dependencies/udbot_viz
[1.595s] -- Installing: /home/johnma/ros2_ws/install/udbot_viz/share/ament_index/resource_index/parent_prefix_path/udbot_viz
[1.595s] -- Installing: /home/johnma/ros2_ws/install/udbot_viz/share/udbot_viz/environment/ament_prefix_path.sh
[1.595s] -- Installing: /home/johnma/ros2_ws/install/udbot_viz/share/udbot_viz/environment/ament_prefix_path.dsv
[1.595s] -- Installing: /home/johnma/ros2_ws/install/udbot_viz/share/udbot_viz/environment/path.sh
[1.595s] -- Installing: /home/johnma/ros2_ws/install/udbot_viz/share/udbot_viz/environment/path.dsv
[1.595s] -- Installing: /home/johnma/ros2_ws/install/udbot_viz/share/udbot_viz/local_setup.bash
[1.596s] -- Installing: /home/johnma/ros2_ws/install/udbot_viz/share/udbot_viz/local_setup.sh
[1.596s] -- Installing: /home/johnma/ros2_ws/install/udbot_viz/share/udbot_viz/local_setup.zsh
[1.596s] -- Installing: /home/johnma/ros2_ws/install/udbot_viz/share/udbot_viz/local_setup.dsv
[1.596s] -- Installing: /home/johnma/ros2_ws/install/udbot_viz/share/udbot_viz/package.dsv
[1.596s] -- Installing: /home/johnma/ros2_ws/install/udbot_viz/share/ament_index/resource_index/packages/udbot_viz
[1.596s] -- Installing: /home/johnma/ros2_ws/install/udbot_viz/share/udbot_viz/cmake/udbot_vizConfig.cmake
[1.596s] -- Installing: /home/johnma/ros2_ws/install/udbot_viz/share/udbot_viz/cmake/udbot_vizConfig-version.cmake
[1.596s] -- Installing: /home/johnma/ros2_ws/install/udbot_viz/share/udbot_viz/package.xml
[1.605s] Invoked command in '/home/johnma/ros2_ws/build/udbot_viz' returned '0': AMENT_PREFIX_PATH=/home/johnma/ros2_ws/install/udbot_description:/home/johnma/ros2_ws/install/irobot_create_description:${AMENT_PREFIX_PATH} CMAKE_PREFIX_PATH=/home/johnma/ros2_ws/install/udbot_description:/home/johnma/ros2_ws/install/irobot_create_description:/home/johnma/ros2_ws/install/turtlesim:/home/johnma/create3_examples_ws/install/create3_lidar:/home/johnma/create3_examples_ws/install/create3_coverage:/home/johnma/create3_examples_ws/install/create3_examples_msgs:/home/johnma/ros2_ws/install/qbert_py_movement:/home/johnma/create3_examples_ws/install/create3_teleop:/home/johnma/create3_examples_ws/install/create3_examples_py:/opt/ros/humble /usr/bin/cmake --install /home/johnma/ros2_ws/build/udbot_viz
