[0.021s] Invoking command in '/home/johnma/ros2_ws/build/irobot_create_description': CMAKE_PREFIX_PATH=${CMAKE_PREFIX_PATH}:/home/johnma/ros2_ws/install/qbert_py_movement:/home/johnma/create3_examples_ws/install/create3_teleop:/home/johnma/create3_examples_ws/install/create3_examples_py:/opt/ros/humble /usr/bin/cmake /home/johnma/ros2_ws/src/create3_sim/irobot_create_common/irobot_create_description -DCMAKE_INSTALL_PREFIX=/home/johnma/ros2_ws/install/irobot_create_description
[0.144s] -- The C compiler identification is GNU 11.3.0
[0.245s] -- The CXX compiler identification is GNU 11.3.0
[0.248s] -- Detecting C compiler ABI info
[0.325s] -- Detecting C compiler ABI info - done
[0.328s] -- Check for working C compiler: /usr/bin/cc - skipped
[0.328s] -- Detecting C compile features
[0.329s] -- Detecting C compile features - done
[0.334s] -- Detecting CXX compiler ABI info
[0.408s] -- Detecting CXX compiler ABI info - done
[0.414s] -- Check for working CXX compiler: /usr/bin/c++ - skipped
[0.414s] -- Detecting CXX compile features
[0.415s] -- Detecting CXX compile features - done
[0.416s] -- Found ament_cmake: 1.3.3 (/opt/ros/humble/share/ament_cmake/cmake)
[0.533s] -- Found Python3: /usr/bin/python3.10 (found version "3.10.6") found components: Interpreter 
[0.597s] -- Found ament_lint_auto: 0.12.5 (/opt/ros/humble/share/ament_lint_auto/cmake)
[0.641s] -- Added test 'lint_cmake' to check CMake code style
[0.641s] -- Configuring done
[0.643s] -- Generating done
[0.644s] -- Build files have been written to: /home/johnma/ros2_ws/build/irobot_create_description
[0.654s] Invoked command in '/home/johnma/ros2_ws/build/irobot_create_description' returned '0': CMAKE_PREFIX_PATH=${CMAKE_PREFIX_PATH}:/home/johnma/ros2_ws/install/qbert_py_movement:/home/johnma/create3_examples_ws/install/create3_teleop:/home/johnma/create3_examples_ws/install/create3_examples_py:/opt/ros/humble /usr/bin/cmake /home/johnma/ros2_ws/src/create3_sim/irobot_create_common/irobot_create_description -DCMAKE_INSTALL_PREFIX=/home/johnma/ros2_ws/install/irobot_create_description
[0.654s] Invoking command in '/home/johnma/ros2_ws/build/irobot_create_description': CMAKE_PREFIX_PATH=${CMAKE_PREFIX_PATH}:/home/johnma/ros2_ws/install/qbert_py_movement:/home/johnma/create3_examples_ws/install/create3_teleop:/home/johnma/create3_examples_ws/install/create3_examples_py:/opt/ros/humble /usr/bin/cmake --build /home/johnma/ros2_ws/build/irobot_create_description -- -j4 -l4
[0.692s] Invoked command in '/home/johnma/ros2_ws/build/irobot_create_description' returned '0': CMAKE_PREFIX_PATH=${CMAKE_PREFIX_PATH}:/home/johnma/ros2_ws/install/qbert_py_movement:/home/johnma/create3_examples_ws/install/create3_teleop:/home/johnma/create3_examples_ws/install/create3_examples_py:/opt/ros/humble /usr/bin/cmake --build /home/johnma/ros2_ws/build/irobot_create_description -- -j4 -l4
[0.716s] Invoking command in '/home/johnma/ros2_ws/build/irobot_create_description': CMAKE_PREFIX_PATH=${CMAKE_PREFIX_PATH}:/home/johnma/ros2_ws/install/qbert_py_movement:/home/johnma/create3_examples_ws/install/create3_teleop:/home/johnma/create3_examples_ws/install/create3_examples_py:/opt/ros/humble /usr/bin/cmake --install /home/johnma/ros2_ws/build/irobot_create_description
[0.732s] -- Install configuration: ""
[0.732s] -- Installing: /home/johnma/ros2_ws/install/irobot_create_description/share/irobot_create_description//meshes
[0.732s] -- Installing: /home/johnma/ros2_ws/install/irobot_create_description/share/irobot_create_description//meshes/bumper_collision.dae
[0.732s] -- Installing: /home/johnma/ros2_ws/install/irobot_create_description/share/irobot_create_description//meshes/body_visual.dae
[0.732s] -- Installing: /home/johnma/ros2_ws/install/irobot_create_description/share/irobot_create_description//meshes/bumper_visual.dae
[0.732s] -- Installing: /home/johnma/ros2_ws/install/irobot_create_description/share/irobot_create_description//meshes/dock
[0.732s] -- Installing: /home/johnma/ros2_ws/install/irobot_create_description/share/irobot_create_description//meshes/dock/visual.dae
[0.732s] -- Installing: /home/johnma/ros2_ws/install/irobot_create_description/share/irobot_create_description//urdf
[0.732s] -- Installing: /home/johnma/ros2_ws/install/irobot_create_description/share/irobot_create_description//urdf/sensors
[0.732s] -- Installing: /home/johnma/ros2_ws/install/irobot_create_description/share/irobot_create_description//urdf/sensors/ir_opcode_receivers.urdf.xacro
[0.732s] -- Installing: /home/johnma/ros2_ws/install/irobot_create_description/share/irobot_create_description//urdf/sensors/imu.urdf.xacro
[0.732s] -- Installing: /home/johnma/ros2_ws/install/irobot_create_description/share/irobot_create_description//urdf/sensors/ir_intensity.urdf.xacro
[0.732s] -- Installing: /home/johnma/ros2_ws/install/irobot_create_description/share/irobot_create_description//urdf/sensors/optical_mouse.urdf.xacro
[0.732s] -- Installing: /home/johnma/ros2_ws/install/irobot_create_description/share/irobot_create_description//urdf/sensors/cliff_sensor.urdf.xacro
[0.732s] -- Installing: /home/johnma/ros2_ws/install/irobot_create_description/share/irobot_create_description//urdf/wheel_with_wheeldrop.urdf.xacro
[0.732s] -- Installing: /home/johnma/ros2_ws/install/irobot_create_description/share/irobot_create_description//urdf/button.urdf.xacro
[0.732s] -- Installing: /home/johnma/ros2_ws/install/irobot_create_description/share/irobot_create_description//urdf/wheel.urdf.xacro
[0.732s] -- Installing: /home/johnma/ros2_ws/install/irobot_create_description/share/irobot_create_description//urdf/create3.urdf.xacro
[0.733s] -- Installing: /home/johnma/ros2_ws/install/irobot_create_description/share/irobot_create_description//urdf/bumper.urdf.xacro
[0.733s] -- Installing: /home/johnma/ros2_ws/install/irobot_create_description/share/irobot_create_description//urdf/caster.urdf.xacro
[0.733s] -- Installing: /home/johnma/ros2_ws/install/irobot_create_description/share/irobot_create_description//urdf/wheel_drop.urdf.xacro
[0.733s] -- Installing: /home/johnma/ros2_ws/install/irobot_create_description/share/irobot_create_description//urdf/common_properties.urdf.xacro
[0.733s] -- Installing: /home/johnma/ros2_ws/install/irobot_create_description/share/irobot_create_description//urdf/dock
[0.733s] -- Installing: /home/johnma/ros2_ws/install/irobot_create_description/share/irobot_create_description//urdf/dock/standard_dock.urdf.xacro
[0.733s] -- Installing: /home/johnma/ros2_ws/install/irobot_create_description/share/irobot_create_description//urdf/dock/ir_emitter.urdf.xacro
[0.733s] -- Installing: /home/johnma/ros2_ws/install/irobot_create_description/share/ament_index/resource_index/package_run_dependencies/irobot_create_description
[0.733s] -- Installing: /home/johnma/ros2_ws/install/irobot_create_description/share/ament_index/resource_index/parent_prefix_path/irobot_create_description
[0.733s] -- Installing: /home/johnma/ros2_ws/install/irobot_create_description/share/irobot_create_description/environment/ament_prefix_path.sh
[0.733s] -- Installing: /home/johnma/ros2_ws/install/irobot_create_description/share/irobot_create_description/environment/ament_prefix_path.dsv
[0.733s] -- Installing: /home/johnma/ros2_ws/install/irobot_create_description/share/irobot_create_description/environment/path.sh
[0.733s] -- Installing: /home/johnma/ros2_ws/install/irobot_create_description/share/irobot_create_description/environment/path.dsv
[0.733s] -- Installing: /home/johnma/ros2_ws/install/irobot_create_description/share/irobot_create_description/local_setup.bash
[0.733s] -- Installing: /home/johnma/ros2_ws/install/irobot_create_description/share/irobot_create_description/local_setup.sh
[0.733s] -- Installing: /home/johnma/ros2_ws/install/irobot_create_description/share/irobot_create_description/local_setup.zsh
[0.733s] -- Installing: /home/johnma/ros2_ws/install/irobot_create_description/share/irobot_create_description/local_setup.dsv
[0.733s] -- Installing: /home/johnma/ros2_ws/install/irobot_create_description/share/irobot_create_description/package.dsv
[0.733s] -- Installing: /home/johnma/ros2_ws/install/irobot_create_description/share/ament_index/resource_index/packages/irobot_create_description
[0.733s] -- Installing: /home/johnma/ros2_ws/install/irobot_create_description/share/irobot_create_description/cmake/irobot_create_descriptionConfig.cmake
[0.733s] -- Installing: /home/johnma/ros2_ws/install/irobot_create_description/share/irobot_create_description/cmake/irobot_create_descriptionConfig-version.cmake
[0.733s] -- Installing: /home/johnma/ros2_ws/install/irobot_create_description/share/irobot_create_description/package.xml
[0.746s] Invoked command in '/home/johnma/ros2_ws/build/irobot_create_description' returned '0': CMAKE_PREFIX_PATH=${CMAKE_PREFIX_PATH}:/home/johnma/ros2_ws/install/qbert_py_movement:/home/johnma/create3_examples_ws/install/create3_teleop:/home/johnma/create3_examples_ws/install/create3_examples_py:/opt/ros/humble /usr/bin/cmake --install /home/johnma/ros2_ws/build/irobot_create_description
