[0.011s] Invoking command in '/home/johnma/ros2_ws/build/udbot_viz': CMAKE_PREFIX_PATH=/home/johnma/ros2_ws/install/udbot_description:/home/johnma/ros2_ws/install/irobot_create_description:/home/johnma/ros2_ws/src/udbot/install/udbot_viz:/home/johnma/ros2_ws/src/udbot/install/udbot_odom2tf:/home/johnma/ros2_ws/src/udbot/install/udbot_description:/home/johnma/ros2_ws/src/create3_sim/install/irobot_create_description:/home/johnma/ros2_ws/install/udbot_viz:/home/johnma/ros2_ws/install/turtlesim:/home/johnma/ros2_ws/install/irobot_create_toolbox:/home/johnma/ros2_ws/install/irobot_create_ignition_plugins:/home/johnma/ros2_ws/install/irobot_create_control:/home/johnma/create3_examples_ws/install/create3_lidar:/home/johnma/create3_examples_ws/install/create3_coverage:/home/johnma/create3_examples_ws/install/create3_examples_msgs:/home/johnma/ros2_ws/install/qbert_py_movement:/home/johnma/create3_examples_ws/install/create3_teleop:/home/johnma/create3_examples_ws/install/create3_examples_py:/opt/ros/humble /usr/bin/cmake /home/johnma/ros2_ws/src/udbot/udbot_viz -DCMAKE_INSTALL_PREFIX=/home/johnma/ros2_ws/install/udbot_viz
[0.065s] -- The C compiler identification is GNU 11.3.0
[0.106s] -- The CXX compiler identification is GNU 11.3.0
[0.112s] -- Detecting C compiler ABI info
[0.177s] -- Detecting C compiler ABI info - done
[0.183s] -- Check for working C compiler: /usr/bin/cc - skipped
[0.183s] -- Detecting C compile features
[0.183s] -- Detecting C compile features - done
[0.186s] -- Detecting CXX compiler ABI info
[0.277s] -- Detecting CXX compiler ABI info - done
[0.282s] -- Check for working CXX compiler: /usr/bin/c++ - skipped
[0.283s] -- Detecting CXX compile features
[0.283s] -- Detecting CXX compile features - done
[0.285s] -- Found ament_cmake: 1.3.3 (/opt/ros/humble/share/ament_cmake/cmake)
[0.412s] -- Found Python3: /usr/bin/python3.10 (found version "3.10.6") found components: Interpreter 
[0.479s] -- Found ament_lint_auto: 0.12.5 (/opt/ros/humble/share/ament_lint_auto/cmake)
[0.537s] -- Added test 'copyright' to check source files copyright and LICENSE
[0.540s] -- Added test 'flake8' to check Python code syntax and style conventions
[0.541s] -- Added test 'lint_cmake' to check CMake code style
[0.541s] -- Added test 'pep257' to check Python code against some of the docstring style conventions in PEP 257
[0.542s] -- Added test 'xmllint' to check XML markup files
[0.543s] -- Configuring done
[0.545s] -- Generating done
[0.545s] -- Build files have been written to: /home/johnma/ros2_ws/build/udbot_viz
[0.550s] Invoked command in '/home/johnma/ros2_ws/build/udbot_viz' returned '0': CMAKE_PREFIX_PATH=/home/johnma/ros2_ws/install/udbot_description:/home/johnma/ros2_ws/install/irobot_create_description:/home/johnma/ros2_ws/src/udbot/install/udbot_viz:/home/johnma/ros2_ws/src/udbot/install/udbot_odom2tf:/home/johnma/ros2_ws/src/udbot/install/udbot_description:/home/johnma/ros2_ws/src/create3_sim/install/irobot_create_description:/home/johnma/ros2_ws/install/udbot_viz:/home/johnma/ros2_ws/install/turtlesim:/home/johnma/ros2_ws/install/irobot_create_toolbox:/home/johnma/ros2_ws/install/irobot_create_ignition_plugins:/home/johnma/ros2_ws/install/irobot_create_control:/home/johnma/create3_examples_ws/install/create3_lidar:/home/johnma/create3_examples_ws/install/create3_coverage:/home/johnma/create3_examples_ws/install/create3_examples_msgs:/home/johnma/ros2_ws/install/qbert_py_movement:/home/johnma/create3_examples_ws/install/create3_teleop:/home/johnma/create3_examples_ws/install/create3_examples_py:/opt/ros/humble /usr/bin/cmake /home/johnma/ros2_ws/src/udbot/udbot_viz -DCMAKE_INSTALL_PREFIX=/home/johnma/ros2_ws/install/udbot_viz
[0.550s] Invoking command in '/home/johnma/ros2_ws/build/udbot_viz': CMAKE_PREFIX_PATH=/home/johnma/ros2_ws/install/udbot_description:/home/johnma/ros2_ws/install/irobot_create_description:/home/johnma/ros2_ws/src/udbot/install/udbot_viz:/home/johnma/ros2_ws/src/udbot/install/udbot_odom2tf:/home/johnma/ros2_ws/src/udbot/install/udbot_description:/home/johnma/ros2_ws/src/create3_sim/install/irobot_create_description:/home/johnma/ros2_ws/install/udbot_viz:/home/johnma/ros2_ws/install/turtlesim:/home/johnma/ros2_ws/install/irobot_create_toolbox:/home/johnma/ros2_ws/install/irobot_create_ignition_plugins:/home/johnma/ros2_ws/install/irobot_create_control:/home/johnma/create3_examples_ws/install/create3_lidar:/home/johnma/create3_examples_ws/install/create3_coverage:/home/johnma/create3_examples_ws/install/create3_examples_msgs:/home/johnma/ros2_ws/install/qbert_py_movement:/home/johnma/create3_examples_ws/install/create3_teleop:/home/johnma/create3_examples_ws/install/create3_examples_py:/opt/ros/humble /usr/bin/cmake --build /home/johnma/ros2_ws/build/udbot_viz -- -j4 -l4
[0.586s] Invoked command in '/home/johnma/ros2_ws/build/udbot_viz' returned '0': CMAKE_PREFIX_PATH=/home/johnma/ros2_ws/install/udbot_description:/home/johnma/ros2_ws/install/irobot_create_description:/home/johnma/ros2_ws/src/udbot/install/udbot_viz:/home/johnma/ros2_ws/src/udbot/install/udbot_odom2tf:/home/johnma/ros2_ws/src/udbot/install/udbot_description:/home/johnma/ros2_ws/src/create3_sim/install/irobot_create_description:/home/johnma/ros2_ws/install/udbot_viz:/home/johnma/ros2_ws/install/turtlesim:/home/johnma/ros2_ws/install/irobot_create_toolbox:/home/johnma/ros2_ws/install/irobot_create_ignition_plugins:/home/johnma/ros2_ws/install/irobot_create_control:/home/johnma/create3_examples_ws/install/create3_lidar:/home/johnma/create3_examples_ws/install/create3_coverage:/home/johnma/create3_examples_ws/install/create3_examples_msgs:/home/johnma/ros2_ws/install/qbert_py_movement:/home/johnma/create3_examples_ws/install/create3_teleop:/home/johnma/create3_examples_ws/install/create3_examples_py:/opt/ros/humble /usr/bin/cmake --build /home/johnma/ros2_ws/build/udbot_viz -- -j4 -l4
[0.620s] Invoking command in '/home/johnma/ros2_ws/build/udbot_viz': CMAKE_PREFIX_PATH=/home/johnma/ros2_ws/install/udbot_description:/home/johnma/ros2_ws/install/irobot_create_description:/home/johnma/ros2_ws/src/udbot/install/udbot_viz:/home/johnma/ros2_ws/src/udbot/install/udbot_odom2tf:/home/johnma/ros2_ws/src/udbot/install/udbot_description:/home/johnma/ros2_ws/src/create3_sim/install/irobot_create_description:/home/johnma/ros2_ws/install/udbot_viz:/home/johnma/ros2_ws/install/turtlesim:/home/johnma/ros2_ws/install/irobot_create_toolbox:/home/johnma/ros2_ws/install/irobot_create_ignition_plugins:/home/johnma/ros2_ws/install/irobot_create_control:/home/johnma/create3_examples_ws/install/create3_lidar:/home/johnma/create3_examples_ws/install/create3_coverage:/home/johnma/create3_examples_ws/install/create3_examples_msgs:/home/johnma/ros2_ws/install/qbert_py_movement:/home/johnma/create3_examples_ws/install/create3_teleop:/home/johnma/create3_examples_ws/install/create3_examples_py:/opt/ros/humble /usr/bin/cmake --install /home/johnma/ros2_ws/build/udbot_viz
[0.628s] -- Install configuration: ""
[0.628s] -- Installing: /home/johnma/ros2_ws/install/udbot_viz/share/udbot_viz/launch
[0.628s] -- Installing: /home/johnma/ros2_ws/install/udbot_viz/share/udbot_viz/launch/view_model.launch.py
[0.629s] -- Installing: /home/johnma/ros2_ws/install/udbot_viz/share/udbot_viz/rviz
[0.629s] -- Installing: /home/johnma/ros2_ws/install/udbot_viz/share/udbot_viz/rviz/robot.rviz
[0.630s] -- Installing: /home/johnma/ros2_ws/install/udbot_viz/share/udbot_viz/rviz/model.rviz
[0.630s] -- Installing: /home/johnma/ros2_ws/install/udbot_viz/share/ament_index/resource_index/package_run_dependencies/udbot_viz
[0.631s] -- Installing: /home/johnma/ros2_ws/install/udbot_viz/share/ament_index/resource_index/parent_prefix_path/udbot_viz
[0.631s] -- Installing: /home/johnma/ros2_ws/install/udbot_viz/share/udbot_viz/environment/ament_prefix_path.sh
[0.631s] -- Installing: /home/johnma/ros2_ws/install/udbot_viz/share/udbot_viz/environment/ament_prefix_path.dsv
[0.631s] -- Installing: /home/johnma/ros2_ws/install/udbot_viz/share/udbot_viz/environment/path.sh
[0.631s] -- Installing: /home/johnma/ros2_ws/install/udbot_viz/share/udbot_viz/environment/path.dsv
[0.631s] -- Installing: /home/johnma/ros2_ws/install/udbot_viz/share/udbot_viz/local_setup.bash
[0.631s] -- Installing: /home/johnma/ros2_ws/install/udbot_viz/share/udbot_viz/local_setup.sh
[0.631s] -- Installing: /home/johnma/ros2_ws/install/udbot_viz/share/udbot_viz/local_setup.zsh
[0.631s] -- Installing: /home/johnma/ros2_ws/install/udbot_viz/share/udbot_viz/local_setup.dsv
[0.631s] -- Installing: /home/johnma/ros2_ws/install/udbot_viz/share/udbot_viz/package.dsv
[0.631s] -- Installing: /home/johnma/ros2_ws/install/udbot_viz/share/ament_index/resource_index/packages/udbot_viz
[0.632s] -- Installing: /home/johnma/ros2_ws/install/udbot_viz/share/udbot_viz/cmake/udbot_vizConfig.cmake
[0.632s] -- Installing: /home/johnma/ros2_ws/install/udbot_viz/share/udbot_viz/cmake/udbot_vizConfig-version.cmake
[0.632s] -- Installing: /home/johnma/ros2_ws/install/udbot_viz/share/udbot_viz/package.xml
[0.638s] Invoked command in '/home/johnma/ros2_ws/build/udbot_viz' returned '0': CMAKE_PREFIX_PATH=/home/johnma/ros2_ws/install/udbot_description:/home/johnma/ros2_ws/install/irobot_create_description:/home/johnma/ros2_ws/src/udbot/install/udbot_viz:/home/johnma/ros2_ws/src/udbot/install/udbot_odom2tf:/home/johnma/ros2_ws/src/udbot/install/udbot_description:/home/johnma/ros2_ws/src/create3_sim/install/irobot_create_description:/home/johnma/ros2_ws/install/udbot_viz:/home/johnma/ros2_ws/install/turtlesim:/home/johnma/ros2_ws/install/irobot_create_toolbox:/home/johnma/ros2_ws/install/irobot_create_ignition_plugins:/home/johnma/ros2_ws/install/irobot_create_control:/home/johnma/create3_examples_ws/install/create3_lidar:/home/johnma/create3_examples_ws/install/create3_coverage:/home/johnma/create3_examples_ws/install/create3_examples_msgs:/home/johnma/ros2_ws/install/qbert_py_movement:/home/johnma/create3_examples_ws/install/create3_teleop:/home/johnma/create3_examples_ws/install/create3_examples_py:/opt/ros/humble /usr/bin/cmake --install /home/johnma/ros2_ws/build/udbot_viz
