[0.819s] DEBUG:colcon:Command line arguments: ['/usr/bin/colcon', 'build']
[0.819s] DEBUG:colcon:Parsed command line arguments: Namespace(log_base=None, log_level=None, verb_name='build', build_base='build', install_base='install', merge_install=False, symlink_install=False, test_result_base=None, continue_on_error=False, executor='parallel', parallel_workers=4, event_handlers=None, ignore_user_meta=False, metas=['./colcon.meta'], base_paths=['.'], packages_ignore=None, packages_ignore_regex=None, paths=None, packages_up_to=None, packages_up_to_regex=None, packages_above=None, packages_above_and_dependencies=None, packages_above_depth=None, packages_select_by_dep=None, packages_skip_by_dep=None, packages_skip_up_to=None, packages_select_build_failed=False, packages_skip_build_finished=False, packages_select_test_failures=False, packages_skip_test_passed=False, packages_select=None, packages_skip=None, packages_select_regex=None, packages_skip_regex=None, packages_start=None, packages_end=None, allow_overriding=[], cmake_args=None, cmake_target=None, cmake_target_skip_unavailable=False, cmake_clean_cache=False, cmake_clean_first=False, cmake_force_configure=False, ament_cmake_args=None, catkin_cmake_args=None, catkin_skip_building_tests=False, verb_parser=<colcon_defaults.argument_parser.defaults.DefaultArgumentsDecorator object at 0xffff9b002500>, verb_extension=<colcon_core.verb.build.BuildVerb object at 0xffff9b74fe80>, main=<bound method BuildVerb.main of <colcon_core.verb.build.BuildVerb object at 0xffff9b74fe80>>)
[0.870s] Level 1:colcon.colcon_core.package_discovery:discover_packages(colcon_meta) check parameters
[0.870s] Level 1:colcon.colcon_core.package_discovery:discover_packages(recursive) check parameters
[0.870s] Level 1:colcon.colcon_core.package_discovery:discover_packages(ignore) check parameters
[0.870s] Level 1:colcon.colcon_core.package_discovery:discover_packages(path) check parameters
[0.870s] Level 1:colcon.colcon_core.package_discovery:discover_packages(colcon_meta) discover
[0.870s] Level 1:colcon.colcon_core.package_discovery:discover_packages(recursive) discover
[0.870s] INFO:colcon.colcon_core.package_discovery:Crawling recursively for packages in '/home/johnma/ros2_ws/src/qbert_py_movement'
[0.871s] Level 1:colcon.colcon_core.package_identification:_identify(.) by extensions ['ignore', 'ignore_ament_install']
[0.871s] Level 1:colcon.colcon_core.package_identification:_identify(.) by extension 'ignore'
[0.871s] Level 1:colcon.colcon_core.package_identification:_identify(.) by extension 'ignore_ament_install'
[0.871s] Level 1:colcon.colcon_core.package_identification:_identify(.) by extensions ['colcon_pkg']
[0.871s] Level 1:colcon.colcon_core.package_identification:_identify(.) by extension 'colcon_pkg'
[0.871s] Level 1:colcon.colcon_core.package_identification:_identify(.) by extensions ['colcon_meta']
[0.871s] Level 1:colcon.colcon_core.package_identification:_identify(.) by extension 'colcon_meta'
[0.871s] Level 1:colcon.colcon_core.package_identification:_identify(.) by extensions ['ros']
[0.871s] Level 1:colcon.colcon_core.package_identification:_identify(.) by extension 'ros'
[0.910s] DEBUG:colcon.colcon_core.package_identification:Package '.' with type 'ros.ament_python' and name 'qbert_py_movement'
[0.910s] Level 1:colcon.colcon_core.package_discovery:discover_packages(recursive) using defaults
[0.910s] Level 1:colcon.colcon_core.package_discovery:discover_packages(ignore) discover
[0.910s] Level 1:colcon.colcon_core.package_discovery:discover_packages(ignore) using defaults
[0.910s] Level 1:colcon.colcon_core.package_discovery:discover_packages(path) discover
[0.910s] Level 1:colcon.colcon_core.package_discovery:discover_packages(path) using defaults
[0.995s] Level 1:colcon.colcon_core.package_discovery:discover_packages(prefix_path) check parameters
[0.995s] Level 1:colcon.colcon_core.package_discovery:discover_packages(prefix_path) discover
[1.009s] DEBUG:colcon.colcon_installed_package_information.package_discovery:Found 1 installed packages in /home/johnma/ros2_ws/src/qbert_py_movement/install
[1.013s] DEBUG:colcon.colcon_installed_package_information.package_discovery:Found 3 installed packages in /home/johnma/ros2_ws/src/udbot/install
[1.016s] DEBUG:colcon.colcon_installed_package_information.package_discovery:Found 1 installed packages in /home/johnma/ros2_ws/src/create3_sim/install
[1.021s] DEBUG:colcon.colcon_installed_package_information.package_discovery:Found 9 installed packages in /home/johnma/ros2_ws/install
[1.027s] DEBUG:colcon.colcon_installed_package_information.package_discovery:Found 5 installed packages in /home/johnma/create3_examples_ws/install
[1.032s] DEBUG:colcon.colcon_installed_package_information.package_discovery:Found 282 installed packages in /opt/ros/humble
[1.034s] Level 1:colcon.colcon_core.package_discovery:discover_packages(prefix_path) using defaults
[1.128s] Level 5:colcon.colcon_core.verb:set package 'qbert_py_movement' build argument 'cmake_args' from command line to 'None'
[1.128s] Level 5:colcon.colcon_core.verb:set package 'qbert_py_movement' build argument 'cmake_target' from command line to 'None'
[1.128s] Level 5:colcon.colcon_core.verb:set package 'qbert_py_movement' build argument 'cmake_target_skip_unavailable' from command line to 'False'
[1.128s] Level 5:colcon.colcon_core.verb:set package 'qbert_py_movement' build argument 'cmake_clean_cache' from command line to 'False'
[1.128s] Level 5:colcon.colcon_core.verb:set package 'qbert_py_movement' build argument 'cmake_clean_first' from command line to 'False'
[1.129s] Level 5:colcon.colcon_core.verb:set package 'qbert_py_movement' build argument 'cmake_force_configure' from command line to 'False'
[1.129s] Level 5:colcon.colcon_core.verb:set package 'qbert_py_movement' build argument 'ament_cmake_args' from command line to 'None'
[1.129s] Level 5:colcon.colcon_core.verb:set package 'qbert_py_movement' build argument 'catkin_cmake_args' from command line to 'None'
[1.129s] Level 5:colcon.colcon_core.verb:set package 'qbert_py_movement' build argument 'catkin_skip_building_tests' from command line to 'False'
[1.129s] DEBUG:colcon.colcon_core.verb:Building package 'qbert_py_movement' with the following arguments: {'ament_cmake_args': None, 'build_base': '/home/johnma/ros2_ws/src/qbert_py_movement/build/qbert_py_movement', 'catkin_cmake_args': None, 'catkin_skip_building_tests': False, 'cmake_args': None, 'cmake_clean_cache': False, 'cmake_clean_first': False, 'cmake_force_configure': False, 'cmake_target': None, 'cmake_target_skip_unavailable': False, 'install_base': '/home/johnma/ros2_ws/src/qbert_py_movement/install/qbert_py_movement', 'merge_install': False, 'path': '/home/johnma/ros2_ws/src/qbert_py_movement', 'symlink_install': False, 'test_result_base': None}
[1.129s] INFO:colcon.colcon_core.executor:Executing jobs using 'parallel' executor
[1.134s] DEBUG:colcon.colcon_parallel_executor.executor.parallel:run_until_complete
[1.134s] INFO:colcon.colcon_ros.task.ament_python.build:Building ROS package in '/home/johnma/ros2_ws/src/qbert_py_movement' with build type 'ament_python'
[1.135s] Level 1:colcon.colcon_core.shell:create_environment_hook('qbert_py_movement', 'ament_prefix_path')
[1.143s] INFO:colcon.colcon_core.plugin_system:Skipping extension 'colcon_core.shell.bat': Not used on non-Windows systems
[1.144s] INFO:colcon.colcon_core.shell:Creating environment hook '/home/johnma/ros2_ws/src/qbert_py_movement/install/qbert_py_movement/share/qbert_py_movement/hook/ament_prefix_path.ps1'
[1.144s] INFO:colcon.colcon_core.shell:Creating environment descriptor '/home/johnma/ros2_ws/src/qbert_py_movement/install/qbert_py_movement/share/qbert_py_movement/hook/ament_prefix_path.dsv'
[1.145s] INFO:colcon.colcon_core.shell:Creating environment hook '/home/johnma/ros2_ws/src/qbert_py_movement/install/qbert_py_movement/share/qbert_py_movement/hook/ament_prefix_path.sh'
[1.148s] INFO:colcon.colcon_core.shell:Skip shell extension 'powershell' for command environment: Not usable outside of PowerShell
[1.148s] DEBUG:colcon.colcon_core.shell:Skip shell extension 'dsv' for command environment
[1.636s] INFO:colcon.colcon_core.task.python.build:Building Python package in '/home/johnma/ros2_ws/src/qbert_py_movement'
[1.638s] INFO:colcon.colcon_core.shell:Skip shell extension 'powershell' for command environment: Not usable outside of PowerShell
[1.638s] DEBUG:colcon.colcon_core.shell:Skip shell extension 'dsv' for command environment
[2.116s] DEBUG:colcon.colcon_core.event_handler.log_command:Invoking command in '/home/johnma/ros2_ws/src/qbert_py_movement': PYTHONPATH=/home/johnma/ros2_ws/src/qbert_py_movement/build/qbert_py_movement/prefix_override:/home/johnma/ros2_ws/src/qbert_py_movement/install/qbert_py_movement/lib/python3.10/site-packages:${PYTHONPATH} /usr/bin/python3 setup.py egg_info --egg-base build/qbert_py_movement build --build-base /home/johnma/ros2_ws/src/qbert_py_movement/build/qbert_py_movement/build install --record /home/johnma/ros2_ws/src/qbert_py_movement/build/qbert_py_movement/install.log --single-version-externally-managed
[2.629s] Level 1:colcon.colcon_core.environment:checking '/home/johnma/ros2_ws/src/qbert_py_movement/install/qbert_py_movement' for CMake module files
[2.631s] DEBUG:colcon.colcon_core.event_handler.log_command:Invoked command in '/home/johnma/ros2_ws/src/qbert_py_movement' returned '0': PYTHONPATH=/home/johnma/ros2_ws/src/qbert_py_movement/build/qbert_py_movement/prefix_override:/home/johnma/ros2_ws/src/qbert_py_movement/install/qbert_py_movement/lib/python3.10/site-packages:${PYTHONPATH} /usr/bin/python3 setup.py egg_info --egg-base build/qbert_py_movement build --build-base /home/johnma/ros2_ws/src/qbert_py_movement/build/qbert_py_movement/build install --record /home/johnma/ros2_ws/src/qbert_py_movement/build/qbert_py_movement/install.log --single-version-externally-managed
[2.631s] Level 1:colcon.colcon_core.environment:checking '/home/johnma/ros2_ws/src/qbert_py_movement/install/qbert_py_movement' for CMake config files
[2.632s] Level 1:colcon.colcon_core.environment:checking '/home/johnma/ros2_ws/src/qbert_py_movement/install/qbert_py_movement/lib'
[2.633s] Level 1:colcon.colcon_core.environment:checking '/home/johnma/ros2_ws/src/qbert_py_movement/install/qbert_py_movement/bin'
[2.633s] Level 1:colcon.colcon_core.environment:checking '/home/johnma/ros2_ws/src/qbert_py_movement/install/qbert_py_movement/lib/pkgconfig/qbert_py_movement.pc'
[2.633s] Level 1:colcon.colcon_core.environment:checking '/home/johnma/ros2_ws/src/qbert_py_movement/install/qbert_py_movement/lib/python3.10/site-packages'
[2.633s] Level 1:colcon.colcon_core.shell:create_environment_hook('qbert_py_movement', 'pythonpath')
[2.637s] INFO:colcon.colcon_core.shell:Creating environment hook '/home/johnma/ros2_ws/src/qbert_py_movement/install/qbert_py_movement/share/qbert_py_movement/hook/pythonpath.ps1'
[2.638s] INFO:colcon.colcon_core.shell:Creating environment descriptor '/home/johnma/ros2_ws/src/qbert_py_movement/install/qbert_py_movement/share/qbert_py_movement/hook/pythonpath.dsv'
[2.639s] INFO:colcon.colcon_core.shell:Creating environment hook '/home/johnma/ros2_ws/src/qbert_py_movement/install/qbert_py_movement/share/qbert_py_movement/hook/pythonpath.sh'
[2.640s] Level 1:colcon.colcon_core.environment:checking '/home/johnma/ros2_ws/src/qbert_py_movement/install/qbert_py_movement/bin'
[2.640s] Level 1:colcon.colcon_core.environment:create_environment_scripts_only(qbert_py_movement)
[2.643s] INFO:colcon.colcon_core.shell:Creating package script '/home/johnma/ros2_ws/src/qbert_py_movement/install/qbert_py_movement/share/qbert_py_movement/package.ps1'
[2.645s] INFO:colcon.colcon_core.shell:Creating package descriptor '/home/johnma/ros2_ws/src/qbert_py_movement/install/qbert_py_movement/share/qbert_py_movement/package.dsv'
[2.647s] INFO:colcon.colcon_core.shell:Creating package script '/home/johnma/ros2_ws/src/qbert_py_movement/install/qbert_py_movement/share/qbert_py_movement/package.sh'
[2.649s] INFO:colcon.colcon_core.shell:Creating package script '/home/johnma/ros2_ws/src/qbert_py_movement/install/qbert_py_movement/share/qbert_py_movement/package.bash'
[2.650s] INFO:colcon.colcon_core.shell:Creating package script '/home/johnma/ros2_ws/src/qbert_py_movement/install/qbert_py_movement/share/qbert_py_movement/package.zsh'
[2.652s] Level 1:colcon.colcon_core.environment:create_file_with_runtime_dependencies(/home/johnma/ros2_ws/src/qbert_py_movement/install/qbert_py_movement/share/colcon-core/packages/qbert_py_movement)
[2.655s] DEBUG:colcon.colcon_parallel_executor.executor.parallel:closing loop
[2.656s] DEBUG:colcon.colcon_parallel_executor.executor.parallel:loop closed
[2.656s] DEBUG:colcon.colcon_parallel_executor.executor.parallel:run_until_complete finished with '0'
[2.656s] DEBUG:colcon.colcon_core.event_reactor:joining thread
[2.689s] INFO:colcon.colcon_core.plugin_system:Skipping extension 'colcon_notification.desktop_notification.terminal_notifier': Not used on non-Darwin systems
[2.689s] INFO:colcon.colcon_core.plugin_system:Skipping extension 'colcon_notification.desktop_notification.win32': Not used on non-Windows systems
[2.689s] INFO:colcon.colcon_notification.desktop_notification:Sending desktop notification using 'notify2'
[2.697s] DEBUG:colcon.colcon_notification.desktop_notification.notify2:Failed to initialize notify2: org.freedesktop.DBus.Error.ServiceUnknown: The name org.freedesktop.Notifications was not provided by any .service files
[2.697s] DEBUG:colcon.colcon_core.event_reactor:joined thread
[2.699s] INFO:colcon.colcon_core.shell:Creating prefix script '/home/johnma/ros2_ws/src/qbert_py_movement/install/local_setup.ps1'
[2.701s] INFO:colcon.colcon_core.shell:Creating prefix util module '/home/johnma/ros2_ws/src/qbert_py_movement/install/_local_setup_util_ps1.py'
[2.703s] INFO:colcon.colcon_core.shell:Creating prefix chain script '/home/johnma/ros2_ws/src/qbert_py_movement/install/setup.ps1'
[2.707s] INFO:colcon.colcon_core.shell:Creating prefix script '/home/johnma/ros2_ws/src/qbert_py_movement/install/local_setup.sh'
[2.708s] INFO:colcon.colcon_core.shell:Creating prefix util module '/home/johnma/ros2_ws/src/qbert_py_movement/install/_local_setup_util_sh.py'
[2.708s] INFO:colcon.colcon_core.shell:Creating prefix chain script '/home/johnma/ros2_ws/src/qbert_py_movement/install/setup.sh'
[2.711s] INFO:colcon.colcon_core.shell:Creating prefix script '/home/johnma/ros2_ws/src/qbert_py_movement/install/local_setup.bash'
[2.712s] INFO:colcon.colcon_core.shell:Creating prefix chain script '/home/johnma/ros2_ws/src/qbert_py_movement/install/setup.bash'
[2.716s] INFO:colcon.colcon_core.shell:Creating prefix script '/home/johnma/ros2_ws/src/qbert_py_movement/install/local_setup.zsh'
[2.716s] INFO:colcon.colcon_core.shell:Creating prefix chain script '/home/johnma/ros2_ws/src/qbert_py_movement/install/setup.zsh'
