[0.293s] Invoking command in '/home/johnma/ros2_ws/build/udbot_odom2tf': CMAKE_PREFIX_PATH=${CMAKE_PREFIX_PATH}:/home/johnma/ros2_ws/install/qbert_py_movement:/home/johnma/create3_examples_ws/install/create3_teleop:/home/johnma/create3_examples_ws/install/create3_examples_py:/opt/ros/humble /usr/bin/cmake /home/johnma/ros2_ws/src/udbot/udbot_odom2tf -DCMAKE_INSTALL_PREFIX=/home/johnma/ros2_ws/install/udbot_odom2tf
[0.406s] -- The C compiler identification is GNU 11.3.0
[0.547s] -- The CXX compiler identification is GNU 11.3.0
[0.560s] -- Detecting C compiler ABI info
[0.744s] -- Detecting C compiler ABI info - done
[0.752s] -- Check for working C compiler: /usr/bin/cc - skipped
[0.753s] -- Detecting C compile features
[0.754s] -- Detecting C compile features - done
[0.757s] -- Detecting CXX compiler ABI info
[0.990s] -- Detecting CXX compiler ABI info - done
[1.009s] -- Check for working CXX compiler: /usr/bin/c++ - skipped
[1.009s] -- Detecting CXX compile features
[1.010s] -- Detecting CXX compile features - done
[1.013s] -- Found ament_cmake: 1.3.3 (/opt/ros/humble/share/ament_cmake/cmake)
[1.278s] -- Found Python3: /usr/bin/python3.10 (found version "3.10.6") found components: Interpreter 
[1.507s] -- Found rclcpp: 16.0.3 (/opt/ros/humble/share/rclcpp/cmake)
[1.664s] -- Found rosidl_generator_c: 3.1.4 (/opt/ros/humble/share/rosidl_generator_c/cmake)
[1.690s] -- Found rosidl_adapter: 3.1.4 (/opt/ros/humble/share/rosidl_adapter/cmake)
[1.715s] -- Found rosidl_generator_cpp: 3.1.4 (/opt/ros/humble/share/rosidl_generator_cpp/cmake)
[1.746s] -- Using all available rosidl_typesupport_c: rosidl_typesupport_fastrtps_c;rosidl_typesupport_introspection_c
[1.786s] -- Using all available rosidl_typesupport_cpp: rosidl_typesupport_fastrtps_cpp;rosidl_typesupport_introspection_cpp
[1.919s] -- Found rmw_implementation_cmake: 6.1.1 (/opt/ros/humble/share/rmw_implementation_cmake/cmake)
[1.925s] -- Found rmw_fastrtps_cpp: 6.2.2 (/opt/ros/humble/share/rmw_fastrtps_cpp/cmake)
[2.103s] -- Found OpenSSL: /usr/lib/aarch64-linux-gnu/libcrypto.so (found version "3.0.2")  
[2.149s] -- Found FastRTPS: /opt/ros/humble/include  
[2.247s] -- Using RMW implementation 'rmw_fastrtps_cpp' as default
[2.279s] -- Looking for pthread.h
[2.402s] -- Looking for pthread.h - found
[2.402s] -- Performing Test CMAKE_HAVE_LIBC_PTHREAD
[2.487s] -- Performing Test CMAKE_HAVE_LIBC_PTHREAD - Success
[2.488s] -- Found Threads: TRUE  
[2.719s] -- Found nav_msgs: 4.2.3 (/opt/ros/humble/share/nav_msgs/cmake)
[2.899s] -- Found tf2_msgs: 0.25.2 (/opt/ros/humble/share/tf2_msgs/cmake)
[3.126s] -- Found tf2_ros: 0.25.2 (/opt/ros/humble/share/tf2_ros/cmake)
[3.413s] -- Configuring done
[3.424s] -- Generating done
[3.426s] -- Build files have been written to: /home/johnma/ros2_ws/build/udbot_odom2tf
