[0.583s] Invoking command in '/home/johnma/ros2_ws/src/qbert_py_laserfollow': PYTHONPATH=/home/johnma/ros2_ws/src/qbert_py_laserfollow/build/qbert_py_laserfollow/prefix_override:/home/johnma/ros2_ws/src/qbert_py_laserfollow/install/qbert_py_laserfollow/lib/python3.10/site-packages:${PYTHONPATH} /usr/bin/python3 setup.py egg_info --egg-base build/qbert_py_laserfollow build --build-base /home/johnma/ros2_ws/src/qbert_py_laserfollow/build/qbert_py_laserfollow/build install --record /home/johnma/ros2_ws/src/qbert_py_laserfollow/build/qbert_py_laserfollow/install.log --single-version-externally-managed
[0.812s] running egg_info
[0.813s] writing build/qbert_py_laserfollow/qbert_py_laserfollow.egg-info/PKG-INFO
[0.813s] writing dependency_links to build/qbert_py_laserfollow/qbert_py_laserfollow.egg-info/dependency_links.txt
[0.814s] writing entry points to build/qbert_py_laserfollow/qbert_py_laserfollow.egg-info/entry_points.txt
[0.814s] writing requirements to build/qbert_py_laserfollow/qbert_py_laserfollow.egg-info/requires.txt
[0.814s] writing top-level names to build/qbert_py_laserfollow/qbert_py_laserfollow.egg-info/top_level.txt
[0.816s] reading manifest file 'build/qbert_py_laserfollow/qbert_py_laserfollow.egg-info/SOURCES.txt'
[0.817s] writing manifest file 'build/qbert_py_laserfollow/qbert_py_laserfollow.egg-info/SOURCES.txt'
[0.818s] running build
[0.818s] running build_py
[0.818s] copying qbert_py_laserfollow/laserfollow.py -> /home/johnma/ros2_ws/src/qbert_py_laserfollow/build/qbert_py_laserfollow/build/lib/qbert_py_laserfollow
[0.820s] running install
[0.820s] /usr/lib/python3/dist-packages/setuptools/command/install.py:34: SetuptoolsDeprecationWarning: setup.py install is deprecated. Use build and pip and other standards-based tools.
[0.820s]   warnings.warn(
[0.821s] running install_lib
[0.821s] copying /home/johnma/ros2_ws/src/qbert_py_laserfollow/build/qbert_py_laserfollow/build/lib/qbert_py_laserfollow/laserfollow.py -> /home/johnma/ros2_ws/src/qbert_py_laserfollow/install/qbert_py_laserfollow/lib/python3.10/site-packages/qbert_py_laserfollow
[0.822s] byte-compiling /home/johnma/ros2_ws/src/qbert_py_laserfollow/install/qbert_py_laserfollow/lib/python3.10/site-packages/qbert_py_laserfollow/laserfollow.py to laserfollow.cpython-310.pyc
[0.823s] running install_data
[0.824s] running install_egg_info
[0.825s] removing '/home/johnma/ros2_ws/src/qbert_py_laserfollow/install/qbert_py_laserfollow/lib/python3.10/site-packages/qbert_py_laserfollow-0.0.0-py3.10.egg-info' (and everything under it)
[0.826s] Copying build/qbert_py_laserfollow/qbert_py_laserfollow.egg-info to /home/johnma/ros2_ws/src/qbert_py_laserfollow/install/qbert_py_laserfollow/lib/python3.10/site-packages/qbert_py_laserfollow-0.0.0-py3.10.egg-info
[0.827s] running install_scripts
[0.852s] Installing laserfollow script to /home/johnma/ros2_ws/src/qbert_py_laserfollow/install/qbert_py_laserfollow/lib/qbert_py_laserfollow
[0.852s] writing list of installed files to '/home/johnma/ros2_ws/src/qbert_py_laserfollow/build/qbert_py_laserfollow/install.log'
[0.881s] Invoked command in '/home/johnma/ros2_ws/src/qbert_py_laserfollow' returned '0': PYTHONPATH=/home/johnma/ros2_ws/src/qbert_py_laserfollow/build/qbert_py_laserfollow/prefix_override:/home/johnma/ros2_ws/src/qbert_py_laserfollow/install/qbert_py_laserfollow/lib/python3.10/site-packages:${PYTHONPATH} /usr/bin/python3 setup.py egg_info --egg-base build/qbert_py_laserfollow build --build-base /home/johnma/ros2_ws/src/qbert_py_laserfollow/build/qbert_py_laserfollow/build install --record /home/johnma/ros2_ws/src/qbert_py_laserfollow/build/qbert_py_laserfollow/install.log --single-version-externally-managed
