[0.632s] DEBUG:colcon:Command line arguments: ['/usr/bin/colcon', 'build']
[0.632s] DEBUG:colcon:Parsed command line arguments: Namespace(log_base=None, log_level=None, verb_name='build', build_base='build', install_base='install', merge_install=False, symlink_install=False, test_result_base=None, continue_on_error=False, executor='parallel', parallel_workers=4, event_handlers=None, ignore_user_meta=False, metas=['./colcon.meta'], base_paths=['.'], packages_ignore=None, packages_ignore_regex=None, paths=None, packages_up_to=None, packages_up_to_regex=None, packages_above=None, packages_above_and_dependencies=None, packages_above_depth=None, packages_select_by_dep=None, packages_skip_by_dep=None, packages_skip_up_to=None, packages_select_build_failed=False, packages_skip_build_finished=False, packages_select_test_failures=False, packages_skip_test_passed=False, packages_select=None, packages_skip=None, packages_select_regex=None, packages_skip_regex=None, packages_start=None, packages_end=None, allow_overriding=[], cmake_args=None, cmake_target=None, cmake_target_skip_unavailable=False, cmake_clean_cache=False, cmake_clean_first=False, cmake_force_configure=False, ament_cmake_args=None, catkin_cmake_args=None, catkin_skip_building_tests=False, verb_parser=<colcon_defaults.argument_parser.defaults.DefaultArgumentsDecorator object at 0xffffb7752740>, verb_extension=<colcon_core.verb.build.BuildVerb object at 0xffffb7f696f0>, main=<bound method BuildVerb.main of <colcon_core.verb.build.BuildVerb object at 0xffffb7f696f0>>)
[0.665s] Level 1:colcon.colcon_core.package_discovery:discover_packages(colcon_meta) check parameters
[0.665s] Level 1:colcon.colcon_core.package_discovery:discover_packages(recursive) check parameters
[0.665s] Level 1:colcon.colcon_core.package_discovery:discover_packages(ignore) check parameters
[0.665s] Level 1:colcon.colcon_core.package_discovery:discover_packages(path) check parameters
[0.665s] Level 1:colcon.colcon_core.package_discovery:discover_packages(colcon_meta) discover
[0.665s] Level 1:colcon.colcon_core.package_discovery:discover_packages(recursive) discover
[0.665s] INFO:colcon.colcon_core.package_discovery:Crawling recursively for packages in '/home/johnma/ros2_ws/src/qbert_py_laserfollow'
[0.665s] Level 1:colcon.colcon_core.package_identification:_identify(.) by extensions ['ignore', 'ignore_ament_install']
[0.665s] Level 1:colcon.colcon_core.package_identification:_identify(.) by extension 'ignore'
[0.665s] Level 1:colcon.colcon_core.package_identification:_identify(.) by extension 'ignore_ament_install'
[0.665s] Level 1:colcon.colcon_core.package_identification:_identify(.) by extensions ['colcon_pkg']
[0.665s] Level 1:colcon.colcon_core.package_identification:_identify(.) by extension 'colcon_pkg'
[0.665s] Level 1:colcon.colcon_core.package_identification:_identify(.) by extensions ['colcon_meta']
[0.665s] Level 1:colcon.colcon_core.package_identification:_identify(.) by extension 'colcon_meta'
[0.665s] Level 1:colcon.colcon_core.package_identification:_identify(.) by extensions ['ros']
[0.665s] Level 1:colcon.colcon_core.package_identification:_identify(.) by extension 'ros'
[0.684s] DEBUG:colcon.colcon_core.package_identification:Package '.' with type 'ros.ament_python' and name 'qbert_py_laserfollow'
[0.684s] Level 1:colcon.colcon_core.package_discovery:discover_packages(recursive) using defaults
[0.684s] Level 1:colcon.colcon_core.package_discovery:discover_packages(ignore) discover
[0.684s] Level 1:colcon.colcon_core.package_discovery:discover_packages(ignore) using defaults
[0.684s] Level 1:colcon.colcon_core.package_discovery:discover_packages(path) discover
[0.684s] Level 1:colcon.colcon_core.package_discovery:discover_packages(path) using defaults
[0.718s] Level 1:colcon.colcon_core.package_discovery:discover_packages(prefix_path) check parameters
[0.718s] Level 1:colcon.colcon_core.package_discovery:discover_packages(prefix_path) discover
[0.724s] DEBUG:colcon.colcon_installed_package_information.package_discovery:Found 1 installed packages in /home/johnma/ros2_ws/src/qbert_py_laserfollow/install
[0.726s] DEBUG:colcon.colcon_installed_package_information.package_discovery:Found 3 installed packages in /home/johnma/ros2_ws/src/udbot/install
[0.727s] DEBUG:colcon.colcon_installed_package_information.package_discovery:Found 1 installed packages in /home/johnma/ros2_ws/src/create3_sim/install
[0.728s] DEBUG:colcon.colcon_installed_package_information.package_discovery:Found 10 installed packages in /home/johnma/ros2_ws/install
[0.730s] DEBUG:colcon.colcon_installed_package_information.package_discovery:Found 5 installed packages in /home/johnma/create3_examples_ws/install
[0.733s] DEBUG:colcon.colcon_installed_package_information.package_discovery:Found 282 installed packages in /opt/ros/humble
[0.735s] Level 1:colcon.colcon_core.package_discovery:discover_packages(prefix_path) using defaults
[0.828s] Level 5:colcon.colcon_core.verb:set package 'qbert_py_laserfollow' build argument 'cmake_args' from command line to 'None'
[0.828s] Level 5:colcon.colcon_core.verb:set package 'qbert_py_laserfollow' build argument 'cmake_target' from command line to 'None'
[0.828s] Level 5:colcon.colcon_core.verb:set package 'qbert_py_laserfollow' build argument 'cmake_target_skip_unavailable' from command line to 'False'
[0.828s] Level 5:colcon.colcon_core.verb:set package 'qbert_py_laserfollow' build argument 'cmake_clean_cache' from command line to 'False'
[0.828s] Level 5:colcon.colcon_core.verb:set package 'qbert_py_laserfollow' build argument 'cmake_clean_first' from command line to 'False'
[0.828s] Level 5:colcon.colcon_core.verb:set package 'qbert_py_laserfollow' build argument 'cmake_force_configure' from command line to 'False'
[0.828s] Level 5:colcon.colcon_core.verb:set package 'qbert_py_laserfollow' build argument 'ament_cmake_args' from command line to 'None'
[0.828s] Level 5:colcon.colcon_core.verb:set package 'qbert_py_laserfollow' build argument 'catkin_cmake_args' from command line to 'None'
[0.828s] Level 5:colcon.colcon_core.verb:set package 'qbert_py_laserfollow' build argument 'catkin_skip_building_tests' from command line to 'False'
[0.829s] DEBUG:colcon.colcon_core.verb:Building package 'qbert_py_laserfollow' with the following arguments: {'ament_cmake_args': None, 'build_base': '/home/johnma/ros2_ws/src/qbert_py_laserfollow/build/qbert_py_laserfollow', 'catkin_cmake_args': None, 'catkin_skip_building_tests': False, 'cmake_args': None, 'cmake_clean_cache': False, 'cmake_clean_first': False, 'cmake_force_configure': False, 'cmake_target': None, 'cmake_target_skip_unavailable': False, 'install_base': '/home/johnma/ros2_ws/src/qbert_py_laserfollow/install/qbert_py_laserfollow', 'merge_install': False, 'path': '/home/johnma/ros2_ws/src/qbert_py_laserfollow', 'symlink_install': False, 'test_result_base': None}
[0.829s] INFO:colcon.colcon_core.executor:Executing jobs using 'parallel' executor
[0.834s] DEBUG:colcon.colcon_parallel_executor.executor.parallel:run_until_complete
[0.835s] INFO:colcon.colcon_ros.task.ament_python.build:Building ROS package in '/home/johnma/ros2_ws/src/qbert_py_laserfollow' with build type 'ament_python'
[0.835s] Level 1:colcon.colcon_core.shell:create_environment_hook('qbert_py_laserfollow', 'ament_prefix_path')
[0.841s] INFO:colcon.colcon_core.plugin_system:Skipping extension 'colcon_core.shell.bat': Not used on non-Windows systems
[0.841s] INFO:colcon.colcon_core.shell:Creating environment hook '/home/johnma/ros2_ws/src/qbert_py_laserfollow/install/qbert_py_laserfollow/share/qbert_py_laserfollow/hook/ament_prefix_path.ps1'
[0.842s] INFO:colcon.colcon_core.shell:Creating environment descriptor '/home/johnma/ros2_ws/src/qbert_py_laserfollow/install/qbert_py_laserfollow/share/qbert_py_laserfollow/hook/ament_prefix_path.dsv'
[0.843s] INFO:colcon.colcon_core.shell:Creating environment hook '/home/johnma/ros2_ws/src/qbert_py_laserfollow/install/qbert_py_laserfollow/share/qbert_py_laserfollow/hook/ament_prefix_path.sh'
[0.847s] INFO:colcon.colcon_core.shell:Skip shell extension 'powershell' for command environment: Not usable outside of PowerShell
[0.847s] DEBUG:colcon.colcon_core.shell:Skip shell extension 'dsv' for command environment
[1.268s] INFO:colcon.colcon_core.task.python.build:Building Python package in '/home/johnma/ros2_ws/src/qbert_py_laserfollow'
[1.270s] INFO:colcon.colcon_core.shell:Skip shell extension 'powershell' for command environment: Not usable outside of PowerShell
[1.270s] DEBUG:colcon.colcon_core.shell:Skip shell extension 'dsv' for command environment
[1.838s] DEBUG:colcon.colcon_core.event_handler.log_command:Invoking command in '/home/johnma/ros2_ws/src/qbert_py_laserfollow': PYTHONPATH=/home/johnma/ros2_ws/src/qbert_py_laserfollow/build/qbert_py_laserfollow/prefix_override:/home/johnma/ros2_ws/src/qbert_py_laserfollow/install/qbert_py_laserfollow/lib/python3.10/site-packages:${PYTHONPATH} /usr/bin/python3 setup.py egg_info --egg-base build/qbert_py_laserfollow build --build-base /home/johnma/ros2_ws/src/qbert_py_laserfollow/build/qbert_py_laserfollow/build install --record /home/johnma/ros2_ws/src/qbert_py_laserfollow/build/qbert_py_laserfollow/install.log --single-version-externally-managed
[2.354s] DEBUG:colcon.colcon_core.event_handler.log_command:Invoked command in '/home/johnma/ros2_ws/src/qbert_py_laserfollow' returned '0': PYTHONPATH=/home/johnma/ros2_ws/src/qbert_py_laserfollow/build/qbert_py_laserfollow/prefix_override:/home/johnma/ros2_ws/src/qbert_py_laserfollow/install/qbert_py_laserfollow/lib/python3.10/site-packages:${PYTHONPATH} /usr/bin/python3 setup.py egg_info --egg-base build/qbert_py_laserfollow build --build-base /home/johnma/ros2_ws/src/qbert_py_laserfollow/build/qbert_py_laserfollow/build install --record /home/johnma/ros2_ws/src/qbert_py_laserfollow/build/qbert_py_laserfollow/install.log --single-version-externally-managed
[2.362s] Level 1:colcon.colcon_core.environment:checking '/home/johnma/ros2_ws/src/qbert_py_laserfollow/install/qbert_py_laserfollow' for CMake module files
[2.363s] Level 1:colcon.colcon_core.environment:checking '/home/johnma/ros2_ws/src/qbert_py_laserfollow/install/qbert_py_laserfollow' for CMake config files
[2.364s] Level 1:colcon.colcon_core.environment:checking '/home/johnma/ros2_ws/src/qbert_py_laserfollow/install/qbert_py_laserfollow/lib'
[2.364s] Level 1:colcon.colcon_core.environment:checking '/home/johnma/ros2_ws/src/qbert_py_laserfollow/install/qbert_py_laserfollow/bin'
[2.364s] Level 1:colcon.colcon_core.environment:checking '/home/johnma/ros2_ws/src/qbert_py_laserfollow/install/qbert_py_laserfollow/lib/pkgconfig/qbert_py_laserfollow.pc'
[2.365s] Level 1:colcon.colcon_core.environment:checking '/home/johnma/ros2_ws/src/qbert_py_laserfollow/install/qbert_py_laserfollow/lib/python3.10/site-packages'
[2.365s] Level 1:colcon.colcon_core.shell:create_environment_hook('qbert_py_laserfollow', 'pythonpath')
[2.368s] INFO:colcon.colcon_core.shell:Creating environment hook '/home/johnma/ros2_ws/src/qbert_py_laserfollow/install/qbert_py_laserfollow/share/qbert_py_laserfollow/hook/pythonpath.ps1'
[2.369s] INFO:colcon.colcon_core.shell:Creating environment descriptor '/home/johnma/ros2_ws/src/qbert_py_laserfollow/install/qbert_py_laserfollow/share/qbert_py_laserfollow/hook/pythonpath.dsv'
[2.369s] INFO:colcon.colcon_core.shell:Creating environment hook '/home/johnma/ros2_ws/src/qbert_py_laserfollow/install/qbert_py_laserfollow/share/qbert_py_laserfollow/hook/pythonpath.sh'
[2.371s] Level 1:colcon.colcon_core.environment:checking '/home/johnma/ros2_ws/src/qbert_py_laserfollow/install/qbert_py_laserfollow/bin'
[2.371s] Level 1:colcon.colcon_core.environment:create_environment_scripts_only(qbert_py_laserfollow)
[2.373s] INFO:colcon.colcon_core.shell:Creating package script '/home/johnma/ros2_ws/src/qbert_py_laserfollow/install/qbert_py_laserfollow/share/qbert_py_laserfollow/package.ps1'
[2.374s] INFO:colcon.colcon_core.shell:Creating package descriptor '/home/johnma/ros2_ws/src/qbert_py_laserfollow/install/qbert_py_laserfollow/share/qbert_py_laserfollow/package.dsv'
[2.376s] INFO:colcon.colcon_core.shell:Creating package script '/home/johnma/ros2_ws/src/qbert_py_laserfollow/install/qbert_py_laserfollow/share/qbert_py_laserfollow/package.sh'
[2.377s] INFO:colcon.colcon_core.shell:Creating package script '/home/johnma/ros2_ws/src/qbert_py_laserfollow/install/qbert_py_laserfollow/share/qbert_py_laserfollow/package.bash'
[2.378s] INFO:colcon.colcon_core.shell:Creating package script '/home/johnma/ros2_ws/src/qbert_py_laserfollow/install/qbert_py_laserfollow/share/qbert_py_laserfollow/package.zsh'
[2.379s] Level 1:colcon.colcon_core.environment:create_file_with_runtime_dependencies(/home/johnma/ros2_ws/src/qbert_py_laserfollow/install/qbert_py_laserfollow/share/colcon-core/packages/qbert_py_laserfollow)
[2.380s] DEBUG:colcon.colcon_parallel_executor.executor.parallel:closing loop
[2.380s] DEBUG:colcon.colcon_parallel_executor.executor.parallel:loop closed
[2.380s] DEBUG:colcon.colcon_parallel_executor.executor.parallel:run_until_complete finished with '0'
[2.381s] DEBUG:colcon.colcon_core.event_reactor:joining thread
[2.392s] INFO:colcon.colcon_core.plugin_system:Skipping extension 'colcon_notification.desktop_notification.terminal_notifier': Not used on non-Darwin systems
[2.392s] INFO:colcon.colcon_core.plugin_system:Skipping extension 'colcon_notification.desktop_notification.win32': Not used on non-Windows systems
[2.392s] INFO:colcon.colcon_notification.desktop_notification:Sending desktop notification using 'notify2'
[2.399s] DEBUG:colcon.colcon_notification.desktop_notification.notify2:Failed to initialize notify2: org.freedesktop.DBus.Error.ServiceUnknown: The name org.freedesktop.Notifications was not provided by any .service files
[2.399s] DEBUG:colcon.colcon_core.event_reactor:joined thread
[2.401s] INFO:colcon.colcon_core.shell:Creating prefix script '/home/johnma/ros2_ws/src/qbert_py_laserfollow/install/local_setup.ps1'
[2.402s] INFO:colcon.colcon_core.shell:Creating prefix util module '/home/johnma/ros2_ws/src/qbert_py_laserfollow/install/_local_setup_util_ps1.py'
[2.405s] INFO:colcon.colcon_core.shell:Creating prefix chain script '/home/johnma/ros2_ws/src/qbert_py_laserfollow/install/setup.ps1'
[2.408s] INFO:colcon.colcon_core.shell:Creating prefix script '/home/johnma/ros2_ws/src/qbert_py_laserfollow/install/local_setup.sh'
[2.409s] INFO:colcon.colcon_core.shell:Creating prefix util module '/home/johnma/ros2_ws/src/qbert_py_laserfollow/install/_local_setup_util_sh.py'
[2.411s] INFO:colcon.colcon_core.shell:Creating prefix chain script '/home/johnma/ros2_ws/src/qbert_py_laserfollow/install/setup.sh'
[2.415s] INFO:colcon.colcon_core.shell:Creating prefix script '/home/johnma/ros2_ws/src/qbert_py_laserfollow/install/local_setup.bash'
[2.417s] INFO:colcon.colcon_core.shell:Creating prefix chain script '/home/johnma/ros2_ws/src/qbert_py_laserfollow/install/setup.bash'
[2.420s] INFO:colcon.colcon_core.shell:Creating prefix script '/home/johnma/ros2_ws/src/qbert_py_laserfollow/install/local_setup.zsh'
[2.421s] INFO:colcon.colcon_core.shell:Creating prefix chain script '/home/johnma/ros2_ws/src/qbert_py_laserfollow/install/setup.zsh'
