[0.009s] Invoking command in '/home/johnma/ros2_ws/build/turtlesim': CMAKE_PREFIX_PATH=${CMAKE_PREFIX_PATH}:/home/johnma/create3_examples_ws/install/create3_teleop:/home/johnma/create3_examples_ws/install/create3_examples_py:/opt/ros/humble /usr/bin/cmake /home/johnma/ros2_ws/src/ros_tutorials/turtlesim -DCMAKE_INSTALL_PREFIX=/home/johnma/ros2_ws/install/turtlesim
[0.159s] -- The C compiler identification is GNU 11.3.0
[0.271s] -- The CXX compiler identification is GNU 11.3.0
[0.284s] -- Detecting C compiler ABI info
[0.362s] -- Detecting C compiler ABI info - done
[0.370s] -- Check for working C compiler: /usr/bin/cc - skipped
[0.371s] -- Detecting C compile features
[0.372s] -- Detecting C compile features - done
[0.376s] -- Detecting CXX compiler ABI info
[0.461s] -- Detecting CXX compiler ABI info - done
[0.469s] -- Check for working CXX compiler: /usr/bin/c++ - skipped
[0.469s] -- Detecting CXX compile features
[0.470s] -- Detecting CXX compile features - done
[0.480s] -- Found ament_cmake: 1.3.3 (/opt/ros/humble/share/ament_cmake/cmake)
[0.647s] -- Found Python3: /usr/bin/python3.10 (found version "3.10.6") found components: Interpreter 
[0.750s] -- Found ament_index_cpp: 1.4.0 (/opt/ros/humble/share/ament_index_cpp/cmake)
[0.753s] -- Found geometry_msgs: 4.2.3 (/opt/ros/humble/share/geometry_msgs/cmake)
[0.814s] -- Found rosidl_generator_c: 3.1.4 (/opt/ros/humble/share/rosidl_generator_c/cmake)
[0.822s] -- Found rosidl_adapter: 3.1.4 (/opt/ros/humble/share/rosidl_adapter/cmake)
[0.836s] -- Found rosidl_generator_cpp: 3.1.4 (/opt/ros/humble/share/rosidl_generator_cpp/cmake)
[0.858s] -- Using all available rosidl_typesupport_c: rosidl_typesupport_fastrtps_c;rosidl_typesupport_introspection_c
[0.888s] -- Using all available rosidl_typesupport_cpp: rosidl_typesupport_fastrtps_cpp;rosidl_typesupport_introspection_cpp
[1.079s] -- Found rclcpp: 16.0.3 (/opt/ros/humble/share/rclcpp/cmake)
[1.165s] -- Found rmw_implementation_cmake: 6.1.1 (/opt/ros/humble/share/rmw_implementation_cmake/cmake)
[1.170s] -- Found rmw_fastrtps_cpp: 6.2.2 (/opt/ros/humble/share/rmw_fastrtps_cpp/cmake)
[1.295s] -- Found OpenSSL: /usr/lib/aarch64-linux-gnu/libcrypto.so (found version "3.0.2")  
[1.326s] -- Found FastRTPS: /opt/ros/humble/include  
[1.381s] -- Using RMW implementation 'rmw_fastrtps_cpp' as default
[1.397s] -- Looking for pthread.h
[1.485s] -- Looking for pthread.h - found
[1.486s] -- Performing Test CMAKE_HAVE_LIBC_PTHREAD
[1.565s] -- Performing Test CMAKE_HAVE_LIBC_PTHREAD - Success
[1.566s] -- Found Threads: TRUE  
[1.740s] -- Found rclcpp_action: 16.0.3 (/opt/ros/humble/share/rclcpp_action/cmake)
[1.872s] -- Found rosidl_default_generators: 1.2.0 (/opt/ros/humble/share/rosidl_default_generators/cmake)
[1.887s] -- Found std_srvs: 4.2.3 (/opt/ros/humble/share/std_srvs/cmake)
[2.194s] -- Found ament_cmake_ros: 0.10.0 (/opt/ros/humble/share/ament_cmake_ros/cmake)
[2.508s] -- Using all available rosidl_typesupport_c: rosidl_typesupport_fastrtps_c;rosidl_typesupport_introspection_c
[2.629s] -- Using all available rosidl_typesupport_cpp: rosidl_typesupport_fastrtps_cpp;rosidl_typesupport_introspection_cpp
[2.652s] -- Found PythonInterp: /usr/bin/python3 (found suitable version "3.10.6", minimum required is "3.6") 
[2.656s] -- Found python_cmake_module: 0.10.0 (/opt/ros/humble/share/python_cmake_module/cmake)
[2.685s] -- Found PythonLibs: /usr/lib/aarch64-linux-gnu/libpython3.10.so (found suitable version "3.10.6", minimum required is "3.5") 
[2.685s] -- Using PYTHON_EXECUTABLE: /usr/bin/python3
[2.685s] -- Using PYTHON_INCLUDE_DIRS: /usr/include/python3.10
[2.685s] -- Using PYTHON_LIBRARIES: /usr/lib/aarch64-linux-gnu/libpython3.10.so
[2.705s] -- Found PythonExtra: .so  
[2.770s] -- Configuring done
[2.832s] -- Generating done
[2.835s] -- Build files have been written to: /home/johnma/ros2_ws/build/turtlesim
[2.845s] Invoked command in '/home/johnma/ros2_ws/build/turtlesim' returned '0': CMAKE_PREFIX_PATH=${CMAKE_PREFIX_PATH}:/home/johnma/create3_examples_ws/install/create3_teleop:/home/johnma/create3_examples_ws/install/create3_examples_py:/opt/ros/humble /usr/bin/cmake /home/johnma/ros2_ws/src/ros_tutorials/turtlesim -DCMAKE_INSTALL_PREFIX=/home/johnma/ros2_ws/install/turtlesim
[2.846s] Invoking command in '/home/johnma/ros2_ws/build/turtlesim': CMAKE_PREFIX_PATH=${CMAKE_PREFIX_PATH}:/home/johnma/create3_examples_ws/install/create3_teleop:/home/johnma/create3_examples_ws/install/create3_examples_py:/opt/ros/humble /usr/bin/cmake --build /home/johnma/ros2_ws/build/turtlesim -- -j4 -l4
[2.896s] [  1%] [34m[1mGenerating C code for ROS interfaces[0m
[2.908s] [  2%] [34m[1mGenerating C++ code for ROS interfaces[0m
[2.917s] [  2%] Built target ament_cmake_python_copy_turtlesim
[3.143s] running egg_info
[3.144s] creating turtlesim.egg-info
[3.144s] writing turtlesim.egg-info/PKG-INFO
[3.144s] writing dependency_links to turtlesim.egg-info/dependency_links.txt
[3.144s] writing top-level names to turtlesim.egg-info/top_level.txt
[3.145s] writing manifest file 'turtlesim.egg-info/SOURCES.txt'
[3.150s] reading manifest file 'turtlesim.egg-info/SOURCES.txt'
[3.150s] writing manifest file 'turtlesim.egg-info/SOURCES.txt'
[3.178s] [  2%] Built target ament_cmake_python_build_turtlesim_egg
[3.863s] [  2%] Built target turtlesim__cpp
[3.874s] [  3%] [34m[1mGenerating C++ type support dispatch for ROS interfaces[0m
[3.939s] [  4%] [34m[1mGenerating C++ type support for eProsima Fast-RTPS[0m
[3.961s] [  5%] [34m[1mGenerating C++ introspection for ROS interfaces[0m
[3.982s] [  6%] [32mBuilding C object CMakeFiles/turtlesim__rosidl_generator_c.dir/rosidl_generator_c/turtlesim/action/detail/rotate_absolute__functions.c.o[0m
[4.204s] [  7%] [32mBuilding C object CMakeFiles/turtlesim__rosidl_generator_c.dir/rosidl_generator_c/turtlesim/msg/detail/color__functions.c.o[0m
[4.322s] [  8%] [32mBuilding C object CMakeFiles/turtlesim__rosidl_generator_c.dir/rosidl_generator_c/turtlesim/msg/detail/pose__functions.c.o[0m
[4.419s] [  9%] [32mBuilding C object CMakeFiles/turtlesim__rosidl_generator_c.dir/rosidl_generator_c/turtlesim/srv/detail/kill__functions.c.o[0m
[4.519s] [ 10%] [32mBuilding C object CMakeFiles/turtlesim__rosidl_generator_c.dir/rosidl_generator_c/turtlesim/srv/detail/set_pen__functions.c.o[0m
[4.614s] [ 11%] [32mBuilding C object CMakeFiles/turtlesim__rosidl_generator_c.dir/rosidl_generator_c/turtlesim/srv/detail/spawn__functions.c.o[0m
[4.680s] [ 12%] [32mBuilding CXX object CMakeFiles/turtlesim__rosidl_typesupport_cpp.dir/rosidl_typesupport_cpp/turtlesim/action/rotate_absolute__type_support.cpp.o[0m
[4.701s] [ 13%] [32mBuilding C object CMakeFiles/turtlesim__rosidl_generator_c.dir/rosidl_generator_c/turtlesim/srv/detail/teleport_absolute__functions.c.o[0m
[4.814s] [ 14%] [32mBuilding C object CMakeFiles/turtlesim__rosidl_generator_c.dir/rosidl_generator_c/turtlesim/srv/detail/teleport_relative__functions.c.o[0m
[4.923s] [ 15%] [32m[1mLinking C shared library libturtlesim__rosidl_generator_c.so[0m
[4.996s] [ 15%] Built target turtlesim__rosidl_generator_c
[5.013s] [ 16%] [34m[1mGenerating C type support for eProsima Fast-RTPS[0m
[5.089s] [ 17%] [32mBuilding CXX object CMakeFiles/turtlesim__rosidl_typesupport_introspection_cpp.dir/rosidl_typesupport_introspection_cpp/turtlesim/action/detail/rotate_absolute__type_support.cpp.o[0m
[5.237s] [ 18%] [32mBuilding CXX object CMakeFiles/turtlesim__rosidl_typesupport_fastrtps_cpp.dir/rosidl_typesupport_fastrtps_cpp/turtlesim/action/detail/dds_fastrtps/rotate_absolute__type_support.cpp.o[0m
[5.394s] [ 19%] [32mBuilding CXX object CMakeFiles/turtlesim__rosidl_typesupport_cpp.dir/rosidl_typesupport_cpp/turtlesim/msg/color__type_support.cpp.o[0m
[5.757s] [ 20%] [32mBuilding CXX object CMakeFiles/turtlesim__rosidl_typesupport_cpp.dir/rosidl_typesupport_cpp/turtlesim/msg/pose__type_support.cpp.o[0m
[5.929s] [ 21%] [32mBuilding CXX object CMakeFiles/turtlesim__rosidl_typesupport_introspection_cpp.dir/rosidl_typesupport_introspection_cpp/turtlesim/msg/detail/color__type_support.cpp.o[0m
[6.076s] [ 22%] [32mBuilding CXX object CMakeFiles/turtlesim__rosidl_typesupport_fastrtps_cpp.dir/rosidl_typesupport_fastrtps_cpp/turtlesim/msg/detail/dds_fastrtps/color__type_support.cpp.o[0m
[6.142s] [ 23%] [32mBuilding CXX object CMakeFiles/turtlesim__rosidl_typesupport_cpp.dir/rosidl_typesupport_cpp/turtlesim/srv/kill__type_support.cpp.o[0m
[6.287s] [ 24%] [32mBuilding CXX object CMakeFiles/turtlesim__rosidl_typesupport_fastrtps_c.dir/rosidl_typesupport_fastrtps_c/turtlesim/action/detail/rotate_absolute__type_support_c.cpp.o[0m
[6.461s] [ 25%] [32mBuilding CXX object CMakeFiles/turtlesim__rosidl_typesupport_introspection_cpp.dir/rosidl_typesupport_introspection_cpp/turtlesim/msg/detail/pose__type_support.cpp.o[0m
[6.511s] [ 26%] [32mBuilding CXX object CMakeFiles/turtlesim__rosidl_typesupport_cpp.dir/rosidl_typesupport_cpp/turtlesim/srv/set_pen__type_support.cpp.o[0m
[6.569s] [ 27%] [32mBuilding CXX object CMakeFiles/turtlesim__rosidl_typesupport_fastrtps_cpp.dir/rosidl_typesupport_fastrtps_cpp/turtlesim/msg/detail/dds_fastrtps/pose__type_support.cpp.o[0m
[6.821s] [ 28%] [32mBuilding CXX object CMakeFiles/turtlesim__rosidl_typesupport_fastrtps_c.dir/rosidl_typesupport_fastrtps_c/turtlesim/msg/detail/color__type_support_c.cpp.o[0m
[6.873s] [ 29%] [32mBuilding CXX object CMakeFiles/turtlesim__rosidl_typesupport_cpp.dir/rosidl_typesupport_cpp/turtlesim/srv/spawn__type_support.cpp.o[0m
[6.959s] [ 30%] [32mBuilding CXX object CMakeFiles/turtlesim__rosidl_typesupport_introspection_cpp.dir/rosidl_typesupport_introspection_cpp/turtlesim/srv/detail/kill__type_support.cpp.o[0m
[7.099s] [ 31%] [32mBuilding CXX object CMakeFiles/turtlesim__rosidl_typesupport_fastrtps_cpp.dir/rosidl_typesupport_fastrtps_cpp/turtlesim/srv/detail/dds_fastrtps/kill__type_support.cpp.o[0m
[7.236s] [ 32%] [32mBuilding CXX object CMakeFiles/turtlesim__rosidl_typesupport_cpp.dir/rosidl_typesupport_cpp/turtlesim/srv/teleport_absolute__type_support.cpp.o[0m
[7.262s] [ 33%] [32mBuilding CXX object CMakeFiles/turtlesim__rosidl_typesupport_fastrtps_c.dir/rosidl_typesupport_fastrtps_c/turtlesim/msg/detail/pose__type_support_c.cpp.o[0m
[7.493s] [ 34%] [32mBuilding CXX object CMakeFiles/turtlesim__rosidl_typesupport_introspection_cpp.dir/rosidl_typesupport_introspection_cpp/turtlesim/srv/detail/set_pen__type_support.cpp.o[0m
[7.575s] [ 35%] [32mBuilding CXX object CMakeFiles/turtlesim__rosidl_typesupport_fastrtps_cpp.dir/rosidl_typesupport_fastrtps_cpp/turtlesim/srv/detail/dds_fastrtps/set_pen__type_support.cpp.o[0m
[7.578s] [ 36%] [32mBuilding CXX object CMakeFiles/turtlesim__rosidl_typesupport_cpp.dir/rosidl_typesupport_cpp/turtlesim/srv/teleport_relative__type_support.cpp.o[0m
[7.659s] [ 37%] [32mBuilding CXX object CMakeFiles/turtlesim__rosidl_typesupport_fastrtps_c.dir/rosidl_typesupport_fastrtps_c/turtlesim/srv/detail/kill__type_support_c.cpp.o[0m
[7.880s] [ 38%] [32m[1mLinking CXX shared library libturtlesim__rosidl_typesupport_cpp.so[0m
[7.914s] [ 39%] [32mBuilding CXX object CMakeFiles/turtlesim__rosidl_typesupport_introspection_cpp.dir/rosidl_typesupport_introspection_cpp/turtlesim/srv/detail/spawn__type_support.cpp.o[0m
[7.943s] [ 39%] Built target turtlesim__rosidl_typesupport_cpp
[7.959s] [ 40%] [34m[1mGenerating C introspection for ROS interfaces[0m
[8.041s] [ 41%] [32mBuilding CXX object CMakeFiles/turtlesim__rosidl_typesupport_fastrtps_cpp.dir/rosidl_typesupport_fastrtps_cpp/turtlesim/srv/detail/dds_fastrtps/spawn__type_support.cpp.o[0m
[8.067s] [ 42%] [32mBuilding CXX object CMakeFiles/turtlesim__rosidl_typesupport_fastrtps_c.dir/rosidl_typesupport_fastrtps_c/turtlesim/srv/detail/set_pen__type_support_c.cpp.o[0m
[8.422s] [ 43%] [32mBuilding CXX object CMakeFiles/turtlesim__rosidl_typesupport_introspection_cpp.dir/rosidl_typesupport_introspection_cpp/turtlesim/srv/detail/teleport_absolute__type_support.cpp.o[0m
[8.562s] [ 44%] [32mBuilding CXX object CMakeFiles/turtlesim__rosidl_typesupport_fastrtps_c.dir/rosidl_typesupport_fastrtps_c/turtlesim/srv/detail/spawn__type_support_c.cpp.o[0m
[8.632s] [ 45%] [32mBuilding CXX object CMakeFiles/turtlesim__rosidl_typesupport_fastrtps_cpp.dir/rosidl_typesupport_fastrtps_cpp/turtlesim/srv/detail/dds_fastrtps/teleport_absolute__type_support.cpp.o[0m
[8.906s] [ 46%] [32mBuilding CXX object CMakeFiles/turtlesim__rosidl_typesupport_introspection_cpp.dir/rosidl_typesupport_introspection_cpp/turtlesim/srv/detail/teleport_relative__type_support.cpp.o[0m
[9.026s] [ 47%] [32mBuilding CXX object CMakeFiles/turtlesim__rosidl_typesupport_fastrtps_c.dir/rosidl_typesupport_fastrtps_c/turtlesim/srv/detail/teleport_absolute__type_support_c.cpp.o[0m
[9.118s] [ 48%] [32mBuilding C object CMakeFiles/turtlesim__rosidl_typesupport_introspection_c.dir/rosidl_typesupport_introspection_c/turtlesim/action/detail/rotate_absolute__type_support.c.o[0m
[9.118s] [ 49%] [32mBuilding CXX object CMakeFiles/turtlesim__rosidl_typesupport_fastrtps_cpp.dir/rosidl_typesupport_fastrtps_cpp/turtlesim/srv/detail/dds_fastrtps/teleport_relative__type_support.cpp.o[0m
[9.190s] [ 50%] [32mBuilding C object CMakeFiles/turtlesim__rosidl_typesupport_introspection_c.dir/rosidl_typesupport_introspection_c/turtlesim/msg/detail/color__type_support.c.o[0m
[9.242s] [ 51%] [32mBuilding C object CMakeFiles/turtlesim__rosidl_typesupport_introspection_c.dir/rosidl_typesupport_introspection_c/turtlesim/msg/detail/pose__type_support.c.o[0m
[9.300s] [ 52%] [32mBuilding C object CMakeFiles/turtlesim__rosidl_typesupport_introspection_c.dir/rosidl_typesupport_introspection_c/turtlesim/srv/detail/kill__type_support.c.o[0m
[9.324s] [ 53%] [32m[1mLinking CXX shared library libturtlesim__rosidl_typesupport_introspection_cpp.so[0m
[9.356s] [ 54%] [32mBuilding C object CMakeFiles/turtlesim__rosidl_typesupport_introspection_c.dir/rosidl_typesupport_introspection_c/turtlesim/srv/detail/set_pen__type_support.c.o[0m
[9.410s] [ 55%] [32mBuilding CXX object CMakeFiles/turtlesim__rosidl_typesupport_fastrtps_c.dir/rosidl_typesupport_fastrtps_c/turtlesim/srv/detail/teleport_relative__type_support_c.cpp.o[0m
[9.413s] [ 56%] [32mBuilding C object CMakeFiles/turtlesim__rosidl_typesupport_introspection_c.dir/rosidl_typesupport_introspection_c/turtlesim/srv/detail/spawn__type_support.c.o[0m
[9.423s] [ 56%] Built target turtlesim__rosidl_typesupport_introspection_cpp
[9.439s] [ 57%] [34m[1mGenerating C type support dispatch for ROS interfaces[0m
[9.470s] [ 58%] [32mBuilding C object CMakeFiles/turtlesim__rosidl_typesupport_introspection_c.dir/rosidl_typesupport_introspection_c/turtlesim/srv/detail/teleport_absolute__type_support.c.o[0m
[9.526s] [ 59%] [32mBuilding C object CMakeFiles/turtlesim__rosidl_typesupport_introspection_c.dir/rosidl_typesupport_introspection_c/turtlesim/srv/detail/teleport_relative__type_support.c.o[0m
[9.590s] [ 60%] [32m[1mLinking C shared library libturtlesim__rosidl_typesupport_introspection_c.so[0m
[9.592s] [ 61%] [32m[1mLinking CXX shared library libturtlesim__rosidl_typesupport_fastrtps_cpp.so[0m
[9.641s] [ 61%] Built target turtlesim__rosidl_typesupport_introspection_c
[9.660s] [ 62%] [34m[1mGenerating include/turtlesim/moc_turtle_frame.cpp[0m
[9.700s] [ 62%] Built target turtlesim__rosidl_typesupport_fastrtps_cpp
[9.750s] [ 63%] [32mBuilding CXX object CMakeFiles/turtle_teleop_key.dir/tutorials/teleop_turtle_key.cpp.o[0m
[9.829s] [ 64%] [32mBuilding CXX object CMakeFiles/turtlesim_node.dir/src/turtlesim.cpp.o[0m
[9.849s] [ 65%] [32m[1mLinking CXX shared library libturtlesim__rosidl_typesupport_fastrtps_c.so[0m
[9.948s] [ 65%] Built target turtlesim__rosidl_typesupport_fastrtps_c
[9.984s] [ 66%] [32mBuilding CXX object CMakeFiles/draw_square.dir/tutorials/draw_square.cpp.o[0m
[10.241s] [ 67%] [32mBuilding CXX object CMakeFiles/turtlesim__rosidl_typesupport_c.dir/rosidl_typesupport_c/turtlesim/action/rotate_absolute__type_support.cpp.o[0m
[10.322s] [ 68%] [32mBuilding CXX object CMakeFiles/turtlesim__rosidl_typesupport_c.dir/rosidl_typesupport_c/turtlesim/msg/color__type_support.cpp.o[0m
[10.370s] [ 69%] [32mBuilding CXX object CMakeFiles/turtlesim__rosidl_typesupport_c.dir/rosidl_typesupport_c/turtlesim/msg/pose__type_support.cpp.o[0m
[10.418s] [ 70%] [32mBuilding CXX object CMakeFiles/turtlesim__rosidl_typesupport_c.dir/rosidl_typesupport_c/turtlesim/srv/kill__type_support.cpp.o[0m
[10.471s] [ 71%] [32mBuilding CXX object CMakeFiles/turtlesim__rosidl_typesupport_c.dir/rosidl_typesupport_c/turtlesim/srv/set_pen__type_support.cpp.o[0m
[10.519s] [ 72%] [32mBuilding CXX object CMakeFiles/turtlesim__rosidl_typesupport_c.dir/rosidl_typesupport_c/turtlesim/srv/spawn__type_support.cpp.o[0m
[10.572s] [ 73%] [32mBuilding CXX object CMakeFiles/turtlesim__rosidl_typesupport_c.dir/rosidl_typesupport_c/turtlesim/srv/teleport_absolute__type_support.cpp.o[0m
[10.625s] [ 74%] [32mBuilding CXX object CMakeFiles/turtlesim__rosidl_typesupport_c.dir/rosidl_typesupport_c/turtlesim/srv/teleport_relative__type_support.cpp.o[0m
[10.679s] [ 75%] [32m[1mLinking CXX shared library libturtlesim__rosidl_typesupport_c.so[0m
[10.748s] [ 75%] Built target turtlesim__rosidl_typesupport_c
[10.780s] [ 76%] [32mBuilding CXX object CMakeFiles/mimic.dir/tutorials/mimic.cpp.o[0m
[15.659s] [ 77%] [32mBuilding CXX object CMakeFiles/turtlesim_node.dir/src/turtle.cpp.o[0m
[17.896s] [ 78%] [32m[1mLinking CXX executable turtle_teleop_key[0m
[18.374s] [ 78%] Built target turtle_teleop_key
[18.409s] [ 78%] Built target turtlesim
[18.450s] [ 79%] [34m[1mGenerating Python code for ROS interfaces[0m
[21.037s] [ 79%] Built target turtlesim__py
[21.069s] [ 80%] [32mBuilding C object CMakeFiles/turtlesim__rosidl_generator_py.dir/rosidl_generator_py/turtlesim/action/_rotate_absolute_s.c.o[0m
[21.320s] [ 81%] [32mBuilding C object CMakeFiles/turtlesim__rosidl_generator_py.dir/rosidl_generator_py/turtlesim/msg/_color_s.c.o[0m
[21.469s] [ 82%] [32mBuilding C object CMakeFiles/turtlesim__rosidl_generator_py.dir/rosidl_generator_py/turtlesim/msg/_pose_s.c.o[0m
[21.626s] [ 83%] [32mBuilding C object CMakeFiles/turtlesim__rosidl_generator_py.dir/rosidl_generator_py/turtlesim/srv/_kill_s.c.o[0m
[21.700s] [ 84%] [32m[1mLinking CXX executable draw_square[0m
[21.737s] [ 85%] [32m[1mLinking CXX executable mimic[0m
[21.784s] [ 86%] [32mBuilding C object CMakeFiles/turtlesim__rosidl_generator_py.dir/rosidl_generator_py/turtlesim/srv/_set_pen_s.c.o[0m
[21.962s] [ 87%] [32mBuilding C object CMakeFiles/turtlesim__rosidl_generator_py.dir/rosidl_generator_py/turtlesim/srv/_spawn_s.c.o[0m
[22.120s] [ 88%] [32mBuilding C object CMakeFiles/turtlesim__rosidl_generator_py.dir/rosidl_generator_py/turtlesim/srv/_teleport_absolute_s.c.o[0m
[22.278s] [ 89%] [32mBuilding C object CMakeFiles/turtlesim__rosidl_generator_py.dir/rosidl_generator_py/turtlesim/srv/_teleport_relative_s.c.o[0m
[22.359s] [ 89%] Built target mimic
[22.374s] [ 90%] [32mBuilding CXX object CMakeFiles/turtlesim_node.dir/src/turtle_frame.cpp.o[0m
[22.410s] [ 90%] Built target draw_square
[22.425s] [ 91%] [32mBuilding CXX object CMakeFiles/turtlesim_node.dir/include/turtlesim/moc_turtle_frame.cpp.o[0m
[22.437s] [ 92%] [32m[1mLinking C shared library rosidl_generator_py/turtlesim/libturtlesim__rosidl_generator_py.so[0m
[22.497s] [ 92%] Built target turtlesim__rosidl_generator_py
[22.530s] [ 93%] [32mBuilding C object CMakeFiles/turtlesim__rosidl_typesupport_fastrtps_c__pyext.dir/rosidl_generator_py/turtlesim/_turtlesim_s.ep.rosidl_typesupport_fastrtps_c.c.o[0m
[22.739s] [ 94%] [32m[1mLinking C shared library rosidl_generator_py/turtlesim/turtlesim_s__rosidl_typesupport_fastrtps_c.cpython-310-aarch64-linux-gnu.so[0m
[22.796s] [ 94%] Built target turtlesim__rosidl_typesupport_fastrtps_c__pyext
[22.830s] [ 95%] [32mBuilding C object CMakeFiles/turtlesim__rosidl_typesupport_introspection_c__pyext.dir/rosidl_generator_py/turtlesim/_turtlesim_s.ep.rosidl_typesupport_introspection_c.c.o[0m
[23.038s] [ 96%] [32m[1mLinking C shared library rosidl_generator_py/turtlesim/turtlesim_s__rosidl_typesupport_introspection_c.cpython-310-aarch64-linux-gnu.so[0m
[23.095s] [ 96%] Built target turtlesim__rosidl_typesupport_introspection_c__pyext
[23.127s] [ 97%] [32mBuilding C object CMakeFiles/turtlesim__rosidl_typesupport_c__pyext.dir/rosidl_generator_py/turtlesim/_turtlesim_s.ep.rosidl_typesupport_c.c.o[0m
[23.340s] [ 98%] [32m[1mLinking C shared library rosidl_generator_py/turtlesim/turtlesim_s__rosidl_typesupport_c.cpython-310-aarch64-linux-gnu.so[0m
[23.396s] [ 98%] Built target turtlesim__rosidl_typesupport_c__pyext
[32.183s] [100%] [32m[1mLinking CXX executable turtlesim_node[0m
[34.096s] [100%] Built target turtlesim_node
[34.113s] Invoked command in '/home/johnma/ros2_ws/build/turtlesim' returned '0': CMAKE_PREFIX_PATH=${CMAKE_PREFIX_PATH}:/home/johnma/create3_examples_ws/install/create3_teleop:/home/johnma/create3_examples_ws/install/create3_examples_py:/opt/ros/humble /usr/bin/cmake --build /home/johnma/ros2_ws/build/turtlesim -- -j4 -l4
[34.375s] Invoking command in '/home/johnma/ros2_ws/build/turtlesim': CMAKE_PREFIX_PATH=${CMAKE_PREFIX_PATH}:/home/johnma/create3_examples_ws/install/create3_teleop:/home/johnma/create3_examples_ws/install/create3_examples_py:/opt/ros/humble /usr/bin/cmake --install /home/johnma/ros2_ws/build/turtlesim
[34.384s] -- Install configuration: ""
[34.385s] -- Installing: /home/johnma/ros2_ws/install/turtlesim/share/ament_index/resource_index/rosidl_interfaces/turtlesim
[34.385s] -- Installing: /home/johnma/ros2_ws/install/turtlesim/include/turtlesim/turtlesim
[34.385s] -- Installing: /home/johnma/ros2_ws/install/turtlesim/include/turtlesim/turtlesim/msg
[34.385s] -- Installing: /home/johnma/ros2_ws/install/turtlesim/include/turtlesim/turtlesim/msg/detail
[34.385s] -- Installing: /home/johnma/ros2_ws/install/turtlesim/include/turtlesim/turtlesim/msg/detail/color__type_support.h
[34.385s] -- Installing: /home/johnma/ros2_ws/install/turtlesim/include/turtlesim/turtlesim/msg/detail/pose__functions.h
[34.385s] -- Installing: /home/johnma/ros2_ws/install/turtlesim/include/turtlesim/turtlesim/msg/detail/color__struct.h
[34.386s] -- Installing: /home/johnma/ros2_ws/install/turtlesim/include/turtlesim/turtlesim/msg/detail/pose__functions.c
[34.386s] -- Installing: /home/johnma/ros2_ws/install/turtlesim/include/turtlesim/turtlesim/msg/detail/pose__struct.h
[34.386s] -- Installing: /home/johnma/ros2_ws/install/turtlesim/include/turtlesim/turtlesim/msg/detail/color__functions.c
[34.386s] -- Installing: /home/johnma/ros2_ws/install/turtlesim/include/turtlesim/turtlesim/msg/detail/color__functions.h
[34.386s] -- Installing: /home/johnma/ros2_ws/install/turtlesim/include/turtlesim/turtlesim/msg/detail/pose__type_support.h
[34.386s] -- Installing: /home/johnma/ros2_ws/install/turtlesim/include/turtlesim/turtlesim/msg/pose.h
[34.386s] -- Installing: /home/johnma/ros2_ws/install/turtlesim/include/turtlesim/turtlesim/msg/rosidl_generator_c__visibility_control.h
[34.386s] -- Installing: /home/johnma/ros2_ws/install/turtlesim/include/turtlesim/turtlesim/msg/color.h
[34.386s] -- Installing: /home/johnma/ros2_ws/install/turtlesim/include/turtlesim/turtlesim/srv
[34.387s] -- Installing: /home/johnma/ros2_ws/install/turtlesim/include/turtlesim/turtlesim/srv/teleport_relative.h
[34.387s] -- Installing: /home/johnma/ros2_ws/install/turtlesim/include/turtlesim/turtlesim/srv/detail
[34.387s] -- Installing: /home/johnma/ros2_ws/install/turtlesim/include/turtlesim/turtlesim/srv/detail/teleport_absolute__type_support.h
[34.387s] -- Installing: /home/johnma/ros2_ws/install/turtlesim/include/turtlesim/turtlesim/srv/detail/teleport_absolute__functions.c
[34.387s] -- Installing: /home/johnma/ros2_ws/install/turtlesim/include/turtlesim/turtlesim/srv/detail/set_pen__type_support.h
[34.387s] -- Installing: /home/johnma/ros2_ws/install/turtlesim/include/turtlesim/turtlesim/srv/detail/spawn__functions.c
[34.387s] -- Installing: /home/johnma/ros2_ws/install/turtlesim/include/turtlesim/turtlesim/srv/detail/spawn__type_support.h
[34.387s] -- Installing: /home/johnma/ros2_ws/install/turtlesim/include/turtlesim/turtlesim/srv/detail/kill__struct.h
[34.387s] -- Installing: /home/johnma/ros2_ws/install/turtlesim/include/turtlesim/turtlesim/srv/detail/kill__functions.c
[34.387s] -- Installing: /home/johnma/ros2_ws/install/turtlesim/include/turtlesim/turtlesim/srv/detail/kill__functions.h
[34.387s] -- Installing: /home/johnma/ros2_ws/install/turtlesim/include/turtlesim/turtlesim/srv/detail/teleport_relative__struct.h
[34.388s] -- Installing: /home/johnma/ros2_ws/install/turtlesim/include/turtlesim/turtlesim/srv/detail/spawn__struct.h
[34.388s] -- Installing: /home/johnma/ros2_ws/install/turtlesim/include/turtlesim/turtlesim/srv/detail/set_pen__struct.h
[34.388s] -- Installing: /home/johnma/ros2_ws/install/turtlesim/include/turtlesim/turtlesim/srv/detail/teleport_absolute__functions.h
[34.388s] -- Installing: /home/johnma/ros2_ws/install/turtlesim/include/turtlesim/turtlesim/srv/detail/kill__type_support.h
[34.388s] -- Installing: /home/johnma/ros2_ws/install/turtlesim/include/turtlesim/turtlesim/srv/detail/set_pen__functions.c
[34.388s] -- Installing: /home/johnma/ros2_ws/install/turtlesim/include/turtlesim/turtlesim/srv/detail/spawn__functions.h
[34.388s] -- Installing: /home/johnma/ros2_ws/install/turtlesim/include/turtlesim/turtlesim/srv/detail/set_pen__functions.h
[34.388s] -- Installing: /home/johnma/ros2_ws/install/turtlesim/include/turtlesim/turtlesim/srv/detail/teleport_absolute__struct.h
[34.388s] -- Installing: /home/johnma/ros2_ws/install/turtlesim/include/turtlesim/turtlesim/srv/detail/teleport_relative__type_support.h
[34.388s] -- Installing: /home/johnma/ros2_ws/install/turtlesim/include/turtlesim/turtlesim/srv/detail/teleport_relative__functions.h
[34.388s] -- Installing: /home/johnma/ros2_ws/install/turtlesim/include/turtlesim/turtlesim/srv/detail/teleport_relative__functions.c
[34.389s] -- Installing: /home/johnma/ros2_ws/install/turtlesim/include/turtlesim/turtlesim/srv/kill.h
[34.389s] -- Installing: /home/johnma/ros2_ws/install/turtlesim/include/turtlesim/turtlesim/srv/teleport_absolute.h
[34.389s] -- Installing: /home/johnma/ros2_ws/install/turtlesim/include/turtlesim/turtlesim/srv/spawn.h
[34.389s] -- Installing: /home/johnma/ros2_ws/install/turtlesim/include/turtlesim/turtlesim/srv/set_pen.h
[34.389s] -- Installing: /home/johnma/ros2_ws/install/turtlesim/include/turtlesim/turtlesim/action
[34.389s] -- Installing: /home/johnma/ros2_ws/install/turtlesim/include/turtlesim/turtlesim/action/detail
[34.389s] -- Installing: /home/johnma/ros2_ws/install/turtlesim/include/turtlesim/turtlesim/action/detail/rotate_absolute__functions.h
[34.389s] -- Installing: /home/johnma/ros2_ws/install/turtlesim/include/turtlesim/turtlesim/action/detail/rotate_absolute__functions.c
[34.389s] -- Installing: /home/johnma/ros2_ws/install/turtlesim/include/turtlesim/turtlesim/action/detail/rotate_absolute__struct.h
[34.389s] -- Installing: /home/johnma/ros2_ws/install/turtlesim/include/turtlesim/turtlesim/action/detail/rotate_absolute__type_support.h
[34.389s] -- Installing: /home/johnma/ros2_ws/install/turtlesim/include/turtlesim/turtlesim/action/rotate_absolute.h
[34.389s] -- Installing: /home/johnma/ros2_ws/install/turtlesim/share/turtlesim/environment/library_path.sh
[34.389s] -- Installing: /home/johnma/ros2_ws/install/turtlesim/share/turtlesim/environment/library_path.dsv
[34.389s] -- Installing: /home/johnma/ros2_ws/install/turtlesim/lib/libturtlesim__rosidl_generator_c.so
[34.390s] -- Set runtime path of "/home/johnma/ros2_ws/install/turtlesim/lib/libturtlesim__rosidl_generator_c.so" to ""
[34.390s] -- Up-to-date: /home/johnma/ros2_ws/install/turtlesim/include/turtlesim/turtlesim
[34.390s] -- Up-to-date: /home/johnma/ros2_ws/install/turtlesim/include/turtlesim/turtlesim/msg
[34.390s] -- Installing: /home/johnma/ros2_ws/install/turtlesim/include/turtlesim/turtlesim/msg/rosidl_typesupport_fastrtps_c__visibility_control.h
[34.390s] -- Up-to-date: /home/johnma/ros2_ws/install/turtlesim/include/turtlesim/turtlesim/msg/detail
[34.390s] -- Installing: /home/johnma/ros2_ws/install/turtlesim/include/turtlesim/turtlesim/msg/detail/pose__rosidl_typesupport_fastrtps_c.h
[34.390s] -- Installing: /home/johnma/ros2_ws/install/turtlesim/include/turtlesim/turtlesim/msg/detail/color__rosidl_typesupport_fastrtps_c.h
[34.390s] -- Up-to-date: /home/johnma/ros2_ws/install/turtlesim/include/turtlesim/turtlesim/srv
[34.390s] -- Up-to-date: /home/johnma/ros2_ws/install/turtlesim/include/turtlesim/turtlesim/srv/detail
[34.390s] -- Installing: /home/johnma/ros2_ws/install/turtlesim/include/turtlesim/turtlesim/srv/detail/set_pen__rosidl_typesupport_fastrtps_c.h
[34.390s] -- Installing: /home/johnma/ros2_ws/install/turtlesim/include/turtlesim/turtlesim/srv/detail/spawn__rosidl_typesupport_fastrtps_c.h
[34.390s] -- Installing: /home/johnma/ros2_ws/install/turtlesim/include/turtlesim/turtlesim/srv/detail/teleport_relative__rosidl_typesupport_fastrtps_c.h
[34.390s] -- Installing: /home/johnma/ros2_ws/install/turtlesim/include/turtlesim/turtlesim/srv/detail/teleport_absolute__rosidl_typesupport_fastrtps_c.h
[34.391s] -- Installing: /home/johnma/ros2_ws/install/turtlesim/include/turtlesim/turtlesim/srv/detail/kill__rosidl_typesupport_fastrtps_c.h
[34.391s] -- Up-to-date: /home/johnma/ros2_ws/install/turtlesim/include/turtlesim/turtlesim/action
[34.391s] -- Up-to-date: /home/johnma/ros2_ws/install/turtlesim/include/turtlesim/turtlesim/action/detail
[34.391s] -- Installing: /home/johnma/ros2_ws/install/turtlesim/include/turtlesim/turtlesim/action/detail/rotate_absolute__rosidl_typesupport_fastrtps_c.h
[34.391s] -- Installing: /home/johnma/ros2_ws/install/turtlesim/lib/libturtlesim__rosidl_typesupport_fastrtps_c.so
[34.391s] -- Set runtime path of "/home/johnma/ros2_ws/install/turtlesim/lib/libturtlesim__rosidl_typesupport_fastrtps_c.so" to ""
[34.391s] -- Up-to-date: /home/johnma/ros2_ws/install/turtlesim/include/turtlesim/turtlesim
[34.391s] -- Up-to-date: /home/johnma/ros2_ws/install/turtlesim/include/turtlesim/turtlesim/msg
[34.391s] -- Up-to-date: /home/johnma/ros2_ws/install/turtlesim/include/turtlesim/turtlesim/msg/detail
[34.392s] -- Installing: /home/johnma/ros2_ws/install/turtlesim/include/turtlesim/turtlesim/msg/detail/pose__traits.hpp
[34.392s] -- Installing: /home/johnma/ros2_ws/install/turtlesim/include/turtlesim/turtlesim/msg/detail/pose__struct.hpp
[34.392s] -- Installing: /home/johnma/ros2_ws/install/turtlesim/include/turtlesim/turtlesim/msg/detail/color__builder.hpp
[34.392s] -- Installing: /home/johnma/ros2_ws/install/turtlesim/include/turtlesim/turtlesim/msg/detail/color__traits.hpp
[34.392s] -- Installing: /home/johnma/ros2_ws/install/turtlesim/include/turtlesim/turtlesim/msg/detail/color__struct.hpp
[34.392s] -- Installing: /home/johnma/ros2_ws/install/turtlesim/include/turtlesim/turtlesim/msg/detail/pose__builder.hpp
[34.392s] -- Installing: /home/johnma/ros2_ws/install/turtlesim/include/turtlesim/turtlesim/msg/color.hpp
[34.392s] -- Installing: /home/johnma/ros2_ws/install/turtlesim/include/turtlesim/turtlesim/msg/pose.hpp
[34.392s] -- Up-to-date: /home/johnma/ros2_ws/install/turtlesim/include/turtlesim/turtlesim/srv
[34.392s] -- Installing: /home/johnma/ros2_ws/install/turtlesim/include/turtlesim/turtlesim/srv/teleport_relative.hpp
[34.392s] -- Up-to-date: /home/johnma/ros2_ws/install/turtlesim/include/turtlesim/turtlesim/srv/detail
[34.393s] -- Installing: /home/johnma/ros2_ws/install/turtlesim/include/turtlesim/turtlesim/srv/detail/teleport_absolute__struct.hpp
[34.393s] -- Installing: /home/johnma/ros2_ws/install/turtlesim/include/turtlesim/turtlesim/srv/detail/set_pen__struct.hpp
[34.393s] -- Installing: /home/johnma/ros2_ws/install/turtlesim/include/turtlesim/turtlesim/srv/detail/teleport_relative__traits.hpp
[34.393s] -- Installing: /home/johnma/ros2_ws/install/turtlesim/include/turtlesim/turtlesim/srv/detail/kill__traits.hpp
[34.393s] -- Installing: /home/johnma/ros2_ws/install/turtlesim/include/turtlesim/turtlesim/srv/detail/spawn__traits.hpp
[34.393s] -- Installing: /home/johnma/ros2_ws/install/turtlesim/include/turtlesim/turtlesim/srv/detail/teleport_absolute__traits.hpp
[34.393s] -- Installing: /home/johnma/ros2_ws/install/turtlesim/include/turtlesim/turtlesim/srv/detail/teleport_absolute__builder.hpp
[34.393s] -- Installing: /home/johnma/ros2_ws/install/turtlesim/include/turtlesim/turtlesim/srv/detail/spawn__builder.hpp
[34.394s] -- Installing: /home/johnma/ros2_ws/install/turtlesim/include/turtlesim/turtlesim/srv/detail/kill__struct.hpp
[34.394s] -- Installing: /home/johnma/ros2_ws/install/turtlesim/include/turtlesim/turtlesim/srv/detail/kill__builder.hpp
[34.394s] -- Installing: /home/johnma/ros2_ws/install/turtlesim/include/turtlesim/turtlesim/srv/detail/teleport_relative__struct.hpp
[34.394s] -- Installing: /home/johnma/ros2_ws/install/turtlesim/include/turtlesim/turtlesim/srv/detail/teleport_relative__builder.hpp
[34.394s] -- Installing: /home/johnma/ros2_ws/install/turtlesim/include/turtlesim/turtlesim/srv/detail/set_pen__builder.hpp
[34.394s] -- Installing: /home/johnma/ros2_ws/install/turtlesim/include/turtlesim/turtlesim/srv/detail/spawn__struct.hpp
[34.394s] -- Installing: /home/johnma/ros2_ws/install/turtlesim/include/turtlesim/turtlesim/srv/detail/set_pen__traits.hpp
[34.394s] -- Installing: /home/johnma/ros2_ws/install/turtlesim/include/turtlesim/turtlesim/srv/spawn.hpp
[34.394s] -- Installing: /home/johnma/ros2_ws/install/turtlesim/include/turtlesim/turtlesim/srv/set_pen.hpp
[34.394s] -- Installing: /home/johnma/ros2_ws/install/turtlesim/include/turtlesim/turtlesim/srv/kill.hpp
[34.395s] -- Installing: /home/johnma/ros2_ws/install/turtlesim/include/turtlesim/turtlesim/srv/teleport_absolute.hpp
[34.395s] -- Up-to-date: /home/johnma/ros2_ws/install/turtlesim/include/turtlesim/turtlesim/action
[34.395s] -- Installing: /home/johnma/ros2_ws/install/turtlesim/include/turtlesim/turtlesim/action/rotate_absolute.hpp
[34.395s] -- Up-to-date: /home/johnma/ros2_ws/install/turtlesim/include/turtlesim/turtlesim/action/detail
[34.395s] -- Installing: /home/johnma/ros2_ws/install/turtlesim/include/turtlesim/turtlesim/action/detail/rotate_absolute__traits.hpp
[34.395s] -- Installing: /home/johnma/ros2_ws/install/turtlesim/include/turtlesim/turtlesim/action/detail/rotate_absolute__builder.hpp
[34.395s] -- Installing: /home/johnma/ros2_ws/install/turtlesim/include/turtlesim/turtlesim/action/detail/rotate_absolute__struct.hpp
[34.395s] -- Up-to-date: /home/johnma/ros2_ws/install/turtlesim/include/turtlesim/turtlesim
[34.395s] -- Up-to-date: /home/johnma/ros2_ws/install/turtlesim/include/turtlesim/turtlesim/msg
[34.395s] -- Installing: /home/johnma/ros2_ws/install/turtlesim/include/turtlesim/turtlesim/msg/rosidl_typesupport_fastrtps_cpp__visibility_control.h
[34.395s] -- Up-to-date: /home/johnma/ros2_ws/install/turtlesim/include/turtlesim/turtlesim/msg/detail
[34.395s] -- Installing: /home/johnma/ros2_ws/install/turtlesim/include/turtlesim/turtlesim/msg/detail/pose__rosidl_typesupport_fastrtps_cpp.hpp
[34.395s] -- Installing: /home/johnma/ros2_ws/install/turtlesim/include/turtlesim/turtlesim/msg/detail/dds_fastrtps
[34.395s] -- Installing: /home/johnma/ros2_ws/install/turtlesim/include/turtlesim/turtlesim/msg/detail/color__rosidl_typesupport_fastrtps_cpp.hpp
[34.395s] -- Up-to-date: /home/johnma/ros2_ws/install/turtlesim/include/turtlesim/turtlesim/srv
[34.395s] -- Up-to-date: /home/johnma/ros2_ws/install/turtlesim/include/turtlesim/turtlesim/srv/detail
[34.396s] -- Installing: /home/johnma/ros2_ws/install/turtlesim/include/turtlesim/turtlesim/srv/detail/kill__rosidl_typesupport_fastrtps_cpp.hpp
[34.396s] -- Installing: /home/johnma/ros2_ws/install/turtlesim/include/turtlesim/turtlesim/srv/detail/dds_fastrtps
[34.396s] -- Installing: /home/johnma/ros2_ws/install/turtlesim/include/turtlesim/turtlesim/srv/detail/set_pen__rosidl_typesupport_fastrtps_cpp.hpp
[34.396s] -- Installing: /home/johnma/ros2_ws/install/turtlesim/include/turtlesim/turtlesim/srv/detail/teleport_absolute__rosidl_typesupport_fastrtps_cpp.hpp
[34.396s] -- Installing: /home/johnma/ros2_ws/install/turtlesim/include/turtlesim/turtlesim/srv/detail/spawn__rosidl_typesupport_fastrtps_cpp.hpp
[34.396s] -- Installing: /home/johnma/ros2_ws/install/turtlesim/include/turtlesim/turtlesim/srv/detail/teleport_relative__rosidl_typesupport_fastrtps_cpp.hpp
[34.396s] -- Up-to-date: /home/johnma/ros2_ws/install/turtlesim/include/turtlesim/turtlesim/action
[34.396s] -- Up-to-date: /home/johnma/ros2_ws/install/turtlesim/include/turtlesim/turtlesim/action/detail
[34.396s] -- Installing: /home/johnma/ros2_ws/install/turtlesim/include/turtlesim/turtlesim/action/detail/dds_fastrtps
[34.396s] -- Installing: /home/johnma/ros2_ws/install/turtlesim/include/turtlesim/turtlesim/action/detail/rotate_absolute__rosidl_typesupport_fastrtps_cpp.hpp
[34.396s] -- Installing: /home/johnma/ros2_ws/install/turtlesim/lib/libturtlesim__rosidl_typesupport_fastrtps_cpp.so
[34.396s] -- Set runtime path of "/home/johnma/ros2_ws/install/turtlesim/lib/libturtlesim__rosidl_typesupport_fastrtps_cpp.so" to ""
[34.397s] -- Up-to-date: /home/johnma/ros2_ws/install/turtlesim/include/turtlesim/turtlesim
[34.397s] -- Up-to-date: /home/johnma/ros2_ws/install/turtlesim/include/turtlesim/turtlesim/msg
[34.397s] -- Up-to-date: /home/johnma/ros2_ws/install/turtlesim/include/turtlesim/turtlesim/msg/detail
[34.397s] -- Installing: /home/johnma/ros2_ws/install/turtlesim/include/turtlesim/turtlesim/msg/detail/color__type_support.c
[34.397s] -- Installing: /home/johnma/ros2_ws/install/turtlesim/include/turtlesim/turtlesim/msg/detail/pose__type_support.c
[34.397s] -- Installing: /home/johnma/ros2_ws/install/turtlesim/include/turtlesim/turtlesim/msg/detail/color__rosidl_typesupport_introspection_c.h
[34.397s] -- Installing: /home/johnma/ros2_ws/install/turtlesim/include/turtlesim/turtlesim/msg/detail/pose__rosidl_typesupport_introspection_c.h
[34.397s] -- Installing: /home/johnma/ros2_ws/install/turtlesim/include/turtlesim/turtlesim/msg/rosidl_typesupport_introspection_c__visibility_control.h
[34.397s] -- Up-to-date: /home/johnma/ros2_ws/install/turtlesim/include/turtlesim/turtlesim/srv
[34.397s] -- Up-to-date: /home/johnma/ros2_ws/install/turtlesim/include/turtlesim/turtlesim/srv/detail
[34.397s] -- Installing: /home/johnma/ros2_ws/install/turtlesim/include/turtlesim/turtlesim/srv/detail/kill__rosidl_typesupport_introspection_c.h
[34.397s] -- Installing: /home/johnma/ros2_ws/install/turtlesim/include/turtlesim/turtlesim/srv/detail/teleport_absolute__type_support.c
[34.397s] -- Installing: /home/johnma/ros2_ws/install/turtlesim/include/turtlesim/turtlesim/srv/detail/set_pen__type_support.c
[34.397s] -- Installing: /home/johnma/ros2_ws/install/turtlesim/include/turtlesim/turtlesim/srv/detail/teleport_relative__type_support.c
[34.397s] -- Installing: /home/johnma/ros2_ws/install/turtlesim/include/turtlesim/turtlesim/srv/detail/teleport_relative__rosidl_typesupport_introspection_c.h
[34.398s] -- Installing: /home/johnma/ros2_ws/install/turtlesim/include/turtlesim/turtlesim/srv/detail/spawn__type_support.c
[34.398s] -- Installing: /home/johnma/ros2_ws/install/turtlesim/include/turtlesim/turtlesim/srv/detail/teleport_absolute__rosidl_typesupport_introspection_c.h
[34.398s] -- Installing: /home/johnma/ros2_ws/install/turtlesim/include/turtlesim/turtlesim/srv/detail/set_pen__rosidl_typesupport_introspection_c.h
[34.398s] -- Installing: /home/johnma/ros2_ws/install/turtlesim/include/turtlesim/turtlesim/srv/detail/kill__type_support.c
[34.398s] -- Installing: /home/johnma/ros2_ws/install/turtlesim/include/turtlesim/turtlesim/srv/detail/spawn__rosidl_typesupport_introspection_c.h
[34.398s] -- Up-to-date: /home/johnma/ros2_ws/install/turtlesim/include/turtlesim/turtlesim/action
[34.398s] -- Up-to-date: /home/johnma/ros2_ws/install/turtlesim/include/turtlesim/turtlesim/action/detail
[34.398s] -- Installing: /home/johnma/ros2_ws/install/turtlesim/include/turtlesim/turtlesim/action/detail/rotate_absolute__rosidl_typesupport_introspection_c.h
[34.398s] -- Installing: /home/johnma/ros2_ws/install/turtlesim/include/turtlesim/turtlesim/action/detail/rotate_absolute__type_support.c
[34.398s] -- Installing: /home/johnma/ros2_ws/install/turtlesim/lib/libturtlesim__rosidl_typesupport_introspection_c.so
[34.398s] -- Set runtime path of "/home/johnma/ros2_ws/install/turtlesim/lib/libturtlesim__rosidl_typesupport_introspection_c.so" to ""
[34.398s] -- Installing: /home/johnma/ros2_ws/install/turtlesim/lib/libturtlesim__rosidl_typesupport_c.so
[34.398s] -- Set runtime path of "/home/johnma/ros2_ws/install/turtlesim/lib/libturtlesim__rosidl_typesupport_c.so" to ""
[34.399s] -- Up-to-date: /home/johnma/ros2_ws/install/turtlesim/include/turtlesim/turtlesim
[34.399s] -- Up-to-date: /home/johnma/ros2_ws/install/turtlesim/include/turtlesim/turtlesim/msg
[34.399s] -- Up-to-date: /home/johnma/ros2_ws/install/turtlesim/include/turtlesim/turtlesim/msg/detail
[34.399s] -- Installing: /home/johnma/ros2_ws/install/turtlesim/include/turtlesim/turtlesim/msg/detail/pose__type_support.cpp
[34.399s] -- Installing: /home/johnma/ros2_ws/install/turtlesim/include/turtlesim/turtlesim/msg/detail/color__type_support.cpp
[34.399s] -- Installing: /home/johnma/ros2_ws/install/turtlesim/include/turtlesim/turtlesim/msg/detail/color__rosidl_typesupport_introspection_cpp.hpp
[34.399s] -- Installing: /home/johnma/ros2_ws/install/turtlesim/include/turtlesim/turtlesim/msg/detail/pose__rosidl_typesupport_introspection_cpp.hpp
[34.399s] -- Up-to-date: /home/johnma/ros2_ws/install/turtlesim/include/turtlesim/turtlesim/srv
[34.399s] -- Up-to-date: /home/johnma/ros2_ws/install/turtlesim/include/turtlesim/turtlesim/srv/detail
[34.399s] -- Installing: /home/johnma/ros2_ws/install/turtlesim/include/turtlesim/turtlesim/srv/detail/kill__rosidl_typesupport_introspection_cpp.hpp
[34.399s] -- Installing: /home/johnma/ros2_ws/install/turtlesim/include/turtlesim/turtlesim/srv/detail/teleport_relative__rosidl_typesupport_introspection_cpp.hpp
[34.399s] -- Installing: /home/johnma/ros2_ws/install/turtlesim/include/turtlesim/turtlesim/srv/detail/teleport_absolute__type_support.cpp
[34.400s] -- Installing: /home/johnma/ros2_ws/install/turtlesim/include/turtlesim/turtlesim/srv/detail/kill__type_support.cpp
[34.400s] -- Installing: /home/johnma/ros2_ws/install/turtlesim/include/turtlesim/turtlesim/srv/detail/teleport_relative__type_support.cpp
[34.400s] -- Installing: /home/johnma/ros2_ws/install/turtlesim/include/turtlesim/turtlesim/srv/detail/teleport_absolute__rosidl_typesupport_introspection_cpp.hpp
[34.400s] -- Installing: /home/johnma/ros2_ws/install/turtlesim/include/turtlesim/turtlesim/srv/detail/set_pen__type_support.cpp
[34.400s] -- Installing: /home/johnma/ros2_ws/install/turtlesim/include/turtlesim/turtlesim/srv/detail/set_pen__rosidl_typesupport_introspection_cpp.hpp
[34.400s] -- Installing: /home/johnma/ros2_ws/install/turtlesim/include/turtlesim/turtlesim/srv/detail/spawn__type_support.cpp
[34.400s] -- Installing: /home/johnma/ros2_ws/install/turtlesim/include/turtlesim/turtlesim/srv/detail/spawn__rosidl_typesupport_introspection_cpp.hpp
[34.400s] -- Up-to-date: /home/johnma/ros2_ws/install/turtlesim/include/turtlesim/turtlesim/action
[34.400s] -- Up-to-date: /home/johnma/ros2_ws/install/turtlesim/include/turtlesim/turtlesim/action/detail
[34.400s] -- Installing: /home/johnma/ros2_ws/install/turtlesim/include/turtlesim/turtlesim/action/detail/rotate_absolute__type_support.cpp
[34.400s] -- Installing: /home/johnma/ros2_ws/install/turtlesim/include/turtlesim/turtlesim/action/detail/rotate_absolute__rosidl_typesupport_introspection_cpp.hpp
[34.400s] -- Installing: /home/johnma/ros2_ws/install/turtlesim/lib/libturtlesim__rosidl_typesupport_introspection_cpp.so
[34.400s] -- Set runtime path of "/home/johnma/ros2_ws/install/turtlesim/lib/libturtlesim__rosidl_typesupport_introspection_cpp.so" to ""
[34.400s] -- Installing: /home/johnma/ros2_ws/install/turtlesim/lib/libturtlesim__rosidl_typesupport_cpp.so
[34.401s] -- Set runtime path of "/home/johnma/ros2_ws/install/turtlesim/lib/libturtlesim__rosidl_typesupport_cpp.so" to ""
[34.401s] -- Installing: /home/johnma/ros2_ws/install/turtlesim/share/turtlesim/environment/pythonpath.sh
[34.401s] -- Installing: /home/johnma/ros2_ws/install/turtlesim/share/turtlesim/environment/pythonpath.dsv
[34.401s] -- Installing: /home/johnma/ros2_ws/install/turtlesim/local/lib/python3.10/dist-packages/turtlesim-1.4.1-py3.10.egg-info
[34.401s] -- Installing: /home/johnma/ros2_ws/install/turtlesim/local/lib/python3.10/dist-packages/turtlesim-1.4.1-py3.10.egg-info/dependency_links.txt
[34.401s] -- Installing: /home/johnma/ros2_ws/install/turtlesim/local/lib/python3.10/dist-packages/turtlesim-1.4.1-py3.10.egg-info/top_level.txt
[34.401s] -- Installing: /home/johnma/ros2_ws/install/turtlesim/local/lib/python3.10/dist-packages/turtlesim-1.4.1-py3.10.egg-info/SOURCES.txt
[34.401s] -- Installing: /home/johnma/ros2_ws/install/turtlesim/local/lib/python3.10/dist-packages/turtlesim-1.4.1-py3.10.egg-info/PKG-INFO
[34.402s] -- Installing: /home/johnma/ros2_ws/install/turtlesim/local/lib/python3.10/dist-packages/turtlesim
[34.402s] -- Installing: /home/johnma/ros2_ws/install/turtlesim/local/lib/python3.10/dist-packages/turtlesim/_turtlesim_s.ep.rosidl_typesupport_fastrtps_c.c
[34.402s] -- Installing: /home/johnma/ros2_ws/install/turtlesim/local/lib/python3.10/dist-packages/turtlesim/_turtlesim_s.ep.rosidl_typesupport_c.c
[34.402s] -- Installing: /home/johnma/ros2_ws/install/turtlesim/local/lib/python3.10/dist-packages/turtlesim/msg
[34.402s] -- Installing: /home/johnma/ros2_ws/install/turtlesim/local/lib/python3.10/dist-packages/turtlesim/msg/_color_s.c
[34.402s] -- Installing: /home/johnma/ros2_ws/install/turtlesim/local/lib/python3.10/dist-packages/turtlesim/msg/_color.py
[34.402s] -- Installing: /home/johnma/ros2_ws/install/turtlesim/local/lib/python3.10/dist-packages/turtlesim/msg/_pose_s.c
[34.402s] -- Installing: /home/johnma/ros2_ws/install/turtlesim/local/lib/python3.10/dist-packages/turtlesim/msg/__init__.py
[34.402s] -- Installing: /home/johnma/ros2_ws/install/turtlesim/local/lib/python3.10/dist-packages/turtlesim/msg/_pose.py
[34.403s] -- Installing: /home/johnma/ros2_ws/install/turtlesim/local/lib/python3.10/dist-packages/turtlesim/turtlesim_s__rosidl_typesupport_c.cpython-310-aarch64-linux-gnu.so
[34.403s] -- Installing: /home/johnma/ros2_ws/install/turtlesim/local/lib/python3.10/dist-packages/turtlesim/srv
[34.403s] -- Installing: /home/johnma/ros2_ws/install/turtlesim/local/lib/python3.10/dist-packages/turtlesim/srv/_teleport_absolute_s.c
[34.403s] -- Installing: /home/johnma/ros2_ws/install/turtlesim/local/lib/python3.10/dist-packages/turtlesim/srv/_set_pen.py
[34.403s] -- Installing: /home/johnma/ros2_ws/install/turtlesim/local/lib/python3.10/dist-packages/turtlesim/srv/_teleport_absolute.py
[34.403s] -- Installing: /home/johnma/ros2_ws/install/turtlesim/local/lib/python3.10/dist-packages/turtlesim/srv/_set_pen_s.c
[34.403s] -- Installing: /home/johnma/ros2_ws/install/turtlesim/local/lib/python3.10/dist-packages/turtlesim/srv/_spawn_s.c
[34.403s] -- Installing: /home/johnma/ros2_ws/install/turtlesim/local/lib/python3.10/dist-packages/turtlesim/srv/_kill.py
[34.403s] -- Installing: /home/johnma/ros2_ws/install/turtlesim/local/lib/python3.10/dist-packages/turtlesim/srv/_spawn.py
[34.404s] -- Installing: /home/johnma/ros2_ws/install/turtlesim/local/lib/python3.10/dist-packages/turtlesim/srv/__init__.py
[34.404s] -- Installing: /home/johnma/ros2_ws/install/turtlesim/local/lib/python3.10/dist-packages/turtlesim/srv/_teleport_relative_s.c
[34.404s] -- Installing: /home/johnma/ros2_ws/install/turtlesim/local/lib/python3.10/dist-packages/turtlesim/srv/_teleport_relative.py
[34.404s] -- Installing: /home/johnma/ros2_ws/install/turtlesim/local/lib/python3.10/dist-packages/turtlesim/srv/_kill_s.c
[34.404s] -- Installing: /home/johnma/ros2_ws/install/turtlesim/local/lib/python3.10/dist-packages/turtlesim/_turtlesim_s.ep.rosidl_typesupport_introspection_c.c
[34.404s] -- Installing: /home/johnma/ros2_ws/install/turtlesim/local/lib/python3.10/dist-packages/turtlesim/turtlesim_s__rosidl_typesupport_introspection_c.cpython-310-aarch64-linux-gnu.so
[34.404s] -- Installing: /home/johnma/ros2_ws/install/turtlesim/local/lib/python3.10/dist-packages/turtlesim/__init__.py
[34.404s] -- Installing: /home/johnma/ros2_ws/install/turtlesim/local/lib/python3.10/dist-packages/turtlesim/libturtlesim__rosidl_generator_py.so
[34.404s] -- Installing: /home/johnma/ros2_ws/install/turtlesim/local/lib/python3.10/dist-packages/turtlesim/turtlesim_s__rosidl_typesupport_fastrtps_c.cpython-310-aarch64-linux-gnu.so
[34.404s] -- Installing: /home/johnma/ros2_ws/install/turtlesim/local/lib/python3.10/dist-packages/turtlesim/action
[34.404s] -- Installing: /home/johnma/ros2_ws/install/turtlesim/local/lib/python3.10/dist-packages/turtlesim/action/_rotate_absolute.py
[34.405s] -- Installing: /home/johnma/ros2_ws/install/turtlesim/local/lib/python3.10/dist-packages/turtlesim/action/__init__.py
[34.405s] -- Installing: /home/johnma/ros2_ws/install/turtlesim/local/lib/python3.10/dist-packages/turtlesim/action/_rotate_absolute_s.c
[34.449s] Listing '/home/johnma/ros2_ws/install/turtlesim/local/lib/python3.10/dist-packages/turtlesim'...
[34.449s] Compiling '/home/johnma/ros2_ws/install/turtlesim/local/lib/python3.10/dist-packages/turtlesim/__init__.py'...
[34.449s] Listing '/home/johnma/ros2_ws/install/turtlesim/local/lib/python3.10/dist-packages/turtlesim/action'...
[34.449s] Compiling '/home/johnma/ros2_ws/install/turtlesim/local/lib/python3.10/dist-packages/turtlesim/action/__init__.py'...
[34.449s] Compiling '/home/johnma/ros2_ws/install/turtlesim/local/lib/python3.10/dist-packages/turtlesim/action/_rotate_absolute.py'...
[34.449s] Listing '/home/johnma/ros2_ws/install/turtlesim/local/lib/python3.10/dist-packages/turtlesim/msg'...
[34.449s] Compiling '/home/johnma/ros2_ws/install/turtlesim/local/lib/python3.10/dist-packages/turtlesim/msg/__init__.py'...
[34.450s] Compiling '/home/johnma/ros2_ws/install/turtlesim/local/lib/python3.10/dist-packages/turtlesim/msg/_color.py'...
[34.450s] Compiling '/home/johnma/ros2_ws/install/turtlesim/local/lib/python3.10/dist-packages/turtlesim/msg/_pose.py'...
[34.450s] Listing '/home/johnma/ros2_ws/install/turtlesim/local/lib/python3.10/dist-packages/turtlesim/srv'...
[34.450s] Compiling '/home/johnma/ros2_ws/install/turtlesim/local/lib/python3.10/dist-packages/turtlesim/srv/__init__.py'...
[34.450s] Compiling '/home/johnma/ros2_ws/install/turtlesim/local/lib/python3.10/dist-packages/turtlesim/srv/_kill.py'...
[34.450s] Compiling '/home/johnma/ros2_ws/install/turtlesim/local/lib/python3.10/dist-packages/turtlesim/srv/_set_pen.py'...
[34.450s] Compiling '/home/johnma/ros2_ws/install/turtlesim/local/lib/python3.10/dist-packages/turtlesim/srv/_spawn.py'...
[34.450s] Compiling '/home/johnma/ros2_ws/install/turtlesim/local/lib/python3.10/dist-packages/turtlesim/srv/_teleport_absolute.py'...
[34.450s] Compiling '/home/johnma/ros2_ws/install/turtlesim/local/lib/python3.10/dist-packages/turtlesim/srv/_teleport_relative.py'...
[34.454s] -- Installing: /home/johnma/ros2_ws/install/turtlesim/local/lib/python3.10/dist-packages/turtlesim/turtlesim_s__rosidl_typesupport_fastrtps_c.cpython-310-aarch64-linux-gnu.so
[34.454s] -- Set runtime path of "/home/johnma/ros2_ws/install/turtlesim/local/lib/python3.10/dist-packages/turtlesim/turtlesim_s__rosidl_typesupport_fastrtps_c.cpython-310-aarch64-linux-gnu.so" to ""
[34.454s] -- Installing: /home/johnma/ros2_ws/install/turtlesim/local/lib/python3.10/dist-packages/turtlesim/turtlesim_s__rosidl_typesupport_introspection_c.cpython-310-aarch64-linux-gnu.so
[34.454s] -- Set runtime path of "/home/johnma/ros2_ws/install/turtlesim/local/lib/python3.10/dist-packages/turtlesim/turtlesim_s__rosidl_typesupport_introspection_c.cpython-310-aarch64-linux-gnu.so" to ""
[34.454s] -- Installing: /home/johnma/ros2_ws/install/turtlesim/local/lib/python3.10/dist-packages/turtlesim/turtlesim_s__rosidl_typesupport_c.cpython-310-aarch64-linux-gnu.so
[34.455s] -- Set runtime path of "/home/johnma/ros2_ws/install/turtlesim/local/lib/python3.10/dist-packages/turtlesim/turtlesim_s__rosidl_typesupport_c.cpython-310-aarch64-linux-gnu.so" to ""
[34.455s] -- Installing: /home/johnma/ros2_ws/install/turtlesim/lib/libturtlesim__rosidl_generator_py.so
[34.455s] -- Set runtime path of "/home/johnma/ros2_ws/install/turtlesim/lib/libturtlesim__rosidl_generator_py.so" to ""
[34.455s] -- Installing: /home/johnma/ros2_ws/install/turtlesim/share/turtlesim/action/RotateAbsolute.idl
[34.456s] -- Installing: /home/johnma/ros2_ws/install/turtlesim/share/turtlesim/msg/Color.idl
[34.456s] -- Installing: /home/johnma/ros2_ws/install/turtlesim/share/turtlesim/msg/Pose.idl
[34.456s] -- Installing: /home/johnma/ros2_ws/install/turtlesim/share/turtlesim/srv/Kill.idl
[34.456s] -- Installing: /home/johnma/ros2_ws/install/turtlesim/share/turtlesim/srv/SetPen.idl
[34.456s] -- Installing: /home/johnma/ros2_ws/install/turtlesim/share/turtlesim/srv/Spawn.idl
[34.456s] -- Installing: /home/johnma/ros2_ws/install/turtlesim/share/turtlesim/srv/TeleportAbsolute.idl
[34.456s] -- Installing: /home/johnma/ros2_ws/install/turtlesim/share/turtlesim/srv/TeleportRelative.idl
[34.457s] -- Installing: /home/johnma/ros2_ws/install/turtlesim/share/turtlesim/action/RotateAbsolute.action
[34.457s] -- Installing: /home/johnma/ros2_ws/install/turtlesim/share/turtlesim/msg/Color.msg
[34.457s] -- Installing: /home/johnma/ros2_ws/install/turtlesim/share/turtlesim/msg/Pose.msg
[34.457s] -- Installing: /home/johnma/ros2_ws/install/turtlesim/share/turtlesim/srv/Kill.srv
[34.457s] -- Installing: /home/johnma/ros2_ws/install/turtlesim/share/turtlesim/srv/Kill_Request.msg
[34.457s] -- Installing: /home/johnma/ros2_ws/install/turtlesim/share/turtlesim/srv/Kill_Response.msg
[34.457s] -- Installing: /home/johnma/ros2_ws/install/turtlesim/share/turtlesim/srv/SetPen.srv
[34.457s] -- Installing: /home/johnma/ros2_ws/install/turtlesim/share/turtlesim/srv/SetPen_Request.msg
[34.457s] -- Installing: /home/johnma/ros2_ws/install/turtlesim/share/turtlesim/srv/SetPen_Response.msg
[34.457s] -- Installing: /home/johnma/ros2_ws/install/turtlesim/share/turtlesim/srv/Spawn.srv
[34.457s] -- Installing: /home/johnma/ros2_ws/install/turtlesim/share/turtlesim/srv/Spawn_Request.msg
[34.458s] -- Installing: /home/johnma/ros2_ws/install/turtlesim/share/turtlesim/srv/Spawn_Response.msg
[34.458s] -- Installing: /home/johnma/ros2_ws/install/turtlesim/share/turtlesim/srv/TeleportAbsolute.srv
[34.458s] -- Installing: /home/johnma/ros2_ws/install/turtlesim/share/turtlesim/srv/TeleportAbsolute_Request.msg
[34.458s] -- Installing: /home/johnma/ros2_ws/install/turtlesim/share/turtlesim/srv/TeleportAbsolute_Response.msg
[34.458s] -- Installing: /home/johnma/ros2_ws/install/turtlesim/share/turtlesim/srv/TeleportRelative.srv
[34.458s] -- Installing: /home/johnma/ros2_ws/install/turtlesim/share/turtlesim/srv/TeleportRelative_Request.msg
[34.458s] -- Installing: /home/johnma/ros2_ws/install/turtlesim/share/turtlesim/srv/TeleportRelative_Response.msg
[34.458s] -- Installing: /home/johnma/ros2_ws/install/turtlesim/lib/turtlesim/turtlesim_node
[34.464s] -- Set runtime path of "/home/johnma/ros2_ws/install/turtlesim/lib/turtlesim/turtlesim_node" to ""
[34.464s] -- Installing: /home/johnma/ros2_ws/install/turtlesim/lib/turtlesim/turtle_teleop_key
[34.466s] -- Set runtime path of "/home/johnma/ros2_ws/install/turtlesim/lib/turtlesim/turtle_teleop_key" to ""
[34.466s] -- Installing: /home/johnma/ros2_ws/install/turtlesim/lib/turtlesim/draw_square
[34.469s] -- Set runtime path of "/home/johnma/ros2_ws/install/turtlesim/lib/turtlesim/draw_square" to ""
[34.469s] -- Installing: /home/johnma/ros2_ws/install/turtlesim/lib/turtlesim/mimic
[34.472s] -- Set runtime path of "/home/johnma/ros2_ws/install/turtlesim/lib/turtlesim/mimic" to ""
[34.472s] -- Installing: /home/johnma/ros2_ws/install/turtlesim/share/turtlesim/images
[34.472s] -- Installing: /home/johnma/ros2_ws/install/turtlesim/share/turtlesim/images/ardent.png
[34.472s] -- Installing: /home/johnma/ros2_ws/install/turtlesim/share/turtlesim/images/bouncy.png
[34.472s] -- Installing: /home/johnma/ros2_ws/install/turtlesim/share/turtlesim/images/rolling.png
[34.472s] -- Installing: /home/johnma/ros2_ws/install/turtlesim/share/turtlesim/images/humble.png
[34.472s] -- Installing: /home/johnma/ros2_ws/install/turtlesim/share/turtlesim/images/galactic.png
[34.472s] -- Installing: /home/johnma/ros2_ws/install/turtlesim/share/turtlesim/images/crystal.png
[34.473s] -- Installing: /home/johnma/ros2_ws/install/turtlesim/share/turtlesim/images/dashing.png
[34.473s] -- Installing: /home/johnma/ros2_ws/install/turtlesim/share/turtlesim/images/eloquent.png
[34.473s] -- Installing: /home/johnma/ros2_ws/install/turtlesim/share/turtlesim/images/foxy.png
[34.473s] -- Installing: /home/johnma/ros2_ws/install/turtlesim/share/turtlesim/launch
[34.473s] -- Installing: /home/johnma/ros2_ws/install/turtlesim/share/turtlesim/launch/multisim.launch.py
[34.473s] -- Installing: /home/johnma/ros2_ws/install/turtlesim/share/ament_index/resource_index/package_run_dependencies/turtlesim
[34.473s] -- Installing: /home/johnma/ros2_ws/install/turtlesim/share/ament_index/resource_index/parent_prefix_path/turtlesim
[34.473s] -- Installing: /home/johnma/ros2_ws/install/turtlesim/share/turtlesim/environment/ament_prefix_path.sh
[34.473s] -- Installing: /home/johnma/ros2_ws/install/turtlesim/share/turtlesim/environment/ament_prefix_path.dsv
[34.473s] -- Installing: /home/johnma/ros2_ws/install/turtlesim/share/turtlesim/environment/path.sh
[34.473s] -- Installing: /home/johnma/ros2_ws/install/turtlesim/share/turtlesim/environment/path.dsv
[34.474s] -- Installing: /home/johnma/ros2_ws/install/turtlesim/share/turtlesim/local_setup.bash
[34.474s] -- Installing: /home/johnma/ros2_ws/install/turtlesim/share/turtlesim/local_setup.sh
[34.474s] -- Installing: /home/johnma/ros2_ws/install/turtlesim/share/turtlesim/local_setup.zsh
[34.474s] -- Installing: /home/johnma/ros2_ws/install/turtlesim/share/turtlesim/local_setup.dsv
[34.474s] -- Installing: /home/johnma/ros2_ws/install/turtlesim/share/turtlesim/package.dsv
[34.474s] -- Installing: /home/johnma/ros2_ws/install/turtlesim/share/ament_index/resource_index/packages/turtlesim
[34.474s] -- Installing: /home/johnma/ros2_ws/install/turtlesim/share/turtlesim/cmake/export_turtlesim__rosidl_generator_cExport.cmake
[34.474s] -- Installing: /home/johnma/ros2_ws/install/turtlesim/share/turtlesim/cmake/export_turtlesim__rosidl_generator_cExport-noconfig.cmake
[34.475s] -- Installing: /home/johnma/ros2_ws/install/turtlesim/share/turtlesim/cmake/export_turtlesim__rosidl_typesupport_fastrtps_cExport.cmake
[34.475s] -- Installing: /home/johnma/ros2_ws/install/turtlesim/share/turtlesim/cmake/export_turtlesim__rosidl_typesupport_fastrtps_cExport-noconfig.cmake
[34.475s] -- Installing: /home/johnma/ros2_ws/install/turtlesim/share/turtlesim/cmake/export_turtlesim__rosidl_generator_cppExport.cmake
[34.475s] -- Installing: /home/johnma/ros2_ws/install/turtlesim/share/turtlesim/cmake/export_turtlesim__rosidl_typesupport_fastrtps_cppExport.cmake
[34.475s] -- Installing: /home/johnma/ros2_ws/install/turtlesim/share/turtlesim/cmake/export_turtlesim__rosidl_typesupport_fastrtps_cppExport-noconfig.cmake
[34.475s] -- Installing: /home/johnma/ros2_ws/install/turtlesim/share/turtlesim/cmake/turtlesim__rosidl_typesupport_introspection_cExport.cmake
[34.475s] -- Installing: /home/johnma/ros2_ws/install/turtlesim/share/turtlesim/cmake/turtlesim__rosidl_typesupport_introspection_cExport-noconfig.cmake
[34.475s] -- Installing: /home/johnma/ros2_ws/install/turtlesim/share/turtlesim/cmake/turtlesim__rosidl_typesupport_cExport.cmake
[34.476s] -- Installing: /home/johnma/ros2_ws/install/turtlesim/share/turtlesim/cmake/turtlesim__rosidl_typesupport_cExport-noconfig.cmake
[34.476s] -- Installing: /home/johnma/ros2_ws/install/turtlesim/share/turtlesim/cmake/turtlesim__rosidl_typesupport_introspection_cppExport.cmake
[34.476s] -- Installing: /home/johnma/ros2_ws/install/turtlesim/share/turtlesim/cmake/turtlesim__rosidl_typesupport_introspection_cppExport-noconfig.cmake
[34.476s] -- Installing: /home/johnma/ros2_ws/install/turtlesim/share/turtlesim/cmake/turtlesim__rosidl_typesupport_cppExport.cmake
[34.476s] -- Installing: /home/johnma/ros2_ws/install/turtlesim/share/turtlesim/cmake/turtlesim__rosidl_typesupport_cppExport-noconfig.cmake
[34.476s] -- Installing: /home/johnma/ros2_ws/install/turtlesim/share/turtlesim/cmake/export_turtlesim__rosidl_generator_pyExport.cmake
[34.476s] -- Installing: /home/johnma/ros2_ws/install/turtlesim/share/turtlesim/cmake/export_turtlesim__rosidl_generator_pyExport-noconfig.cmake
[34.476s] -- Installing: /home/johnma/ros2_ws/install/turtlesim/share/turtlesim/cmake/rosidl_cmake-extras.cmake
[34.476s] -- Installing: /home/johnma/ros2_ws/install/turtlesim/share/turtlesim/cmake/ament_cmake_export_dependencies-extras.cmake
[34.477s] -- Installing: /home/johnma/ros2_ws/install/turtlesim/share/turtlesim/cmake/ament_cmake_export_include_directories-extras.cmake
[34.477s] -- Installing: /home/johnma/ros2_ws/install/turtlesim/share/turtlesim/cmake/ament_cmake_export_libraries-extras.cmake
[34.477s] -- Installing: /home/johnma/ros2_ws/install/turtlesim/share/turtlesim/cmake/ament_cmake_export_targets-extras.cmake
[34.477s] -- Installing: /home/johnma/ros2_ws/install/turtlesim/share/turtlesim/cmake/rosidl_cmake_export_typesupport_targets-extras.cmake
[34.477s] -- Installing: /home/johnma/ros2_ws/install/turtlesim/share/turtlesim/cmake/rosidl_cmake_export_typesupport_libraries-extras.cmake
[34.477s] -- Installing: /home/johnma/ros2_ws/install/turtlesim/share/turtlesim/cmake/turtlesimConfig.cmake
[34.477s] -- Installing: /home/johnma/ros2_ws/install/turtlesim/share/turtlesim/cmake/turtlesimConfig-version.cmake
[34.477s] -- Installing: /home/johnma/ros2_ws/install/turtlesim/share/turtlesim/package.xml
[34.480s] Invoked command in '/home/johnma/ros2_ws/build/turtlesim' returned '0': CMAKE_PREFIX_PATH=${CMAKE_PREFIX_PATH}:/home/johnma/create3_examples_ws/install/create3_teleop:/home/johnma/create3_examples_ws/install/create3_examples_py:/opt/ros/humble /usr/bin/cmake --install /home/johnma/ros2_ws/build/turtlesim
