[0.030s] Invoking command in '/home/johnma/ros2_ws/build/irobot_create_nodes': CMAKE_PREFIX_PATH=/home/johnma/ros2_ws/install/irobot_create_toolbox:/home/johnma/ros2_ws/src/udbot/install/udbot_viz:/home/johnma/ros2_ws/src/udbot/install/udbot_odom2tf:/home/johnma/ros2_ws/src/udbot/install/udbot_description:/home/johnma/ros2_ws/src/create3_sim/install/irobot_create_description:/home/johnma/ros2_ws/install/udbot_viz:/home/johnma/ros2_ws/install/udbot_description:/home/johnma/ros2_ws/install/irobot_create_ignition_plugins:/home/johnma/ros2_ws/install/irobot_create_description:/home/johnma/ros2_ws/install/irobot_create_control:/home/johnma/create3_examples_ws/install/create3_lidar:/home/johnma/create3_examples_ws/install/create3_coverage:/home/johnma/create3_examples_ws/install/create3_examples_msgs:/home/johnma/ros2_ws/src/qbert_py_laserfollow/install/qbert_py_laserfollow:/home/johnma/ros2_ws/install/qbert_py_movement:/home/johnma/ros2_ws/install/qbert_py_laserfollow:/home/johnma/ros2_ws/install/irobot_create_gazebo_plugins:/home/johnma/create3_examples_ws/install/create3_teleop:/home/johnma/create3_examples_ws/install/create3_examples_py:/opt/ros/humble /usr/bin/cmake /home/johnma/ros2_ws/src/create3_sim/irobot_create_common/irobot_create_nodes -DCMAKE_INSTALL_PREFIX=/home/johnma/ros2_ws/install/irobot_create_nodes
[0.080s] -- Found ament_cmake: 1.3.3 (/opt/ros/humble/share/ament_cmake/cmake)
[0.525s] -- Found angles: 1.15.0 (/opt/ros/humble/share/angles/cmake)
[0.563s] [31mCMake Error at CMakeLists.txt:15 (find_package):
[0.563s]   By not providing "Findcontrol_msgs.cmake" in CMAKE_MODULE_PATH this project
[0.564s]   has asked CMake to find a package configuration file provided by
[0.564s]   "control_msgs", but CMake did not find one.
[0.564s] 
[0.564s]   Could not find a package configuration file provided by "control_msgs" with
[0.564s]   any of the following names:
[0.564s] 
[0.564s]     control_msgsConfig.cmake
[0.564s]     control_msgs-config.cmake
[0.564s] 
[0.564s]   Add the installation prefix of "control_msgs" to CMAKE_PREFIX_PATH or set
[0.565s]   "control_msgs_DIR" to a directory containing one of the above files.  If
[0.565s]   "control_msgs" provides a separate development package or SDK, be sure it
[0.565s]   has been installed.
[0.565s] 
[0.565s] [0m
[0.565s] -- Configuring incomplete, errors occurred!
[0.565s] See also "/home/johnma/ros2_ws/build/irobot_create_nodes/CMakeFiles/CMakeOutput.log".
[0.572s] Invoked command in '/home/johnma/ros2_ws/build/irobot_create_nodes' returned '1': CMAKE_PREFIX_PATH=/home/johnma/ros2_ws/install/irobot_create_toolbox:/home/johnma/ros2_ws/src/udbot/install/udbot_viz:/home/johnma/ros2_ws/src/udbot/install/udbot_odom2tf:/home/johnma/ros2_ws/src/udbot/install/udbot_description:/home/johnma/ros2_ws/src/create3_sim/install/irobot_create_description:/home/johnma/ros2_ws/install/udbot_viz:/home/johnma/ros2_ws/install/udbot_description:/home/johnma/ros2_ws/install/irobot_create_ignition_plugins:/home/johnma/ros2_ws/install/irobot_create_description:/home/johnma/ros2_ws/install/irobot_create_control:/home/johnma/create3_examples_ws/install/create3_lidar:/home/johnma/create3_examples_ws/install/create3_coverage:/home/johnma/create3_examples_ws/install/create3_examples_msgs:/home/johnma/ros2_ws/src/qbert_py_laserfollow/install/qbert_py_laserfollow:/home/johnma/ros2_ws/install/qbert_py_movement:/home/johnma/ros2_ws/install/qbert_py_laserfollow:/home/johnma/ros2_ws/install/irobot_create_gazebo_plugins:/home/johnma/create3_examples_ws/install/create3_teleop:/home/johnma/create3_examples_ws/install/create3_examples_py:/opt/ros/humble /usr/bin/cmake /home/johnma/ros2_ws/src/create3_sim/irobot_create_common/irobot_create_nodes -DCMAKE_INSTALL_PREFIX=/home/johnma/ros2_ws/install/irobot_create_nodes
