-- The C compiler identification is GNU 11.3.0
-- The CXX compiler identification is GNU 11.3.0
-- Detecting C compiler ABI info
-- Detecting C compiler ABI info - done
-- Check for working C compiler: /usr/bin/cc - skipped
-- Detecting C compile features
-- Detecting C compile features - done
-- Detecting CXX compiler ABI info
-- Detecting CXX compiler ABI info - done
-- Check for working CXX compiler: /usr/bin/c++ - skipped
-- Detecting CXX compile features
-- Detecting CXX compile features - done
-- Found ament_cmake: 1.3.3 (/opt/ros/humble/share/ament_cmake/cmake)
-- Found Python3: /usr/bin/python3.10 (found version "3.10.6") found components: Interpreter 
[33mCMake Warning at CMakeLists.txt:19 (message):
  Ignition not found.  Skipping irobot_create_ignition_plugins package.

[0m
-- Configuring done
-- Generating done
-- Build files have been written to: /home/johnma/ros2_ws/build/irobot_create_ignition_plugins
-- Install configuration: ""
-- Installing: /home/johnma/ros2_ws/install/irobot_create_ignition_plugins/share/ament_index/resource_index/package_run_dependencies/irobot_create_ignition_plugins
-- Installing: /home/johnma/ros2_ws/install/irobot_create_ignition_plugins/share/ament_index/resource_index/parent_prefix_path/irobot_create_ignition_plugins
-- Installing: /home/johnma/ros2_ws/install/irobot_create_ignition_plugins/share/irobot_create_ignition_plugins/environment/ament_prefix_path.sh
-- Installing: /home/johnma/ros2_ws/install/irobot_create_ignition_plugins/share/irobot_create_ignition_plugins/environment/ament_prefix_path.dsv
-- Installing: /home/johnma/ros2_ws/install/irobot_create_ignition_plugins/share/irobot_create_ignition_plugins/environment/path.sh
-- Installing: /home/johnma/ros2_ws/install/irobot_create_ignition_plugins/share/irobot_create_ignition_plugins/environment/path.dsv
-- Installing: /home/johnma/ros2_ws/install/irobot_create_ignition_plugins/share/irobot_create_ignition_plugins/local_setup.bash
-- Installing: /home/johnma/ros2_ws/install/irobot_create_ignition_plugins/share/irobot_create_ignition_plugins/local_setup.sh
-- Installing: /home/johnma/ros2_ws/install/irobot_create_ignition_plugins/share/irobot_create_ignition_plugins/local_setup.zsh
-- Installing: /home/johnma/ros2_ws/install/irobot_create_ignition_plugins/share/irobot_create_ignition_plugins/local_setup.dsv
-- Installing: /home/johnma/ros2_ws/install/irobot_create_ignition_plugins/share/irobot_create_ignition_plugins/package.dsv
-- Installing: /home/johnma/ros2_ws/install/irobot_create_ignition_plugins/share/ament_index/resource_index/packages/irobot_create_ignition_plugins
-- Installing: /home/johnma/ros2_ws/install/irobot_create_ignition_plugins/share/irobot_create_ignition_plugins/cmake/irobot_create_ignition_pluginsConfig.cmake
-- Installing: /home/johnma/ros2_ws/install/irobot_create_ignition_plugins/share/irobot_create_ignition_plugins/cmake/irobot_create_ignition_pluginsConfig-version.cmake
-- Installing: /home/johnma/ros2_ws/install/irobot_create_ignition_plugins/share/irobot_create_ignition_plugins/package.xml
