[0.020s] Invoking command in '/home/johnma/ros2_ws/build/irobot_create_ignition_plugins': CMAKE_PREFIX_PATH=${CMAKE_PREFIX_PATH}:/home/johnma/ros2_ws/install/qbert_py_movement:/home/johnma/create3_examples_ws/install/create3_teleop:/home/johnma/create3_examples_ws/install/create3_examples_py:/opt/ros/humble /usr/bin/cmake /home/johnma/ros2_ws/src/create3_sim/irobot_create_ignition/irobot_create_ignition_plugins -DCMAKE_INSTALL_PREFIX=/home/johnma/ros2_ws/install/irobot_create_ignition_plugins
[0.131s] -- The C compiler identification is GNU 11.3.0
[0.228s] -- The CXX compiler identification is GNU 11.3.0
[0.235s] -- Detecting C compiler ABI info
[0.312s] -- Detecting C compiler ABI info - done
[0.315s] -- Check for working C compiler: /usr/bin/cc - skipped
[0.316s] -- Detecting C compile features
[0.316s] -- Detecting C compile features - done
[0.318s] -- Detecting CXX compiler ABI info
[0.394s] -- Detecting CXX compiler ABI info - done
[0.394s] -- Check for working CXX compiler: /usr/bin/c++ - skipped
[0.394s] -- Detecting CXX compile features
[0.394s] -- Detecting CXX compile features - done
[0.394s] -- Found ament_cmake: 1.3.3 (/opt/ros/humble/share/ament_cmake/cmake)
[0.512s] -- Found Python3: /usr/bin/python3.10 (found version "3.10.6") found components: Interpreter 
[0.598s] [33mCMake Warning at CMakeLists.txt:19 (message):
[0.598s]   Ignition not found.  Skipping irobot_create_ignition_plugins package.
[0.598s] 
[0.598s] [0m
[0.640s] -- Configuring done
[0.641s] -- Generating done
[0.642s] -- Build files have been written to: /home/johnma/ros2_ws/build/irobot_create_ignition_plugins
[0.649s] Invoked command in '/home/johnma/ros2_ws/build/irobot_create_ignition_plugins' returned '0': CMAKE_PREFIX_PATH=${CMAKE_PREFIX_PATH}:/home/johnma/ros2_ws/install/qbert_py_movement:/home/johnma/create3_examples_ws/install/create3_teleop:/home/johnma/create3_examples_ws/install/create3_examples_py:/opt/ros/humble /usr/bin/cmake /home/johnma/ros2_ws/src/create3_sim/irobot_create_ignition/irobot_create_ignition_plugins -DCMAKE_INSTALL_PREFIX=/home/johnma/ros2_ws/install/irobot_create_ignition_plugins
[0.649s] Invoking command in '/home/johnma/ros2_ws/build/irobot_create_ignition_plugins': CMAKE_PREFIX_PATH=${CMAKE_PREFIX_PATH}:/home/johnma/ros2_ws/install/qbert_py_movement:/home/johnma/create3_examples_ws/install/create3_teleop:/home/johnma/create3_examples_ws/install/create3_examples_py:/opt/ros/humble /usr/bin/cmake --build /home/johnma/ros2_ws/build/irobot_create_ignition_plugins -- -j4 -l4
[0.686s] Invoked command in '/home/johnma/ros2_ws/build/irobot_create_ignition_plugins' returned '0': CMAKE_PREFIX_PATH=${CMAKE_PREFIX_PATH}:/home/johnma/ros2_ws/install/qbert_py_movement:/home/johnma/create3_examples_ws/install/create3_teleop:/home/johnma/create3_examples_ws/install/create3_examples_py:/opt/ros/humble /usr/bin/cmake --build /home/johnma/ros2_ws/build/irobot_create_ignition_plugins -- -j4 -l4
[0.719s] Invoking command in '/home/johnma/ros2_ws/build/irobot_create_ignition_plugins': CMAKE_PREFIX_PATH=${CMAKE_PREFIX_PATH}:/home/johnma/ros2_ws/install/qbert_py_movement:/home/johnma/create3_examples_ws/install/create3_teleop:/home/johnma/create3_examples_ws/install/create3_examples_py:/opt/ros/humble /usr/bin/cmake --install /home/johnma/ros2_ws/build/irobot_create_ignition_plugins
[0.725s] -- Install configuration: ""
[0.725s] -- Installing: /home/johnma/ros2_ws/install/irobot_create_ignition_plugins/share/ament_index/resource_index/package_run_dependencies/irobot_create_ignition_plugins
[0.725s] -- Installing: /home/johnma/ros2_ws/install/irobot_create_ignition_plugins/share/ament_index/resource_index/parent_prefix_path/irobot_create_ignition_plugins
[0.725s] -- Installing: /home/johnma/ros2_ws/install/irobot_create_ignition_plugins/share/irobot_create_ignition_plugins/environment/ament_prefix_path.sh
[0.725s] -- Installing: /home/johnma/ros2_ws/install/irobot_create_ignition_plugins/share/irobot_create_ignition_plugins/environment/ament_prefix_path.dsv
[0.725s] -- Installing: /home/johnma/ros2_ws/install/irobot_create_ignition_plugins/share/irobot_create_ignition_plugins/environment/path.sh
[0.725s] -- Installing: /home/johnma/ros2_ws/install/irobot_create_ignition_plugins/share/irobot_create_ignition_plugins/environment/path.dsv
[0.725s] -- Installing: /home/johnma/ros2_ws/install/irobot_create_ignition_plugins/share/irobot_create_ignition_plugins/local_setup.bash
[0.725s] -- Installing: /home/johnma/ros2_ws/install/irobot_create_ignition_plugins/share/irobot_create_ignition_plugins/local_setup.sh
[0.725s] -- Installing: /home/johnma/ros2_ws/install/irobot_create_ignition_plugins/share/irobot_create_ignition_plugins/local_setup.zsh
[0.725s] -- Installing: /home/johnma/ros2_ws/install/irobot_create_ignition_plugins/share/irobot_create_ignition_plugins/local_setup.dsv
[0.726s] -- Installing: /home/johnma/ros2_ws/install/irobot_create_ignition_plugins/share/irobot_create_ignition_plugins/package.dsv
[0.726s] -- Installing: /home/johnma/ros2_ws/install/irobot_create_ignition_plugins/share/ament_index/resource_index/packages/irobot_create_ignition_plugins
[0.726s] -- Installing: /home/johnma/ros2_ws/install/irobot_create_ignition_plugins/share/irobot_create_ignition_plugins/cmake/irobot_create_ignition_pluginsConfig.cmake
[0.726s] -- Installing: /home/johnma/ros2_ws/install/irobot_create_ignition_plugins/share/irobot_create_ignition_plugins/cmake/irobot_create_ignition_pluginsConfig-version.cmake
[0.727s] -- Installing: /home/johnma/ros2_ws/install/irobot_create_ignition_plugins/share/irobot_create_ignition_plugins/package.xml
[0.741s] Invoked command in '/home/johnma/ros2_ws/build/irobot_create_ignition_plugins' returned '0': CMAKE_PREFIX_PATH=${CMAKE_PREFIX_PATH}:/home/johnma/ros2_ws/install/qbert_py_movement:/home/johnma/create3_examples_ws/install/create3_teleop:/home/johnma/create3_examples_ws/install/create3_examples_py:/opt/ros/humble /usr/bin/cmake --install /home/johnma/ros2_ws/build/irobot_create_ignition_plugins
