[0.563s] Invoking command in '/home/johnma/ros2_ws/src/qbert_py_movement': PYTHONPATH=/home/johnma/ros2_ws/build/qbert_py_movement/prefix_override:/home/johnma/ros2_ws/install/qbert_py_movement/lib/python3.10/site-packages:${PYTHONPATH} /usr/bin/python3 setup.py egg_info --egg-base ../../build/qbert_py_movement build --build-base /home/johnma/ros2_ws/build/qbert_py_movement/build install --record /home/johnma/ros2_ws/build/qbert_py_movement/install.log --single-version-externally-managed
[0.788s] running egg_info
[0.789s] writing ../../build/qbert_py_movement/qbert_py_movement.egg-info/PKG-INFO
[0.790s] writing dependency_links to ../../build/qbert_py_movement/qbert_py_movement.egg-info/dependency_links.txt
[0.790s] writing entry points to ../../build/qbert_py_movement/qbert_py_movement.egg-info/entry_points.txt
[0.790s] writing requirements to ../../build/qbert_py_movement/qbert_py_movement.egg-info/requires.txt
[0.790s] writing top-level names to ../../build/qbert_py_movement/qbert_py_movement.egg-info/top_level.txt
[0.792s] reading manifest file '../../build/qbert_py_movement/qbert_py_movement.egg-info/SOURCES.txt'
[0.794s] writing manifest file '../../build/qbert_py_movement/qbert_py_movement.egg-info/SOURCES.txt'
[0.794s] running build
[0.794s] running build_py
[0.794s] running install
[0.794s] /usr/lib/python3/dist-packages/setuptools/command/install.py:34: SetuptoolsDeprecationWarning: setup.py install is deprecated. Use build and pip and other standards-based tools.
[0.794s]   warnings.warn(
[0.795s] running install_lib
[0.797s] running install_data
[0.797s] running install_egg_info
[0.799s] removing '/home/johnma/ros2_ws/install/qbert_py_movement/lib/python3.10/site-packages/qbert_py_movement-0.0.0-py3.10.egg-info' (and everything under it)
[0.800s] Copying ../../build/qbert_py_movement/qbert_py_movement.egg-info to /home/johnma/ros2_ws/install/qbert_py_movement/lib/python3.10/site-packages/qbert_py_movement-0.0.0-py3.10.egg-info
[0.800s] running install_scripts
[0.823s] Installing listener script to /home/johnma/ros2_ws/install/qbert_py_movement/lib/qbert_py_movement
[0.823s] Installing talker script to /home/johnma/ros2_ws/install/qbert_py_movement/lib/qbert_py_movement
[0.824s] Installing wanderer script to /home/johnma/ros2_ws/install/qbert_py_movement/lib/qbert_py_movement
[0.824s] writing list of installed files to '/home/johnma/ros2_ws/build/qbert_py_movement/install.log'
[0.854s] Invoked command in '/home/johnma/ros2_ws/src/qbert_py_movement' returned '0': PYTHONPATH=/home/johnma/ros2_ws/build/qbert_py_movement/prefix_override:/home/johnma/ros2_ws/install/qbert_py_movement/lib/python3.10/site-packages:${PYTHONPATH} /usr/bin/python3 setup.py egg_info --egg-base ../../build/qbert_py_movement build --build-base /home/johnma/ros2_ws/build/qbert_py_movement/build install --record /home/johnma/ros2_ws/build/qbert_py_movement/install.log --single-version-externally-managed
