[0.847s] Invoking command in '/home/johnma/ros2_ws/src/qbert_py_movement': PYTHONPATH=/home/johnma/ros2_ws/src/qbert_py_movement/build/qbert_py_movement/prefix_override:/home/johnma/ros2_ws/src/qbert_py_movement/install/qbert_py_movement/lib/python3.10/site-packages:${PYTHONPATH} /usr/bin/python3 setup.py egg_info --egg-base build/qbert_py_movement build --build-base /home/johnma/ros2_ws/src/qbert_py_movement/build/qbert_py_movement/build install --record /home/johnma/ros2_ws/src/qbert_py_movement/build/qbert_py_movement/install.log --single-version-externally-managed
[1.150s] running egg_info
[1.151s] creating build/qbert_py_movement/qbert_py_movement.egg-info
[1.151s] writing build/qbert_py_movement/qbert_py_movement.egg-info/PKG-INFO
[1.151s] writing dependency_links to build/qbert_py_movement/qbert_py_movement.egg-info/dependency_links.txt
[1.152s] writing entry points to build/qbert_py_movement/qbert_py_movement.egg-info/entry_points.txt
[1.152s] writing requirements to build/qbert_py_movement/qbert_py_movement.egg-info/requires.txt
[1.152s] writing top-level names to build/qbert_py_movement/qbert_py_movement.egg-info/top_level.txt
[1.152s] writing manifest file 'build/qbert_py_movement/qbert_py_movement.egg-info/SOURCES.txt'
[1.154s] reading manifest file 'build/qbert_py_movement/qbert_py_movement.egg-info/SOURCES.txt'
[1.155s] writing manifest file 'build/qbert_py_movement/qbert_py_movement.egg-info/SOURCES.txt'
[1.155s] running build
[1.155s] running build_py
[1.155s] creating /home/johnma/ros2_ws/src/qbert_py_movement/build/qbert_py_movement/build
[1.155s] creating /home/johnma/ros2_ws/src/qbert_py_movement/build/qbert_py_movement/build/lib
[1.156s] creating /home/johnma/ros2_ws/src/qbert_py_movement/build/qbert_py_movement/build/lib/qbert_py_movement
[1.156s] copying qbert_py_movement/subscriber_member_function.py -> /home/johnma/ros2_ws/src/qbert_py_movement/build/qbert_py_movement/build/lib/qbert_py_movement
[1.157s] copying qbert_py_movement/wanderer.py -> /home/johnma/ros2_ws/src/qbert_py_movement/build/qbert_py_movement/build/lib/qbert_py_movement
[1.158s] copying qbert_py_movement/__init__.py -> /home/johnma/ros2_ws/src/qbert_py_movement/build/qbert_py_movement/build/lib/qbert_py_movement
[1.158s] copying qbert_py_movement/publisher_member_function.py -> /home/johnma/ros2_ws/src/qbert_py_movement/build/qbert_py_movement/build/lib/qbert_py_movement
[1.159s] copying qbert_py_movement/reactor.py -> /home/johnma/ros2_ws/src/qbert_py_movement/build/qbert_py_movement/build/lib/qbert_py_movement
[1.160s] running install
[1.160s] /usr/lib/python3/dist-packages/setuptools/command/install.py:34: SetuptoolsDeprecationWarning: setup.py install is deprecated. Use build and pip and other standards-based tools.
[1.160s]   warnings.warn(
[1.161s] running install_lib
[1.162s] creating /home/johnma/ros2_ws/src/qbert_py_movement/install/qbert_py_movement/lib/python3.10/site-packages/qbert_py_movement
[1.162s] copying /home/johnma/ros2_ws/src/qbert_py_movement/build/qbert_py_movement/build/lib/qbert_py_movement/subscriber_member_function.py -> /home/johnma/ros2_ws/src/qbert_py_movement/install/qbert_py_movement/lib/python3.10/site-packages/qbert_py_movement
[1.162s] copying /home/johnma/ros2_ws/src/qbert_py_movement/build/qbert_py_movement/build/lib/qbert_py_movement/wanderer.py -> /home/johnma/ros2_ws/src/qbert_py_movement/install/qbert_py_movement/lib/python3.10/site-packages/qbert_py_movement
[1.162s] copying /home/johnma/ros2_ws/src/qbert_py_movement/build/qbert_py_movement/build/lib/qbert_py_movement/__init__.py -> /home/johnma/ros2_ws/src/qbert_py_movement/install/qbert_py_movement/lib/python3.10/site-packages/qbert_py_movement
[1.162s] copying /home/johnma/ros2_ws/src/qbert_py_movement/build/qbert_py_movement/build/lib/qbert_py_movement/publisher_member_function.py -> /home/johnma/ros2_ws/src/qbert_py_movement/install/qbert_py_movement/lib/python3.10/site-packages/qbert_py_movement
[1.162s] copying /home/johnma/ros2_ws/src/qbert_py_movement/build/qbert_py_movement/build/lib/qbert_py_movement/reactor.py -> /home/johnma/ros2_ws/src/qbert_py_movement/install/qbert_py_movement/lib/python3.10/site-packages/qbert_py_movement
[1.163s] byte-compiling /home/johnma/ros2_ws/src/qbert_py_movement/install/qbert_py_movement/lib/python3.10/site-packages/qbert_py_movement/subscriber_member_function.py to subscriber_member_function.cpython-310.pyc
[1.163s] byte-compiling /home/johnma/ros2_ws/src/qbert_py_movement/install/qbert_py_movement/lib/python3.10/site-packages/qbert_py_movement/wanderer.py to wanderer.cpython-310.pyc
[1.166s] byte-compiling /home/johnma/ros2_ws/src/qbert_py_movement/install/qbert_py_movement/lib/python3.10/site-packages/qbert_py_movement/__init__.py to __init__.cpython-310.pyc
[1.166s] byte-compiling /home/johnma/ros2_ws/src/qbert_py_movement/install/qbert_py_movement/lib/python3.10/site-packages/qbert_py_movement/publisher_member_function.py to publisher_member_function.cpython-310.pyc
[1.167s] byte-compiling /home/johnma/ros2_ws/src/qbert_py_movement/install/qbert_py_movement/lib/python3.10/site-packages/qbert_py_movement/reactor.py to reactor.cpython-310.pyc
[1.168s] running install_data
[1.168s] creating /home/johnma/ros2_ws/src/qbert_py_movement/install/qbert_py_movement/share/ament_index
[1.169s] creating /home/johnma/ros2_ws/src/qbert_py_movement/install/qbert_py_movement/share/ament_index/resource_index
[1.169s] creating /home/johnma/ros2_ws/src/qbert_py_movement/install/qbert_py_movement/share/ament_index/resource_index/packages
[1.169s] copying resource/qbert_py_movement -> /home/johnma/ros2_ws/src/qbert_py_movement/install/qbert_py_movement/share/ament_index/resource_index/packages
[1.169s] copying package.xml -> /home/johnma/ros2_ws/src/qbert_py_movement/install/qbert_py_movement/share/qbert_py_movement
[1.169s] running install_egg_info
[1.171s] Copying build/qbert_py_movement/qbert_py_movement.egg-info to /home/johnma/ros2_ws/src/qbert_py_movement/install/qbert_py_movement/lib/python3.10/site-packages/qbert_py_movement-0.0.0-py3.10.egg-info
[1.172s] running install_scripts
[1.195s] Installing listener script to /home/johnma/ros2_ws/src/qbert_py_movement/install/qbert_py_movement/lib/qbert_py_movement
[1.195s] Installing reactor script to /home/johnma/ros2_ws/src/qbert_py_movement/install/qbert_py_movement/lib/qbert_py_movement
[1.195s] Installing talker script to /home/johnma/ros2_ws/src/qbert_py_movement/install/qbert_py_movement/lib/qbert_py_movement
[1.195s] Installing wanderer script to /home/johnma/ros2_ws/src/qbert_py_movement/install/qbert_py_movement/lib/qbert_py_movement
[1.196s] writing list of installed files to '/home/johnma/ros2_ws/src/qbert_py_movement/build/qbert_py_movement/install.log'
[1.222s] Invoked command in '/home/johnma/ros2_ws/src/qbert_py_movement' returned '0': PYTHONPATH=/home/johnma/ros2_ws/src/qbert_py_movement/build/qbert_py_movement/prefix_override:/home/johnma/ros2_ws/src/qbert_py_movement/install/qbert_py_movement/lib/python3.10/site-packages:${PYTHONPATH} /usr/bin/python3 setup.py egg_info --egg-base build/qbert_py_movement build --build-base /home/johnma/ros2_ws/src/qbert_py_movement/build/qbert_py_movement/build install --record /home/johnma/ros2_ws/src/qbert_py_movement/build/qbert_py_movement/install.log --single-version-externally-managed
