[0.049s] Invoking command in '/home/johnma/ros2_ws/build/udbot_description': CMAKE_PREFIX_PATH=${CMAKE_PREFIX_PATH}:/home/johnma/ros2_ws/install/qbert_py_movement:/home/johnma/create3_examples_ws/install/create3_teleop:/home/johnma/create3_examples_ws/install/create3_examples_py:/opt/ros/humble /usr/bin/cmake /home/johnma/ros2_ws/src/udbot/udbot_description -DCMAKE_INSTALL_PREFIX=/home/johnma/ros2_ws/install/udbot_description
[0.327s] -- The C compiler identification is GNU 11.3.0
[0.538s] -- The CXX compiler identification is GNU 11.3.0
[0.558s] -- Detecting C compiler ABI info
[0.734s] -- Detecting C compiler ABI info - done
[0.751s] -- Check for working C compiler: /usr/bin/cc - skipped
[0.752s] -- Detecting C compile features
[0.753s] -- Detecting C compile features - done
[0.758s] -- Detecting CXX compiler ABI info
[0.936s] -- Detecting CXX compiler ABI info - done
[0.945s] -- Check for working CXX compiler: /usr/bin/c++ - skipped
[0.945s] -- Detecting CXX compile features
[0.946s] -- Detecting CXX compile features - done
[0.962s] -- Found ament_cmake: 1.3.3 (/opt/ros/humble/share/ament_cmake/cmake)
[1.314s] -- Found Python3: /usr/bin/python3.10 (found version "3.10.6") found components: Interpreter 
[1.551s] -- Found urdf: 2.6.0 (/opt/ros/humble/share/urdf/cmake)
[1.697s] [31mCMake Error at CMakeLists.txt:21 (find_package):
[1.697s]   By not providing "Findirobot_create_description.cmake" in CMAKE_MODULE_PATH
[1.697s]   this project has asked CMake to find a package configuration file provided
[1.697s]   by "irobot_create_description", but CMake did not find one.
[1.697s] 
[1.697s]   Could not find a package configuration file provided by
[1.698s]   "irobot_create_description" with any of the following names:
[1.698s] 
[1.698s]     irobot_create_descriptionConfig.cmake
[1.698s]     irobot_create_description-config.cmake
[1.698s] 
[1.698s]   Add the installation prefix of "irobot_create_description" to
[1.698s]   CMAKE_PREFIX_PATH or set "irobot_create_description_DIR" to a directory
[1.698s]   containing one of the above files.  If "irobot_create_description" provides
[1.698s]   a separate development package or SDK, be sure it has been installed.
[1.698s] 
[1.698s] [0m
[1.699s] -- Configuring incomplete, errors occurred!
[1.699s] See also "/home/johnma/ros2_ws/build/udbot_description/CMakeFiles/CMakeOutput.log".
[1.704s] Invoked command in '/home/johnma/ros2_ws/build/udbot_description' returned '1': CMAKE_PREFIX_PATH=${CMAKE_PREFIX_PATH}:/home/johnma/ros2_ws/install/qbert_py_movement:/home/johnma/create3_examples_ws/install/create3_teleop:/home/johnma/create3_examples_ws/install/create3_examples_py:/opt/ros/humble /usr/bin/cmake /home/johnma/ros2_ws/src/udbot/udbot_description -DCMAKE_INSTALL_PREFIX=/home/johnma/ros2_ws/install/udbot_description
