/home/johnma/ros2_ws/install/qbert_py_movement/lib/python3.10/site-packages/qbert_py_movement/subscriber_member_function.py
/home/johnma/ros2_ws/install/qbert_py_movement/lib/python3.10/site-packages/qbert_py_movement/wanderer.py
/home/johnma/ros2_ws/install/qbert_py_movement/lib/python3.10/site-packages/qbert_py_movement/__init__.py
/home/johnma/ros2_ws/install/qbert_py_movement/lib/python3.10/site-packages/qbert_py_movement/publisher_member_function.py
/home/johnma/ros2_ws/install/qbert_py_movement/lib/python3.10/site-packages/qbert_py_movement/__pycache__/subscriber_member_function.cpython-310.pyc
/home/johnma/ros2_ws/install/qbert_py_movement/lib/python3.10/site-packages/qbert_py_movement/__pycache__/wanderer.cpython-310.pyc
/home/johnma/ros2_ws/install/qbert_py_movement/lib/python3.10/site-packages/qbert_py_movement/__pycache__/__init__.cpython-310.pyc
/home/johnma/ros2_ws/install/qbert_py_movement/lib/python3.10/site-packages/qbert_py_movement/__pycache__/publisher_member_function.cpython-310.pyc
/home/johnma/ros2_ws/install/qbert_py_movement/share/ament_index/resource_index/packages/qbert_py_movement
/home/johnma/ros2_ws/install/qbert_py_movement/share/qbert_py_movement/package.xml
/home/johnma/ros2_ws/install/qbert_py_movement/lib/python3.10/site-packages/qbert_py_movement-0.0.0-py3.10.egg-info/dependency_links.txt
/home/johnma/ros2_ws/install/qbert_py_movement/lib/python3.10/site-packages/qbert_py_movement-0.0.0-py3.10.egg-info/requires.txt
/home/johnma/ros2_ws/install/qbert_py_movement/lib/python3.10/site-packages/qbert_py_movement-0.0.0-py3.10.egg-info/zip-safe
/home/johnma/ros2_ws/install/qbert_py_movement/lib/python3.10/site-packages/qbert_py_movement-0.0.0-py3.10.egg-info/entry_points.txt
/home/johnma/ros2_ws/install/qbert_py_movement/lib/python3.10/site-packages/qbert_py_movement-0.0.0-py3.10.egg-info/top_level.txt
/home/johnma/ros2_ws/install/qbert_py_movement/lib/python3.10/site-packages/qbert_py_movement-0.0.0-py3.10.egg-info/SOURCES.txt
/home/johnma/ros2_ws/install/qbert_py_movement/lib/python3.10/site-packages/qbert_py_movement-0.0.0-py3.10.egg-info/PKG-INFO
/home/johnma/ros2_ws/install/qbert_py_movement/lib/qbert_py_movement/listener
/home/johnma/ros2_ws/install/qbert_py_movement/lib/qbert_py_movement/talker
/home/johnma/ros2_ws/install/qbert_py_movement/lib/qbert_py_movement/wanderer
