[0.397s] Invoking command in '/home/johnma/ros2_ws/build/udbot_description': CMAKE_PREFIX_PATH=/home/johnma/ros2_ws/install/irobot_create_description:/home/johnma/ros2_ws/src/udbot/install/udbot_viz:/home/johnma/ros2_ws/src/udbot/install/udbot_odom2tf:/home/johnma/ros2_ws/src/udbot/install/udbot_description:/home/johnma/ros2_ws/src/create3_sim/install/irobot_create_description:/home/johnma/ros2_ws/install/udbot_viz:/home/johnma/ros2_ws/install/udbot_description:/home/johnma/ros2_ws/install/irobot_create_toolbox:/home/johnma/ros2_ws/install/irobot_create_ignition_plugins:/home/johnma/ros2_ws/install/irobot_create_control:/home/johnma/create3_examples_ws/install/create3_lidar:/home/johnma/create3_examples_ws/install/create3_coverage:/home/johnma/create3_examples_ws/install/create3_examples_msgs:/home/johnma/ros2_ws/src/qbert_py_laserfollow/install/qbert_py_laserfollow:/home/johnma/ros2_ws/install/qbert_py_movement:/home/johnma/ros2_ws/install/qbert_py_laserfollow:/home/johnma/ros2_ws/install/irobot_create_gazebo_plugins:/home/johnma/create3_examples_ws/install/create3_teleop:/home/johnma/create3_examples_ws/install/create3_examples_py:/opt/ros/humble /usr/bin/cmake --build /home/johnma/ros2_ws/build/udbot_description -- -j4 -l4
[0.735s] Invoked command in '/home/johnma/ros2_ws/build/udbot_description' returned '0': CMAKE_PREFIX_PATH=/home/johnma/ros2_ws/install/irobot_create_description:/home/johnma/ros2_ws/src/udbot/install/udbot_viz:/home/johnma/ros2_ws/src/udbot/install/udbot_odom2tf:/home/johnma/ros2_ws/src/udbot/install/udbot_description:/home/johnma/ros2_ws/src/create3_sim/install/irobot_create_description:/home/johnma/ros2_ws/install/udbot_viz:/home/johnma/ros2_ws/install/udbot_description:/home/johnma/ros2_ws/install/irobot_create_toolbox:/home/johnma/ros2_ws/install/irobot_create_ignition_plugins:/home/johnma/ros2_ws/install/irobot_create_control:/home/johnma/create3_examples_ws/install/create3_lidar:/home/johnma/create3_examples_ws/install/create3_coverage:/home/johnma/create3_examples_ws/install/create3_examples_msgs:/home/johnma/ros2_ws/src/qbert_py_laserfollow/install/qbert_py_laserfollow:/home/johnma/ros2_ws/install/qbert_py_movement:/home/johnma/ros2_ws/install/qbert_py_laserfollow:/home/johnma/ros2_ws/install/irobot_create_gazebo_plugins:/home/johnma/create3_examples_ws/install/create3_teleop:/home/johnma/create3_examples_ws/install/create3_examples_py:/opt/ros/humble /usr/bin/cmake --build /home/johnma/ros2_ws/build/udbot_description -- -j4 -l4
[0.789s] Invoking command in '/home/johnma/ros2_ws/build/udbot_description': CMAKE_PREFIX_PATH=/home/johnma/ros2_ws/install/irobot_create_description:/home/johnma/ros2_ws/src/udbot/install/udbot_viz:/home/johnma/ros2_ws/src/udbot/install/udbot_odom2tf:/home/johnma/ros2_ws/src/udbot/install/udbot_description:/home/johnma/ros2_ws/src/create3_sim/install/irobot_create_description:/home/johnma/ros2_ws/install/udbot_viz:/home/johnma/ros2_ws/install/udbot_description:/home/johnma/ros2_ws/install/irobot_create_toolbox:/home/johnma/ros2_ws/install/irobot_create_ignition_plugins:/home/johnma/ros2_ws/install/irobot_create_control:/home/johnma/create3_examples_ws/install/create3_lidar:/home/johnma/create3_examples_ws/install/create3_coverage:/home/johnma/create3_examples_ws/install/create3_examples_msgs:/home/johnma/ros2_ws/src/qbert_py_laserfollow/install/qbert_py_laserfollow:/home/johnma/ros2_ws/install/qbert_py_movement:/home/johnma/ros2_ws/install/qbert_py_laserfollow:/home/johnma/ros2_ws/install/irobot_create_gazebo_plugins:/home/johnma/create3_examples_ws/install/create3_teleop:/home/johnma/create3_examples_ws/install/create3_examples_py:/opt/ros/humble /usr/bin/cmake --install /home/johnma/ros2_ws/build/udbot_description
[0.809s] -- Install configuration: ""
[0.810s] -- Up-to-date: /home/johnma/ros2_ws/install/udbot_description/share/udbot_description/launch
[0.812s] -- Up-to-date: /home/johnma/ros2_ws/install/udbot_description/share/udbot_description/launch/robot_description.launch.py
[0.812s] -- Up-to-date: /home/johnma/ros2_ws/install/udbot_description/share/udbot_description/meshes
[0.813s] -- Up-to-date: /home/johnma/ros2_ws/install/udbot_description/share/udbot_description/meshes/raspberry_pi_4b.dae
[0.813s] -- Up-to-date: /home/johnma/ros2_ws/install/udbot_description/share/udbot_description/meshes/realsense_mount.dae
[0.814s] -- Up-to-date: /home/johnma/ros2_ws/install/udbot_description/share/udbot_description/meshes/realsense.dae
[0.814s] -- Up-to-date: /home/johnma/ros2_ws/install/udbot_description/share/udbot_description/meshes/makerbeam_10cm.dae
[0.814s] -- Up-to-date: /home/johnma/ros2_ws/install/udbot_description/share/udbot_description/meshes/mast_mount.dae
[0.814s] -- Up-to-date: /home/johnma/ros2_ws/install/udbot_description/share/udbot_description/meshes/rplidar.dae
[0.814s] -- Up-to-date: /home/johnma/ros2_ws/install/udbot_description/share/udbot_description/urdf
[0.816s] -- Up-to-date: /home/johnma/ros2_ws/install/udbot_description/share/udbot_description/urdf/sensors
[0.818s] -- Up-to-date: /home/johnma/ros2_ws/install/udbot_description/share/udbot_description/urdf/sensors/camera_mast.urdf.xacro
[0.818s] -- Up-to-date: /home/johnma/ros2_ws/install/udbot_description/share/udbot_description/urdf/sensors/raspberry_pi.urdf.xacro
[0.818s] -- Up-to-date: /home/johnma/ros2_ws/install/udbot_description/share/udbot_description/urdf/sensors/rplidar.urdf.xacro
[0.818s] -- Up-to-date: /home/johnma/ros2_ws/install/udbot_description/share/udbot_description/urdf/sensors/realsense.urdf.xacro
[0.819s] -- Up-to-date: /home/johnma/ros2_ws/install/udbot_description/share/udbot_description/urdf/sensors/camera_mount.urdf.xacro
[0.819s] -- Up-to-date: /home/johnma/ros2_ws/install/udbot_description/share/udbot_description/urdf/ud
[0.820s] -- Up-to-date: /home/johnma/ros2_ws/install/udbot_description/share/udbot_description/urdf/ud/model.config
[0.828s] -- Up-to-date: /home/johnma/ros2_ws/install/udbot_description/share/udbot_description/urdf/ud/udbot.urdf.xacro
[0.829s] -- Up-to-date: /home/johnma/ros2_ws/install/udbot_description/share/ament_index/resource_index/package_run_dependencies/udbot_description
[0.830s] -- Up-to-date: /home/johnma/ros2_ws/install/udbot_description/share/ament_index/resource_index/parent_prefix_path/udbot_description
[0.830s] -- Up-to-date: /home/johnma/ros2_ws/install/udbot_description/share/udbot_description/environment/ament_prefix_path.sh
[0.830s] -- Up-to-date: /home/johnma/ros2_ws/install/udbot_description/share/udbot_description/environment/ament_prefix_path.dsv
[0.830s] -- Up-to-date: /home/johnma/ros2_ws/install/udbot_description/share/udbot_description/environment/path.sh
[0.830s] -- Up-to-date: /home/johnma/ros2_ws/install/udbot_description/share/udbot_description/environment/path.dsv
[0.831s] -- Up-to-date: /home/johnma/ros2_ws/install/udbot_description/share/udbot_description/local_setup.bash
[0.831s] -- Up-to-date: /home/johnma/ros2_ws/install/udbot_description/share/udbot_description/local_setup.sh
[0.831s] -- Up-to-date: /home/johnma/ros2_ws/install/udbot_description/share/udbot_description/local_setup.zsh
[0.832s] -- Up-to-date: /home/johnma/ros2_ws/install/udbot_description/share/udbot_description/local_setup.dsv
[0.832s] -- Installing: /home/johnma/ros2_ws/install/udbot_description/share/udbot_description/package.dsv
[0.836s] -- Up-to-date: /home/johnma/ros2_ws/install/udbot_description/share/ament_index/resource_index/packages/udbot_description
[0.836s] -- Up-to-date: /home/johnma/ros2_ws/install/udbot_description/share/udbot_description/cmake/udbot_descriptionConfig.cmake
[0.836s] -- Up-to-date: /home/johnma/ros2_ws/install/udbot_description/share/udbot_description/cmake/udbot_descriptionConfig-version.cmake
[0.836s] -- Up-to-date: /home/johnma/ros2_ws/install/udbot_description/share/udbot_description/package.xml
[0.852s] Invoked command in '/home/johnma/ros2_ws/build/udbot_description' returned '0': CMAKE_PREFIX_PATH=/home/johnma/ros2_ws/install/irobot_create_description:/home/johnma/ros2_ws/src/udbot/install/udbot_viz:/home/johnma/ros2_ws/src/udbot/install/udbot_odom2tf:/home/johnma/ros2_ws/src/udbot/install/udbot_description:/home/johnma/ros2_ws/src/create3_sim/install/irobot_create_description:/home/johnma/ros2_ws/install/udbot_viz:/home/johnma/ros2_ws/install/udbot_description:/home/johnma/ros2_ws/install/irobot_create_toolbox:/home/johnma/ros2_ws/install/irobot_create_ignition_plugins:/home/johnma/ros2_ws/install/irobot_create_control:/home/johnma/create3_examples_ws/install/create3_lidar:/home/johnma/create3_examples_ws/install/create3_coverage:/home/johnma/create3_examples_ws/install/create3_examples_msgs:/home/johnma/ros2_ws/src/qbert_py_laserfollow/install/qbert_py_laserfollow:/home/johnma/ros2_ws/install/qbert_py_movement:/home/johnma/ros2_ws/install/qbert_py_laserfollow:/home/johnma/ros2_ws/install/irobot_create_gazebo_plugins:/home/johnma/create3_examples_ws/install/create3_teleop:/home/johnma/create3_examples_ws/install/create3_examples_py:/opt/ros/humble /usr/bin/cmake --install /home/johnma/ros2_ws/build/udbot_description
