[0.899s] Invoking command in '/home/johnma/ros2_ws/src/qbert_py_laserfollow': PYTHONPATH=/home/johnma/ros2_ws/src/qbert_py_laserfollow/build/qbert_py_laserfollow/prefix_override:/home/johnma/ros2_ws/src/qbert_py_laserfollow/install/qbert_py_laserfollow/lib/python3.10/site-packages:${PYTHONPATH} /usr/bin/python3 setup.py egg_info --egg-base build/qbert_py_laserfollow build --build-base /home/johnma/ros2_ws/src/qbert_py_laserfollow/build/qbert_py_laserfollow/build install --record /home/johnma/ros2_ws/src/qbert_py_laserfollow/build/qbert_py_laserfollow/install.log --single-version-externally-managed
[1.155s] running egg_info
[1.156s] writing build/qbert_py_laserfollow/qbert_py_laserfollow.egg-info/PKG-INFO
[1.158s] writing dependency_links to build/qbert_py_laserfollow/qbert_py_laserfollow.egg-info/dependency_links.txt
[1.158s] writing entry points to build/qbert_py_laserfollow/qbert_py_laserfollow.egg-info/entry_points.txt
[1.158s] writing requirements to build/qbert_py_laserfollow/qbert_py_laserfollow.egg-info/requires.txt
[1.159s] writing top-level names to build/qbert_py_laserfollow/qbert_py_laserfollow.egg-info/top_level.txt
[1.162s] reading manifest file 'build/qbert_py_laserfollow/qbert_py_laserfollow.egg-info/SOURCES.txt'
[1.164s] writing manifest file 'build/qbert_py_laserfollow/qbert_py_laserfollow.egg-info/SOURCES.txt'
[1.164s] running build
[1.164s] running build_py
[1.165s] copying qbert_py_laserfollow/laserfollow.py -> /home/johnma/ros2_ws/src/qbert_py_laserfollow/build/qbert_py_laserfollow/build/lib/qbert_py_laserfollow
[1.166s] running install
[1.167s] /usr/lib/python3/dist-packages/setuptools/command/install.py:34: SetuptoolsDeprecationWarning: setup.py install is deprecated. Use build and pip and other standards-based tools.
[1.168s]   warnings.warn(
[1.168s] running install_lib
[1.168s] copying /home/johnma/ros2_ws/src/qbert_py_laserfollow/build/qbert_py_laserfollow/build/lib/qbert_py_laserfollow/laserfollow.py -> /home/johnma/ros2_ws/src/qbert_py_laserfollow/install/qbert_py_laserfollow/lib/python3.10/site-packages/qbert_py_laserfollow
[1.169s] byte-compiling /home/johnma/ros2_ws/src/qbert_py_laserfollow/install/qbert_py_laserfollow/lib/python3.10/site-packages/qbert_py_laserfollow/laserfollow.py to laserfollow.cpython-310.pyc
[1.170s] running install_data
[1.170s] running install_egg_info
[1.172s] removing '/home/johnma/ros2_ws/src/qbert_py_laserfollow/install/qbert_py_laserfollow/lib/python3.10/site-packages/qbert_py_laserfollow-0.0.0-py3.10.egg-info' (and everything under it)
[1.172s] Copying build/qbert_py_laserfollow/qbert_py_laserfollow.egg-info to /home/johnma/ros2_ws/src/qbert_py_laserfollow/install/qbert_py_laserfollow/lib/python3.10/site-packages/qbert_py_laserfollow-0.0.0-py3.10.egg-info
[1.174s] running install_scripts
[1.197s] Installing laserfollow script to /home/johnma/ros2_ws/src/qbert_py_laserfollow/install/qbert_py_laserfollow/lib/qbert_py_laserfollow
[1.198s] writing list of installed files to '/home/johnma/ros2_ws/src/qbert_py_laserfollow/build/qbert_py_laserfollow/install.log'
[1.229s] Invoked command in '/home/johnma/ros2_ws/src/qbert_py_laserfollow' returned '0': PYTHONPATH=/home/johnma/ros2_ws/src/qbert_py_laserfollow/build/qbert_py_laserfollow/prefix_override:/home/johnma/ros2_ws/src/qbert_py_laserfollow/install/qbert_py_laserfollow/lib/python3.10/site-packages:${PYTHONPATH} /usr/bin/python3 setup.py egg_info --egg-base build/qbert_py_laserfollow build --build-base /home/johnma/ros2_ws/src/qbert_py_laserfollow/build/qbert_py_laserfollow/build install --record /home/johnma/ros2_ws/src/qbert_py_laserfollow/build/qbert_py_laserfollow/install.log --single-version-externally-managed
