[0.031s] Invoking command in '/home/johnma/ros2_ws/build/irobot_create_nodes': AMENT_PREFIX_PATH=/home/johnma/ros2_ws/install/irobot_create_toolbox:${AMENT_PREFIX_PATH} CMAKE_PREFIX_PATH=/home/johnma/ros2_ws/install/irobot_create_toolbox:/home/johnma/ros2_ws/install/turtlesim:/home/johnma/create3_examples_ws/install/create3_lidar:/home/johnma/create3_examples_ws/install/create3_coverage:/home/johnma/create3_examples_ws/install/create3_examples_msgs:/home/johnma/ros2_ws/install/qbert_py_movement:/home/johnma/create3_examples_ws/install/create3_teleop:/home/johnma/create3_examples_ws/install/create3_examples_py:/opt/ros/humble LD_LIBRARY_PATH=/home/johnma/ros2_ws/install/irobot_create_toolbox/lib:${LD_LIBRARY_PATH} /usr/bin/cmake /home/johnma/ros2_ws/src/create3_sim/irobot_create_common/irobot_create_nodes -DCMAKE_INSTALL_PREFIX=/home/johnma/ros2_ws/install/irobot_create_nodes
[0.153s] -- The C compiler identification is GNU 11.3.0
[0.299s] -- The CXX compiler identification is GNU 11.3.0
[0.330s] -- Detecting C compiler ABI info
[0.580s] -- Detecting C compiler ABI info - done
[0.584s] -- Check for working C compiler: /usr/bin/cc - skipped
[0.585s] -- Detecting C compile features
[0.586s] -- Detecting C compile features - done
[0.592s] -- Detecting CXX compiler ABI info
[0.795s] -- Detecting CXX compiler ABI info - done
[0.811s] -- Check for working CXX compiler: /usr/bin/c++ - skipped
[0.811s] -- Detecting CXX compile features
[0.813s] -- Detecting CXX compile features - done
[0.819s] -- Found ament_cmake: 1.3.3 (/opt/ros/humble/share/ament_cmake/cmake)
[1.261s] -- Found Python3: /usr/bin/python3.10 (found version "3.10.6") found components: Interpreter 
[1.533s] -- Found angles: 1.15.0 (/opt/ros/humble/share/angles/cmake)
[1.564s] [31mCMake Error at CMakeLists.txt:15 (find_package):
[1.564s]   By not providing "Findcontrol_msgs.cmake" in CMAKE_MODULE_PATH this project
[1.565s]   has asked CMake to find a package configuration file provided by
[1.565s]   "control_msgs", but CMake did not find one.
[1.565s] 
[1.565s]   Could not find a package configuration file provided by "control_msgs" with
[1.565s]   any of the following names:
[1.565s] 
[1.565s]     control_msgsConfig.cmake
[1.565s]     control_msgs-config.cmake
[1.565s] 
[1.565s]   Add the installation prefix of "control_msgs" to CMAKE_PREFIX_PATH or set
[1.565s]   "control_msgs_DIR" to a directory containing one of the above files.  If
[1.566s]   "control_msgs" provides a separate development package or SDK, be sure it
[1.566s]   has been installed.
[1.566s] 
[1.566s] [0m
[1.566s] -- Configuring incomplete, errors occurred!
[1.566s] See also "/home/johnma/ros2_ws/build/irobot_create_nodes/CMakeFiles/CMakeOutput.log".
[1.576s] Invoked command in '/home/johnma/ros2_ws/build/irobot_create_nodes' returned '1': AMENT_PREFIX_PATH=/home/johnma/ros2_ws/install/irobot_create_toolbox:${AMENT_PREFIX_PATH} CMAKE_PREFIX_PATH=/home/johnma/ros2_ws/install/irobot_create_toolbox:/home/johnma/ros2_ws/install/turtlesim:/home/johnma/create3_examples_ws/install/create3_lidar:/home/johnma/create3_examples_ws/install/create3_coverage:/home/johnma/create3_examples_ws/install/create3_examples_msgs:/home/johnma/ros2_ws/install/qbert_py_movement:/home/johnma/create3_examples_ws/install/create3_teleop:/home/johnma/create3_examples_ws/install/create3_examples_py:/opt/ros/humble LD_LIBRARY_PATH=/home/johnma/ros2_ws/install/irobot_create_toolbox/lib:${LD_LIBRARY_PATH} /usr/bin/cmake /home/johnma/ros2_ws/src/create3_sim/irobot_create_common/irobot_create_nodes -DCMAKE_INSTALL_PREFIX=/home/johnma/ros2_ws/install/irobot_create_nodes
