running egg_info
writing build/qbert_py_movement/qbert_py_movement.egg-info/PKG-INFO
writing dependency_links to build/qbert_py_movement/qbert_py_movement.egg-info/dependency_links.txt
writing entry points to build/qbert_py_movement/qbert_py_movement.egg-info/entry_points.txt
writing requirements to build/qbert_py_movement/qbert_py_movement.egg-info/requires.txt
writing top-level names to build/qbert_py_movement/qbert_py_movement.egg-info/top_level.txt
reading manifest file 'build/qbert_py_movement/qbert_py_movement.egg-info/SOURCES.txt'
writing manifest file 'build/qbert_py_movement/qbert_py_movement.egg-info/SOURCES.txt'
running build
running build_py
copying qbert_py_movement/reactor.py -> /home/johnma/ros2_ws/src/qbert_py_movement/build/qbert_py_movement/build/lib/qbert_py_movement
running install
/usr/lib/python3/dist-packages/setuptools/command/install.py:34: SetuptoolsDeprecationWarning: setup.py install is deprecated. Use build and pip and other standards-based tools.
  warnings.warn(
running install_lib
copying /home/johnma/ros2_ws/src/qbert_py_movement/build/qbert_py_movement/build/lib/qbert_py_movement/reactor.py -> /home/johnma/ros2_ws/src/qbert_py_movement/install/qbert_py_movement/lib/python3.10/site-packages/qbert_py_movement
byte-compiling /home/johnma/ros2_ws/src/qbert_py_movement/install/qbert_py_movement/lib/python3.10/site-packages/qbert_py_movement/reactor.py to reactor.cpython-310.pyc
running install_data
running install_egg_info
removing '/home/johnma/ros2_ws/src/qbert_py_movement/install/qbert_py_movement/lib/python3.10/site-packages/qbert_py_movement-0.0.0-py3.10.egg-info' (and everything under it)
Copying build/qbert_py_movement/qbert_py_movement.egg-info to /home/johnma/ros2_ws/src/qbert_py_movement/install/qbert_py_movement/lib/python3.10/site-packages/qbert_py_movement-0.0.0-py3.10.egg-info
running install_scripts
Installing listener script to /home/johnma/ros2_ws/src/qbert_py_movement/install/qbert_py_movement/lib/qbert_py_movement
Installing reactor script to /home/johnma/ros2_ws/src/qbert_py_movement/install/qbert_py_movement/lib/qbert_py_movement
Installing talker script to /home/johnma/ros2_ws/src/qbert_py_movement/install/qbert_py_movement/lib/qbert_py_movement
Installing wanderer script to /home/johnma/ros2_ws/src/qbert_py_movement/install/qbert_py_movement/lib/qbert_py_movement
writing list of installed files to '/home/johnma/ros2_ws/src/qbert_py_movement/build/qbert_py_movement/install.log'
