[0.014s] Invoking command in '/home/johnma/ros2_ws/build/udbot_odom2tf': CMAKE_PREFIX_PATH=${CMAKE_PREFIX_PATH}:/home/johnma/ros2_ws/install/qbert_py_movement:/home/johnma/create3_examples_ws/install/create3_teleop:/home/johnma/create3_examples_ws/install/create3_examples_py:/opt/ros/humble /usr/bin/cmake /home/johnma/ros2_ws/src/udbot/udbot_odom2tf -DCMAKE_INSTALL_PREFIX=/home/johnma/ros2_ws/install/udbot_odom2tf
[0.069s] -- The C compiler identification is GNU 11.3.0
[0.120s] -- The CXX compiler identification is GNU 11.3.0
[0.125s] -- Detecting C compiler ABI info
[0.205s] -- Detecting C compiler ABI info - done
[0.205s] -- Check for working C compiler: /usr/bin/cc - skipped
[0.206s] -- Detecting C compile features
[0.206s] -- Detecting C compile features - done
[0.208s] -- Detecting CXX compiler ABI info
[0.284s] -- Detecting CXX compiler ABI info - done
[0.290s] -- Check for working CXX compiler: /usr/bin/c++ - skipped
[0.291s] -- Detecting CXX compile features
[0.291s] -- Detecting CXX compile features - done
[0.294s] -- Found ament_cmake: 1.3.3 (/opt/ros/humble/share/ament_cmake/cmake)
[0.422s] -- Found Python3: /usr/bin/python3.10 (found version "3.10.6") found components: Interpreter 
[0.492s] -- Found rclcpp: 16.0.3 (/opt/ros/humble/share/rclcpp/cmake)
[0.540s] -- Found rosidl_generator_c: 3.1.4 (/opt/ros/humble/share/rosidl_generator_c/cmake)
[0.546s] -- Found rosidl_adapter: 3.1.4 (/opt/ros/humble/share/rosidl_adapter/cmake)
[0.554s] -- Found rosidl_generator_cpp: 3.1.4 (/opt/ros/humble/share/rosidl_generator_cpp/cmake)
[0.567s] -- Using all available rosidl_typesupport_c: rosidl_typesupport_fastrtps_c;rosidl_typesupport_introspection_c
[0.586s] -- Using all available rosidl_typesupport_cpp: rosidl_typesupport_fastrtps_cpp;rosidl_typesupport_introspection_cpp
[0.650s] -- Found rmw_implementation_cmake: 6.1.1 (/opt/ros/humble/share/rmw_implementation_cmake/cmake)
[0.653s] -- Found rmw_fastrtps_cpp: 6.2.2 (/opt/ros/humble/share/rmw_fastrtps_cpp/cmake)
[0.770s] -- Found OpenSSL: /usr/lib/aarch64-linux-gnu/libcrypto.so (found version "3.0.2")  
[0.792s] -- Found FastRTPS: /opt/ros/humble/include  
[0.834s] -- Using RMW implementation 'rmw_fastrtps_cpp' as default
[0.843s] -- Looking for pthread.h
[0.911s] -- Looking for pthread.h - found
[0.912s] -- Performing Test CMAKE_HAVE_LIBC_PTHREAD
[0.989s] -- Performing Test CMAKE_HAVE_LIBC_PTHREAD - Success
[0.990s] -- Found Threads: TRUE  
[1.138s] -- Found nav_msgs: 4.2.3 (/opt/ros/humble/share/nav_msgs/cmake)
[1.248s] -- Found tf2_msgs: 0.25.2 (/opt/ros/humble/share/tf2_msgs/cmake)
[1.378s] -- Found tf2_ros: 0.25.2 (/opt/ros/humble/share/tf2_ros/cmake)
[1.568s] -- Configuring done
[1.576s] -- Generating done
[1.577s] -- Build files have been written to: /home/johnma/ros2_ws/build/udbot_odom2tf
[1.588s] Invoked command in '/home/johnma/ros2_ws/build/udbot_odom2tf' returned '0': CMAKE_PREFIX_PATH=${CMAKE_PREFIX_PATH}:/home/johnma/ros2_ws/install/qbert_py_movement:/home/johnma/create3_examples_ws/install/create3_teleop:/home/johnma/create3_examples_ws/install/create3_examples_py:/opt/ros/humble /usr/bin/cmake /home/johnma/ros2_ws/src/udbot/udbot_odom2tf -DCMAKE_INSTALL_PREFIX=/home/johnma/ros2_ws/install/udbot_odom2tf
[1.588s] Invoking command in '/home/johnma/ros2_ws/build/udbot_odom2tf': CMAKE_PREFIX_PATH=${CMAKE_PREFIX_PATH}:/home/johnma/ros2_ws/install/qbert_py_movement:/home/johnma/create3_examples_ws/install/create3_teleop:/home/johnma/create3_examples_ws/install/create3_examples_py:/opt/ros/humble /usr/bin/cmake --build /home/johnma/ros2_ws/build/udbot_odom2tf -- -j4 -l4
[1.629s] [ 50%] [32mBuilding CXX object CMakeFiles/udbot_odom2tf.dir/src/udbot_odom2tf.cpp.o[0m
[6.344s] [100%] [32m[1mLinking CXX executable udbot_odom2tf[0m
[6.620s] [100%] Built target udbot_odom2tf
