[0.558s] Invoking command in '/home/johnma/ros2_ws/src/qbert_py_movement': PYTHONPATH=/home/johnma/ros2_ws/build/qbert_py_movement/prefix_override:/home/johnma/ros2_ws/install/qbert_py_movement/lib/python3.10/site-packages:${PYTHONPATH} /usr/bin/python3 setup.py egg_info --egg-base ../../build/qbert_py_movement build --build-base /home/johnma/ros2_ws/build/qbert_py_movement/build install --record /home/johnma/ros2_ws/build/qbert_py_movement/install.log --single-version-externally-managed
[0.757s] running egg_info
[0.758s] creating ../../build/qbert_py_movement/qbert_py_movement.egg-info
[0.758s] writing ../../build/qbert_py_movement/qbert_py_movement.egg-info/PKG-INFO
[0.758s] writing dependency_links to ../../build/qbert_py_movement/qbert_py_movement.egg-info/dependency_links.txt
[0.758s] writing entry points to ../../build/qbert_py_movement/qbert_py_movement.egg-info/entry_points.txt
[0.758s] writing requirements to ../../build/qbert_py_movement/qbert_py_movement.egg-info/requires.txt
[0.758s] writing top-level names to ../../build/qbert_py_movement/qbert_py_movement.egg-info/top_level.txt
[0.759s] writing manifest file '../../build/qbert_py_movement/qbert_py_movement.egg-info/SOURCES.txt'
[0.760s] reading manifest file '../../build/qbert_py_movement/qbert_py_movement.egg-info/SOURCES.txt'
[0.760s] writing manifest file '../../build/qbert_py_movement/qbert_py_movement.egg-info/SOURCES.txt'
[0.760s] running build
[0.760s] running build_py
[0.761s] creating /home/johnma/ros2_ws/build/qbert_py_movement/build
[0.761s] creating /home/johnma/ros2_ws/build/qbert_py_movement/build/lib
[0.761s] creating /home/johnma/ros2_ws/build/qbert_py_movement/build/lib/qbert_py_movement
[0.761s] copying qbert_py_movement/subscriber_member_function.py -> /home/johnma/ros2_ws/build/qbert_py_movement/build/lib/qbert_py_movement
[0.761s] copying qbert_py_movement/__init__.py -> /home/johnma/ros2_ws/build/qbert_py_movement/build/lib/qbert_py_movement
[0.761s] copying qbert_py_movement/publisher_member_function.py -> /home/johnma/ros2_ws/build/qbert_py_movement/build/lib/qbert_py_movement
[0.761s] running install
[0.762s] /usr/lib/python3/dist-packages/setuptools/command/install.py:34: SetuptoolsDeprecationWarning: setup.py install is deprecated. Use build and pip and other standards-based tools.
[0.762s]   warnings.warn(
[0.762s] running install_lib
[0.763s] creating /home/johnma/ros2_ws/install/qbert_py_movement/lib/python3.10/site-packages/qbert_py_movement
[0.764s] copying /home/johnma/ros2_ws/build/qbert_py_movement/build/lib/qbert_py_movement/subscriber_member_function.py -> /home/johnma/ros2_ws/install/qbert_py_movement/lib/python3.10/site-packages/qbert_py_movement
[0.764s] copying /home/johnma/ros2_ws/build/qbert_py_movement/build/lib/qbert_py_movement/__init__.py -> /home/johnma/ros2_ws/install/qbert_py_movement/lib/python3.10/site-packages/qbert_py_movement
[0.764s] copying /home/johnma/ros2_ws/build/qbert_py_movement/build/lib/qbert_py_movement/publisher_member_function.py -> /home/johnma/ros2_ws/install/qbert_py_movement/lib/python3.10/site-packages/qbert_py_movement
[0.764s] byte-compiling /home/johnma/ros2_ws/install/qbert_py_movement/lib/python3.10/site-packages/qbert_py_movement/subscriber_member_function.py to subscriber_member_function.cpython-310.pyc
[0.764s] byte-compiling /home/johnma/ros2_ws/install/qbert_py_movement/lib/python3.10/site-packages/qbert_py_movement/__init__.py to __init__.cpython-310.pyc
[0.765s] byte-compiling /home/johnma/ros2_ws/install/qbert_py_movement/lib/python3.10/site-packages/qbert_py_movement/publisher_member_function.py to publisher_member_function.cpython-310.pyc
[0.765s] running install_data
[0.765s] creating /home/johnma/ros2_ws/install/qbert_py_movement/share/ament_index
[0.765s] creating /home/johnma/ros2_ws/install/qbert_py_movement/share/ament_index/resource_index
[0.766s] creating /home/johnma/ros2_ws/install/qbert_py_movement/share/ament_index/resource_index/packages
[0.766s] copying resource/qbert_py_movement -> /home/johnma/ros2_ws/install/qbert_py_movement/share/ament_index/resource_index/packages
[0.766s] copying package.xml -> /home/johnma/ros2_ws/install/qbert_py_movement/share/qbert_py_movement
[0.766s] running install_egg_info
[0.767s] Copying ../../build/qbert_py_movement/qbert_py_movement.egg-info to /home/johnma/ros2_ws/install/qbert_py_movement/lib/python3.10/site-packages/qbert_py_movement-0.0.0-py3.10.egg-info
[0.768s] running install_scripts
[0.785s] Installing listener script to /home/johnma/ros2_ws/install/qbert_py_movement/lib/qbert_py_movement
[0.785s] Installing talker script to /home/johnma/ros2_ws/install/qbert_py_movement/lib/qbert_py_movement
[0.785s] writing list of installed files to '/home/johnma/ros2_ws/build/qbert_py_movement/install.log'
[0.805s] Invoked command in '/home/johnma/ros2_ws/src/qbert_py_movement' returned '0': PYTHONPATH=/home/johnma/ros2_ws/build/qbert_py_movement/prefix_override:/home/johnma/ros2_ws/install/qbert_py_movement/lib/python3.10/site-packages:${PYTHONPATH} /usr/bin/python3 setup.py egg_info --egg-base ../../build/qbert_py_movement build --build-base /home/johnma/ros2_ws/build/qbert_py_movement/build install --record /home/johnma/ros2_ws/build/qbert_py_movement/install.log --single-version-externally-managed
