[0.492s] Invoking command in '/home/johnma/ros2_ws/src/qbert_py_movement': PYTHONPATH=/home/johnma/ros2_ws/src/qbert_py_movement/build/qbert_py_movement/prefix_override:/home/johnma/ros2_ws/src/qbert_py_movement/install/qbert_py_movement/lib/python3.10/site-packages:${PYTHONPATH} /usr/bin/python3 setup.py egg_info --egg-base build/qbert_py_movement build --build-base /home/johnma/ros2_ws/src/qbert_py_movement/build/qbert_py_movement/build install --record /home/johnma/ros2_ws/src/qbert_py_movement/build/qbert_py_movement/install.log --single-version-externally-managed
[0.637s] running egg_info
[0.638s] writing build/qbert_py_movement/qbert_py_movement.egg-info/PKG-INFO
[0.638s] writing dependency_links to build/qbert_py_movement/qbert_py_movement.egg-info/dependency_links.txt
[0.638s] writing entry points to build/qbert_py_movement/qbert_py_movement.egg-info/entry_points.txt
[0.638s] writing requirements to build/qbert_py_movement/qbert_py_movement.egg-info/requires.txt
[0.638s] writing top-level names to build/qbert_py_movement/qbert_py_movement.egg-info/top_level.txt
[0.639s] reading manifest file 'build/qbert_py_movement/qbert_py_movement.egg-info/SOURCES.txt'
[0.640s] writing manifest file 'build/qbert_py_movement/qbert_py_movement.egg-info/SOURCES.txt'
[0.640s] running build
[0.640s] running build_py
[0.640s] copying qbert_py_movement/wanderer.py -> /home/johnma/ros2_ws/src/qbert_py_movement/build/qbert_py_movement/build/lib/qbert_py_movement
[0.641s] running install
[0.641s] /usr/lib/python3/dist-packages/setuptools/command/install.py:34: SetuptoolsDeprecationWarning: setup.py install is deprecated. Use build and pip and other standards-based tools.
[0.641s]   warnings.warn(
[0.641s] running install_lib
[0.642s] copying /home/johnma/ros2_ws/src/qbert_py_movement/build/qbert_py_movement/build/lib/qbert_py_movement/wanderer.py -> /home/johnma/ros2_ws/src/qbert_py_movement/install/qbert_py_movement/lib/python3.10/site-packages/qbert_py_movement
[0.642s] byte-compiling /home/johnma/ros2_ws/src/qbert_py_movement/install/qbert_py_movement/lib/python3.10/site-packages/qbert_py_movement/wanderer.py to wanderer.cpython-310.pyc
[0.643s] running install_data
[0.644s] running install_egg_info
[0.645s] removing '/home/johnma/ros2_ws/src/qbert_py_movement/install/qbert_py_movement/lib/python3.10/site-packages/qbert_py_movement-0.0.0-py3.10.egg-info' (and everything under it)
[0.645s] Copying build/qbert_py_movement/qbert_py_movement.egg-info to /home/johnma/ros2_ws/src/qbert_py_movement/install/qbert_py_movement/lib/python3.10/site-packages/qbert_py_movement-0.0.0-py3.10.egg-info
[0.646s] running install_scripts
[0.658s] Installing listener script to /home/johnma/ros2_ws/src/qbert_py_movement/install/qbert_py_movement/lib/qbert_py_movement
[0.659s] Installing reactor script to /home/johnma/ros2_ws/src/qbert_py_movement/install/qbert_py_movement/lib/qbert_py_movement
[0.659s] Installing talker script to /home/johnma/ros2_ws/src/qbert_py_movement/install/qbert_py_movement/lib/qbert_py_movement
[0.659s] Installing wanderer script to /home/johnma/ros2_ws/src/qbert_py_movement/install/qbert_py_movement/lib/qbert_py_movement
[0.659s] writing list of installed files to '/home/johnma/ros2_ws/src/qbert_py_movement/build/qbert_py_movement/install.log'
[0.682s] Invoked command in '/home/johnma/ros2_ws/src/qbert_py_movement' returned '0': PYTHONPATH=/home/johnma/ros2_ws/src/qbert_py_movement/build/qbert_py_movement/prefix_override:/home/johnma/ros2_ws/src/qbert_py_movement/install/qbert_py_movement/lib/python3.10/site-packages:${PYTHONPATH} /usr/bin/python3 setup.py egg_info --egg-base build/qbert_py_movement build --build-base /home/johnma/ros2_ws/src/qbert_py_movement/build/qbert_py_movement/build install --record /home/johnma/ros2_ws/src/qbert_py_movement/build/qbert_py_movement/install.log --single-version-externally-managed
